<?xml version="1.0" encoding="UTF-8" standalone="no"?><testsuite errors="1" failures="0" name="As a user i have be able to success login" skipped="0" tests="1" time="10.82" timestamp="2023-04-17 02:29:13"><testcase name="as user i want to input valid to then i can see success login"><error message="Step [user on home page] is defined with 1 parameters at 'starter.stepdefinitions.LoginSteps.userOnHomePage(java.lang.String)'.&#10;However, the gherkin step has 0 arguments.&#10;Step text: user on home page" type="io.cucumber.core.exception.CucumberException">Step [user on home page] is defined with 1 parameters at 'starter.stepdefinitions.LoginSteps.userOnHomePage(java.lang.String)'.
However, the gherkin step has 0 arguments.
Step text: user on home page</error><system-err>Step [user on home page] is defined with 1 parameters at 'starter.stepdefinitions.LoginSteps.userOnHomePage(java.lang.String)'.
However, the gherkin step has 0 arguments.
Step text: user on home page&#13;
io.cucumber.core.runner.PickleStepDefinitionMatch.arityMismatch(PickleStepDefinitionMatch.java:83)&#13;
io.cucumber.core.runner.PickleStepDefinitionMatch.runStep(PickleStepDefinitionMatch.java:42)&#13;
io.cucumber.core.runner.TestStep.executeStep(TestStep.java:84)&#13;
io.cucumber.core.runner.TestStep.run(TestStep.java:56)&#13;
io.cucumber.core.runner.PickleStepTestStep.run(PickleStepTestStep.java:51)&#13;
io.cucumber.core.runner.TestCase.run(TestCase.java:84)&#13;
io.cucumber.core.runner.Runner.runPickle(Runner.java:75)&#13;
io.cucumber.core.runtime.CucumberExecutionContext.lambda$runTestCase$5(CucumberExecutionContext.java:130)&#13;
io.cucumber.core.runtime.RethrowingThrowableCollector.executeAndThrow(RethrowingThrowableCollector.java:23)&#13;
io.cucumber.core.runtime.CucumberExecutionContext.runTestCase(CucumberExecutionContext.java:130)&#13;
io.cucumber.junit.FeatureRunner.runChild(FeatureRunner.java:144)&#13;
io.cucumber.junit.FeatureRunner.runChild(FeatureRunner.java:28)&#13;
io.cucumber.junit.FeatureRunner.run(FeatureRunner.java:137)&#13;
io.cucumber.junit.CucumberSerenityBaseRunner.runChild(CucumberSerenityBaseRunner.java:330)&#13;
io.cucumber.junit.CucumberSerenityBaseRunner.runChild(CucumberSerenityBaseRunner.java:51)&#13;
</system-err></testcase></testsuite>