<?xml version="1.0" encoding="UTF-8" standalone="no"?><testsuite errors="0" failures="0" name="As a user" skipped="0" tests="6" time="35.84" timestamp="2023-04-08 10:55:54"><testcase name="as user i want to input valid to then i can see success login"/><testcase name="as user i want to input invalid username then get error message"/><testcase name="as user i can add products to my cart"/><testcase name="as user i can not see number products my cart"/><testcase name="as user i can checkout my cart"/><testcase name="as user i can not checkout my cart"/></testsuite>