-------------------------------------------------------------------------------
Test set: starter.CucumberTestSuite
-------------------------------------------------------------------------------
Tests run: 8, Failures: 1, Errors: 0, Skipped: 0, Time elapsed: 34.434 s <<< FAILURE! - in starter.CucumberTestSuite
User.DELETE - As admin I have be able to delete existing user  Time elapsed: 1.322 s  <<< FAILURE!
java.lang.AssertionError: 
1 expectation failed.
Expected status code <204> but was <200>.


