<?xml version="1.0" encoding="UTF-8"?>
<testsuite xmlns:xsi="http://www.w3.org/2001/XMLSchema-instance" xsi:noNamespaceSchemaLocation="https://maven.apache.org/surefire/maven-failsafe-plugin/xsd/failsafe-test-report-3.0.xsd" version="3.0" name="starter.CucumberTestSuite" time="55.844" tests="6" errors="0" skipped="0" failures="0">
  <properties>
[...]
</properties>
  <testcase name="as user i want to input valid to then i can see success login" classname="As a user" time="9.935">
    <system-out><![CDATA[10:55:53.937 [main] DEBUG net.thucydides.core.guice.Injectors - Created injector for module net.thucydides.core.guice.ThucydidesModule
10:55:54.318 [main] INFO io.cucumber.core.plugin.SerenityReporter - Running feature from file:///E:/SEMESTER%20VI/ALTA/web-automation-saucedemo/src/test/resources/features/web/Login.feature
10:55:54.596 [main] DEBUG net.thucydides.core.guice.Injectors - Created injector for module net.thucydides.core.guice.webdriver.WebDriverModule
10:55:54.627 [main] INFO  - 

-------------------------------------------------------------------------------------
     _______. _______ .______       _______ .__   __.  __  .___________.____    ____ 
    /       ||   ____||   _  \     |   ____||  \ |  | |  | |           |\   \  /   / 
   |   (----`|  |__   |  |_)  |    |  |__   |   \|  | |  | `---|  |----` \   \/   /  
    \   \    |   __|  |      /     |   __|  |  . `  | |  |     |  |       \_    _/   
.----)   |   |  |____ |  |\  \----.|  |____ |  |\   | |  |     |  |         |  |     
|_______/    |_______|| _| `._____||_______||__| \__| |__|     |__|         |__|    
                                                                                     
 News and tutorials at http://www.serenity-bdd.info                                  
 Documentation at https://wakaleo.gitbooks.io/the-serenity-book/content/             
 Join the Serenity Community on Gitter: https://gitter.im/serenity-bdd/serenity-core 
 Serenity BDD Support and Training at http://serenity-bdd.info/#/trainingandsupport  
-------------------------------------------------------------------------------------

10:55:54.630 [main] DEBUG net.thucydides.core.steps.StepEventBus - Test suite started for story net.thucydides.core.model.Story@8b9d5064
10:55:54.632 [main] INFO  - Test Suite Started: As a user
10:55:54.648 [main] INFO io.cucumber.core.plugin.SerenityReporter - Running feature from file:///E:/SEMESTER%20VI/ALTA/web-automation-saucedemo/src/test/resources/features/web/Login.feature
10:55:54.651 [main] DEBUG net.thucydides.core.steps.StepEventBus - Test suite started for story net.thucydides.core.model.Story@8b9d5064
10:55:54.652 [main] INFO  - Test Suite Started: As a user

@PositiveLogin
Scenario: as user i want to input valid to then i can see success login &amp#27;[90m# src/test/resources/features/web/Login.feature:6&amp#27;[0m
10:55:54.777 [main] INFO io.cucumber.core.plugin.SerenityReporter - Running feature from file:///E:/SEMESTER%20VI/ALTA/web-automation-saucedemo/src/test/resources/features/web/Login.feature
10:55:54.931 [main] INFO  - 
  _____   ___   ___   _____     ___   _____     _     ___   _____   ___   ___  
 |_   _| | __| / __| |_   _|   / __| |_   _|   /_\   | _ \ |_   _| | __| |   \ 
   | |   | _|  \__ \   | |     \__ \   | |    / _ \  |   /   | |   | _|  | |) |
   |_|   |___| |___/   |_|     |___/   |_|   /_/ \_\ |_|_\   |_|   |___| |___/ 

as user i want to input valid to then i can see success login(as-a-user;as-user-i-want-to-input-valid-to-then-i-can-see-success-login)
--------------------------------------------------------------------------------
10:55:55.004 [main] DEBUG net.thucydides.core.requirements.FileSystemRequirementsTagProvider - Loading requirements from directory: E:\SEMESTER VI\ALTA\web-automation-saucedemo\src\test\resources\features\web (E:\SEMESTER VI\ALTA\web-automation-saucedemo\src\test\resources\features\web)
10:55:55.004 [main] DEBUG net.thucydides.core.requirements.FileSystemRequirementsTagProvider - Get requirements type for: E:\SEMESTER VI\ALTA\web-automation-saucedemo\src\test\resources\features\web (E:\SEMESTER VI\ALTA\web-automation-saucedemo\src\test\resources\features\web)
10:55:56.008 [main] DEBUG net.thucydides.core.steps.StepInterceptor - STARTING STEP: LoginSteps.userOnLoginPage - onLoginPage
10:55:56.048 [main] INFO net.serenitybdd.core.webdriver.driverproviders.DriverProvider - Using WebDriverManager configuration for chrome
10:55:56.667 [main] DEBUG io.github.bonigarcia.wdm.cache.ResolutionCache - Resolution chrome=112 in cache (valid until 11:00:43 08/04/2023 ICT)
10:55:56.668 [main] DEBUG io.github.bonigarcia.wdm.cache.ResolutionCache - Resolution chrome112=112.0.5615.49 in cache (valid until 03:22:15 09/04/2023 ICT)
10:55:56.668 [main] INFO io.github.bonigarcia.wdm.WebDriverManager - Using chromedriver 112.0.5615.49 (resolved driver for Chrome 112)
10:55:56.688 [main] DEBUG io.github.bonigarcia.wdm.WebDriverManager - Driver chromedriver 112.0.5615.49 found in cache
10:55:56.689 [main] INFO io.github.bonigarcia.wdm.WebDriverManager - Exporting webdriver.chrome.driver as C:\Users\ASUS\.cache\selenium\chromedriver\win32\112.0.5615.49\chromedriver.exe
10:55:56.774 [main] INFO net.serenitybdd.core.webdriver.driverproviders.ChromeDriverProvider - Starting Chrome driver instance with capabilities:
10:55:56.782 [main] INFO net.serenitybdd.core.webdriver.driverproviders.ChromeDriverProvider - Capabilities {acceptInsecureCerts: true, browserName: chrome, goog:chromeOptions: {args: [remote-allow-origins=*, test-type, no-sandbox, ignore-certificate-errors, start-maximized, incognito, disable-infobars, disable-gpu, disable-default-apps, disable-popup-blocking, remote-allow-origins=*, test-type, no-sandbox, ignore-certificate-errors, start-maximized, incognito, disable-infobars, disable-gpu, disable-default-apps, disable-popup-blocking], extensions: []}}
10:55:56.880 [main] DEBUG io.netty.util.internal.logging.InternalLoggerFactory - Using SLF4J as the default logging framework
10:55:56.884 [main] DEBUG io.netty.util.ResourceLeakDetector - -Dio.netty.leakDetection.level: simple
10:55:56.884 [main] DEBUG io.netty.util.ResourceLeakDetector - -Dio.netty.leakDetection.targetRecords: 4
10:55:56.889 [main] DEBUG io.netty.util.ResourceLeakDetectorFactory - Loaded default ResourceLeakDetector: io.netty.util.ResourceLeakDetector@1acb74ad
10:55:56.910 [main] DEBUG io.netty.util.internal.PlatformDependent0 - -Dio.netty.noUnsafe: false
10:55:56.911 [main] DEBUG io.netty.util.internal.PlatformDependent0 - Java version: 8
10:55:56.912 [main] DEBUG io.netty.util.internal.PlatformDependent0 - sun.misc.Unsafe.theUnsafe: available
10:55:56.912 [main] DEBUG io.netty.util.internal.PlatformDependent0 - sun.misc.Unsafe.copyMemory: available
10:55:56.913 [main] DEBUG io.netty.util.internal.PlatformDependent0 - sun.misc.Unsafe.storeFence: available
10:55:56.913 [main] DEBUG io.netty.util.internal.PlatformDependent0 - java.nio.Buffer.address: available
10:55:56.914 [main] DEBUG io.netty.util.internal.PlatformDependent0 - direct buffer constructor: available
10:55:56.915 [main] DEBUG io.netty.util.internal.PlatformDependent0 - java.nio.Bits.unaligned: available, true
10:55:56.915 [main] DEBUG io.netty.util.internal.PlatformDependent0 - jdk.internal.misc.Unsafe.allocateUninitializedArray(int): unavailable prior to Java9
10:55:56.915 [main] DEBUG io.netty.util.internal.PlatformDependent0 - java.nio.DirectByteBuffer.<init>(long, int): available
10:55:56.915 [main] DEBUG io.netty.util.internal.PlatformDependent - sun.misc.Unsafe: available
10:55:56.916 [main] DEBUG io.netty.util.internal.PlatformDependent - -Dio.netty.tmpdir: C:\Users\ASUS\AppData\Local\Temp (java.io.tmpdir)
10:55:56.916 [main] DEBUG io.netty.util.internal.PlatformDependent - -Dio.netty.bitMode: 64 (sun.arch.data.model)
10:55:56.916 [main] DEBUG io.netty.util.internal.PlatformDependent - Platform: Windows
10:55:56.917 [main] DEBUG io.netty.util.internal.PlatformDependent - -Dio.netty.maxDirectMemory: 2375024640 bytes
10:55:56.918 [main] DEBUG io.netty.util.internal.PlatformDependent - -Dio.netty.uninitializedArrayAllocationThreshold: -1
10:55:56.919 [main] DEBUG io.netty.util.internal.CleanerJava6 - java.nio.ByteBuffer.cleaner(): available
10:55:56.919 [main] DEBUG io.netty.util.internal.PlatformDependent - -Dio.netty.noPreferDirect: false
10:55:56.928 [main] DEBUG io.netty.util.internal.PlatformDependent - org.jctools-core.MpscChunkedArrayQueue: available
10:55:56.956 [main] DEBUG io.netty.util.internal.InternalThreadLocalMap - -Dio.netty.threadLocalMap.stringBuilder.initialSize: 1024
10:55:56.956 [main] DEBUG io.netty.util.internal.InternalThreadLocalMap - -Dio.netty.threadLocalMap.stringBuilder.maxSize: 4096
10:55:57.071 [main] DEBUG io.netty.handler.ssl.JdkSslContext - Default protocols (JDK): [TLSv1.3, TLSv1.2] 
10:55:57.071 [main] DEBUG io.netty.handler.ssl.JdkSslContext - Default cipher suites (JDK): [TLS_ECDHE_ECDSA_WITH_AES_256_GCM_SHA384, TLS_ECDHE_ECDSA_WITH_AES_128_GCM_SHA256, TLS_ECDHE_RSA_WITH_AES_128_GCM_SHA256, TLS_ECDHE_RSA_WITH_AES_256_GCM_SHA384, TLS_ECDHE_RSA_WITH_AES_128_CBC_SHA, TLS_ECDHE_RSA_WITH_AES_256_CBC_SHA, TLS_RSA_WITH_AES_128_GCM_SHA256, TLS_RSA_WITH_AES_128_CBC_SHA, TLS_RSA_WITH_AES_256_CBC_SHA, TLS_AES_128_GCM_SHA256, TLS_AES_256_GCM_SHA384]
10:55:57.106 [main] DEBUG io.netty.channel.MultithreadEventLoopGroup - -Dio.netty.eventLoopThreads: 4
10:55:57.116 [main] DEBUG io.netty.channel.nio.NioEventLoop - -Dio.netty.noKeySetOptimization: false
10:55:57.116 [main] DEBUG io.netty.channel.nio.NioEventLoop - -Dio.netty.selectorAutoRebuildThreshold: 512
10:55:57.155 [main] DEBUG io.netty.buffer.PooledByteBufAllocator - -Dio.netty.allocator.numHeapArenas: 4
10:55:57.155 [main] DEBUG io.netty.buffer.PooledByteBufAllocator - -Dio.netty.allocator.numDirectArenas: 4
10:55:57.156 [main] DEBUG io.netty.buffer.PooledByteBufAllocator - -Dio.netty.allocator.pageSize: 8192
10:55:57.156 [main] DEBUG io.netty.buffer.PooledByteBufAllocator - -Dio.netty.allocator.maxOrder: 9
10:55:57.156 [main] DEBUG io.netty.buffer.PooledByteBufAllocator - -Dio.netty.allocator.chunkSize: 4194304
10:55:57.156 [main] DEBUG io.netty.buffer.PooledByteBufAllocator - -Dio.netty.allocator.smallCacheSize: 256
10:55:57.156 [main] DEBUG io.netty.buffer.PooledByteBufAllocator - -Dio.netty.allocator.normalCacheSize: 64
10:55:57.156 [main] DEBUG io.netty.buffer.PooledByteBufAllocator - -Dio.netty.allocator.maxCachedBufferCapacity: 32768
10:55:57.156 [main] DEBUG io.netty.buffer.PooledByteBufAllocator - -Dio.netty.allocator.cacheTrimInterval: 8192
10:55:57.156 [main] DEBUG io.netty.buffer.PooledByteBufAllocator - -Dio.netty.allocator.cacheTrimIntervalMillis: 0
10:55:57.156 [main] DEBUG io.netty.buffer.PooledByteBufAllocator - -Dio.netty.allocator.useCacheForAllThreads: false
10:55:57.156 [main] DEBUG io.netty.buffer.PooledByteBufAllocator - -Dio.netty.allocator.maxCachedByteBuffersPerChunk: 1023
10:55:57.169 [main] DEBUG io.netty.buffer.ByteBufUtil - -Dio.netty.allocator.type: pooled
10:55:57.169 [main] DEBUG io.netty.buffer.ByteBufUtil - -Dio.netty.threadLocalDirectBufferSize: 0
10:55:57.169 [main] DEBUG io.netty.buffer.ByteBufUtil - -Dio.netty.maxThreadLocalCharBufferSize: 16384
10:55:57.499 [Forwarding newSession on session null to remote] DEBUG io.netty.channel.DefaultChannelId - -Dio.netty.processId: 8800 (auto-detected)
10:55:57.502 [Forwarding newSession on session null to remote] DEBUG io.netty.util.NetUtil - -Djava.net.preferIPv4Stack: false
10:55:57.502 [Forwarding newSession on session null to remote] DEBUG io.netty.util.NetUtil - -Djava.net.preferIPv6Addresses: false
10:55:57.612 [Forwarding newSession on session null to remote] DEBUG io.netty.util.NetUtilInitializations - Loopback interface: lo (Software Loopback Interface 1, 127.0.0.1)
10:55:57.613 [Forwarding newSession on session null to remote] DEBUG io.netty.util.NetUtil - Failed to get SOMAXCONN from sysctl and file \proc\sys\net\core\somaxconn. Default: 200
10:55:57.622 [Forwarding newSession on session null to remote] DEBUG io.netty.channel.DefaultChannelId - -Dio.netty.machineId: 54:8d:5a:ff:fe:ae:8d:f5 (auto-detected)
10:55:57.686 [AsyncHttpClient-1-2] DEBUG io.netty.buffer.AbstractByteBuf - -Dio.netty.buffer.checkAccessible: true
10:55:57.686 [AsyncHttpClient-1-2] DEBUG io.netty.buffer.AbstractByteBuf - -Dio.netty.buffer.checkBounds: true
10:55:57.686 [AsyncHttpClient-1-2] DEBUG io.netty.util.ResourceLeakDetectorFactory - Loaded default ResourceLeakDetector: io.netty.util.ResourceLeakDetector@19f43e37
10:55:57.703 [AsyncHttpClient-1-2] DEBUG org.asynchttpclient.netty.channel.NettyConnectListener - Using new Channel '[id: 0xf468d3c8, L:/127.0.0.1:51828 - R:localhost/127.0.0.1:37975]' for 'POST' to '/session'
10:55:57.724 [AsyncHttpClient-1-2] DEBUG io.netty.util.Recycler - -Dio.netty.recycler.maxCapacityPerThread: 4096
10:55:57.724 [AsyncHttpClient-1-2] DEBUG io.netty.util.Recycler - -Dio.netty.recycler.ratio: 8
10:55:57.724 [AsyncHttpClient-1-2] DEBUG io.netty.util.Recycler - -Dio.netty.recycler.chunkSize: 32
10:55:57.724 [AsyncHttpClient-1-2] DEBUG io.netty.util.Recycler - -Dio.netty.recycler.blocking: false
10:55:58.706 [AsyncHttpClient-1-2] DEBUG io.netty.handler.codec.compression.Brotli - brotli4j not in the classpath; Brotli support will be unavailable.
10:55:58.707 [AsyncHttpClient-1-2] DEBUG org.asynchttpclient.netty.handler.HttpHandler - 

Request DefaultHttpRequest(decodeResult: success, version: HTTP/1.1)
POST /session HTTP/1.1
User-Agent: selenium/4.8.0 (java windows)
Content-Length: 1629
Content-Type: application/json; charset=utf-8
host: localhost:37975
accept: */*

Response DefaultHttpResponse(decodeResult: success, version: HTTP/1.1)
HTTP/1.1 200 OK
Content-Length: 857
Content-Type: application/json; charset=utf-8
cache-control: no-cache

10:55:58.716 [AsyncHttpClient-1-2] DEBUG org.asynchttpclient.netty.channel.ChannelManager - Adding key: http://localhost:37975 for channel [id: 0xf468d3c8, L:/127.0.0.1:51828 - R:localhost/127.0.0.1:37975]
10:55:58.799 [AsyncHttpClient-1-3] DEBUG org.asynchttpclient.netty.channel.NettyConnectListener - Using new Channel '[id: 0x432b31bd, L:/127.0.0.1:51836 - R:localhost/127.0.0.1:51830]' for 'GET' to '/json/version'
10:55:58.802 [AsyncHttpClient-1-3] DEBUG org.asynchttpclient.netty.handler.HttpHandler - 

Request DefaultFullHttpRequest(decodeResult: success, version: HTTP/1.1, content: EmptyByteBufBE)
GET /json/version HTTP/1.1
User-Agent: selenium/4.8.0 (java windows)
host: localhost:51830
accept: */*

Response DefaultHttpResponse(decodeResult: success, version: HTTP/1.1)
HTTP/1.1 200 OK
Content-Security-Policy: frame-ancestors 'none'
Content-Length: 422
Content-Type: application/json; charset=UTF-8

10:55:58.802 [AsyncHttpClient-1-3] DEBUG org.asynchttpclient.netty.channel.ChannelManager - Adding key: http://localhost:51830 for channel [id: 0x432b31bd, L:/127.0.0.1:51836 - R:localhost/127.0.0.1:51830]
10:55:58.813 [main] DEBUG io.netty.util.internal.ThreadLocalRandom - -Dio.netty.initialSeedUniquifier: 0xc7790dde71390229
10:55:58.821 [AsyncHttpClient-1-4] DEBUG org.asynchttpclient.netty.channel.NettyConnectListener - Using new Channel '[id: 0x18f1fe1d, L:/127.0.0.1:51837 - R:localhost/127.0.0.1:51830]' for 'GET' to '/devtools/browser/4c4da629-df8c-4fbe-876c-36361bd9836c'
10:55:58.827 [AsyncHttpClient-1-4] DEBUG org.asynchttpclient.netty.handler.WebSocketHandler - 

Request DefaultFullHttpRequest(decodeResult: success, version: HTTP/1.1, content: EmptyByteBufBE)
GET /devtools/browser/4c4da629-df8c-4fbe-876c-36361bd9836c HTTP/1.1
upgrade: websocket
connection: upgrade
sec-websocket-key: Ux/LUvBGI0M1xGqs7gaOrQ==
sec-websocket-version: 13
origin: http://localhost:51830
host: localhost:51830
accept: */*
user-agent: AHC/2.1

Response DefaultHttpResponse(decodeResult: success, version: HTTP/1.1)
HTTP/1.1 101 WebSocket Protocol Handshake
Upgrade: WebSocket
Connection: Upgrade
Sec-WebSocket-Accept: SRWHBDT4W+EcLcJ/AxqWtrdKphQ=

10:55:58.933 [Forwarding get on session 8b12d78cbe4338026ac35fb8f0accbf5 to remote] DEBUG org.asynchttpclient.netty.request.NettyRequestSender - Using pooled Channel '[id: 0xf468d3c8, L:/127.0.0.1:51828 - R:localhost/127.0.0.1:37975]' for 'POST' to 'http://localhost:37975/session/8b12d78cbe4338026ac35fb8f0accbf5/url'
10:55:58.933 [Forwarding get on session 8b12d78cbe4338026ac35fb8f0accbf5 to remote] DEBUG org.asynchttpclient.netty.request.NettyRequestSender - Using open Channel [id: 0xf468d3c8, L:/127.0.0.1:51828 - R:localhost/127.0.0.1:37975] for POST '/session/8b12d78cbe4338026ac35fb8f0accbf5/url'
10:55:59.265 [AsyncHttpClient-1-1] DEBUG org.asynchttpclient.netty.channel.DefaultChannelPool - Entry count for : http://localhost:51830 : 1
10:55:59.508 [AsyncHttpClient-1-2] DEBUG org.asynchttpclient.netty.handler.HttpHandler - 

Request DefaultHttpRequest(decodeResult: success, version: HTTP/1.1)
POST /session/8b12d78cbe4338026ac35fb8f0accbf5/url HTTP/1.1
User-Agent: selenium/4.8.0 (java windows)
Content-Length: 56
Content-Type: application/json; charset=utf-8
host: localhost:37975
accept: */*

Response DefaultHttpResponse(decodeResult: success, version: HTTP/1.1)
HTTP/1.1 200 OK
Content-Length: 14
Content-Type: application/json; charset=utf-8
cache-control: no-cache

10:55:59.508 [AsyncHttpClient-1-2] DEBUG org.asynchttpclient.netty.channel.ChannelManager - Adding key: http://localhost:37975 for channel [id: 0xf468d3c8, L:/127.0.0.1:51828 - R:localhost/127.0.0.1:37975]
10:55:59.515 [Forwarding setTimeout on session 8b12d78cbe4338026ac35fb8f0accbf5 to remote] DEBUG org.asynchttpclient.netty.request.NettyRequestSender - Using pooled Channel '[id: 0xf468d3c8, L:/127.0.0.1:51828 - R:localhost/127.0.0.1:37975]' for 'POST' to 'http://localhost:37975/session/8b12d78cbe4338026ac35fb8f0accbf5/timeouts'
10:55:59.516 [Forwarding setTimeout on session 8b12d78cbe4338026ac35fb8f0accbf5 to remote] DEBUG org.asynchttpclient.netty.request.NettyRequestSender - Using open Channel [id: 0xf468d3c8, L:/127.0.0.1:51828 - R:localhost/127.0.0.1:37975] for POST '/session/8b12d78cbe4338026ac35fb8f0accbf5/timeouts'
10:55:59.518 [AsyncHttpClient-1-2] DEBUG org.asynchttpclient.netty.handler.HttpHandler - 

Request DefaultHttpRequest(decodeResult: success, version: HTTP/1.1)
POST /session/8b12d78cbe4338026ac35fb8f0accbf5/timeouts HTTP/1.1
User-Agent: selenium/4.8.0 (java windows)
Content-Length: 22
Content-Type: application/json; charset=utf-8
host: localhost:37975
accept: */*

Response DefaultHttpResponse(decodeResult: success, version: HTTP/1.1)
HTTP/1.1 200 OK
Content-Length: 14
Content-Type: application/json; charset=utf-8
cache-control: no-cache

10:55:59.521 [AsyncHttpClient-1-2] DEBUG org.asynchttpclient.netty.channel.ChannelManager - Adding key: http://localhost:37975 for channel [id: 0xf468d3c8, L:/127.0.0.1:51828 - R:localhost/127.0.0.1:37975]
10:55:59.535 [Forwarding getCurrentUrl on session 8b12d78cbe4338026ac35fb8f0accbf5 to remote] DEBUG org.asynchttpclient.netty.request.NettyRequestSender - Using pooled Channel '[id: 0xf468d3c8, L:/127.0.0.1:51828 - R:localhost/127.0.0.1:37975]' for 'GET' to 'http://localhost:37975/session/8b12d78cbe4338026ac35fb8f0accbf5/url'
10:55:59.535 [Forwarding getCurrentUrl on session 8b12d78cbe4338026ac35fb8f0accbf5 to remote] DEBUG org.asynchttpclient.netty.request.NettyRequestSender - Using open Channel [id: 0xf468d3c8, L:/127.0.0.1:51828 - R:localhost/127.0.0.1:37975] for GET '/session/8b12d78cbe4338026ac35fb8f0accbf5/url'
10:55:59.548 [AsyncHttpClient-1-2] DEBUG org.asynchttpclient.netty.handler.HttpHandler - 

Request DefaultFullHttpRequest(decodeResult: success, version: HTTP/1.1, content: EmptyByteBufBE)
GET /session/8b12d78cbe4338026ac35fb8f0accbf5/url HTTP/1.1
User-Agent: selenium/4.8.0 (java windows)
Cache-Control: no-cache
Content-Type: application/json; charset=utf-8
host: localhost:37975
accept: */*

Response DefaultHttpResponse(decodeResult: success, version: HTTP/1.1)
HTTP/1.1 200 OK
Content-Length: 38
Content-Type: application/json; charset=utf-8
cache-control: no-cache

10:55:59.549 [AsyncHttpClient-1-2] DEBUG org.asynchttpclient.netty.channel.ChannelManager - Adding key: http://localhost:37975 for channel [id: 0xf468d3c8, L:/127.0.0.1:51828 - R:localhost/127.0.0.1:37975]
10:55:59.558 [Forwarding getCurrentUrl on session 8b12d78cbe4338026ac35fb8f0accbf5 to remote] DEBUG org.asynchttpclient.netty.request.NettyRequestSender - Using pooled Channel '[id: 0xf468d3c8, L:/127.0.0.1:51828 - R:localhost/127.0.0.1:37975]' for 'GET' to 'http://localhost:37975/session/8b12d78cbe4338026ac35fb8f0accbf5/url'
10:55:59.558 [Forwarding getCurrentUrl on session 8b12d78cbe4338026ac35fb8f0accbf5 to remote] DEBUG org.asynchttpclient.netty.request.NettyRequestSender - Using open Channel [id: 0xf468d3c8, L:/127.0.0.1:51828 - R:localhost/127.0.0.1:37975] for GET '/session/8b12d78cbe4338026ac35fb8f0accbf5/url'
10:55:59.567 [AsyncHttpClient-1-2] DEBUG org.asynchttpclient.netty.handler.HttpHandler - 

Request DefaultFullHttpRequest(decodeResult: success, version: HTTP/1.1, content: EmptyByteBufBE)
GET /session/8b12d78cbe4338026ac35fb8f0accbf5/url HTTP/1.1
User-Agent: selenium/4.8.0 (java windows)
Cache-Control: no-cache
Content-Type: application/json; charset=utf-8
host: localhost:37975
accept: */*

Response DefaultHttpResponse(decodeResult: success, version: HTTP/1.1)
HTTP/1.1 200 OK
Content-Length: 38
Content-Type: application/json; charset=utf-8
cache-control: no-cache

10:55:59.568 [AsyncHttpClient-1-2] DEBUG org.asynchttpclient.netty.channel.ChannelManager - Adding key: http://localhost:37975 for channel [id: 0xf468d3c8, L:/127.0.0.1:51828 - R:localhost/127.0.0.1:37975]
10:55:59.589 [Forwarding findElement on session 8b12d78cbe4338026ac35fb8f0accbf5 to remote] DEBUG org.asynchttpclient.netty.request.NettyRequestSender - Using pooled Channel '[id: 0xf468d3c8, L:/127.0.0.1:51828 - R:localhost/127.0.0.1:37975]' for 'POST' to 'http://localhost:37975/session/8b12d78cbe4338026ac35fb8f0accbf5/element'
10:55:59.589 [Forwarding findElement on session 8b12d78cbe4338026ac35fb8f0accbf5 to remote] DEBUG org.asynchttpclient.netty.request.NettyRequestSender - Using open Channel [id: 0xf468d3c8, L:/127.0.0.1:51828 - R:localhost/127.0.0.1:37975] for POST '/session/8b12d78cbe4338026ac35fb8f0accbf5/element'
10:55:59.604 [AsyncHttpClient-1-2] DEBUG org.asynchttpclient.netty.handler.HttpHandler - 

Request DefaultHttpRequest(decodeResult: success, version: HTTP/1.1)
POST /session/8b12d78cbe4338026ac35fb8f0accbf5/element HTTP/1.1
User-Agent: selenium/4.8.0 (java windows)
Content-Length: 59
Content-Type: application/json; charset=utf-8
host: localhost:37975
accept: */*

Response DefaultHttpResponse(decodeResult: success, version: HTTP/1.1)
HTTP/1.1 200 OK
Content-Length: 88
Content-Type: application/json; charset=utf-8
cache-control: no-cache

10:55:59.605 [AsyncHttpClient-1-2] DEBUG org.asynchttpclient.netty.channel.ChannelManager - Adding key: http://localhost:37975 for channel [id: 0xf468d3c8, L:/127.0.0.1:51828 - R:localhost/127.0.0.1:37975]
10:55:59.628 [Forwarding isElementDisplayed on session 8b12d78cbe4338026ac35fb8f0accbf5 to remote] DEBUG org.asynchttpclient.netty.request.NettyRequestSender - Using pooled Channel '[id: 0xf468d3c8, L:/127.0.0.1:51828 - R:localhost/127.0.0.1:37975]' for 'POST' to 'http://localhost:37975/session/8b12d78cbe4338026ac35fb8f0accbf5/execute/sync'
10:55:59.628 [Forwarding isElementDisplayed on session 8b12d78cbe4338026ac35fb8f0accbf5 to remote] DEBUG org.asynchttpclient.netty.request.NettyRequestSender - Using open Channel [id: 0xf468d3c8, L:/127.0.0.1:51828 - R:localhost/127.0.0.1:37975] for POST '/session/8b12d78cbe4338026ac35fb8f0accbf5/execute/sync'
10:55:59.647 [AsyncHttpClient-1-2] DEBUG org.asynchttpclient.netty.handler.HttpHandler - 

Request DefaultHttpRequest(decodeResult: success, version: HTTP/1.1)
POST /session/8b12d78cbe4338026ac35fb8f0accbf5/execute/sync HTTP/1.1
User-Agent: selenium/4.8.0 (java windows)
Content-Length: 48807
Content-Type: application/json; charset=utf-8
host: localhost:37975
accept: */*

Response DefaultHttpResponse(decodeResult: success, version: HTTP/1.1)
HTTP/1.1 200 OK
Content-Length: 14
Content-Type: application/json; charset=utf-8
cache-control: no-cache

10:55:59.647 [AsyncHttpClient-1-2] DEBUG org.asynchttpclient.netty.channel.ChannelManager - Adding key: http://localhost:37975 for channel [id: 0xf468d3c8, L:/127.0.0.1:51828 - R:localhost/127.0.0.1:37975]
10:55:59.654 [Forwarding isElementDisplayed on session 8b12d78cbe4338026ac35fb8f0accbf5 to remote] DEBUG org.asynchttpclient.netty.request.NettyRequestSender - Using pooled Channel '[id: 0xf468d3c8, L:/127.0.0.1:51828 - R:localhost/127.0.0.1:37975]' for 'POST' to 'http://localhost:37975/session/8b12d78cbe4338026ac35fb8f0accbf5/execute/sync'
10:55:59.654 [Forwarding isElementDisplayed on session 8b12d78cbe4338026ac35fb8f0accbf5 to remote] DEBUG org.asynchttpclient.netty.request.NettyRequestSender - Using open Channel [id: 0xf468d3c8, L:/127.0.0.1:51828 - R:localhost/127.0.0.1:37975] for POST '/session/8b12d78cbe4338026ac35fb8f0accbf5/execute/sync'
10:55:59.670 [AsyncHttpClient-1-2] DEBUG org.asynchttpclient.netty.handler.HttpHandler - 

Request DefaultHttpRequest(decodeResult: success, version: HTTP/1.1)
POST /session/8b12d78cbe4338026ac35fb8f0accbf5/execute/sync HTTP/1.1
User-Agent: selenium/4.8.0 (java windows)
Content-Length: 48807
Content-Type: application/json; charset=utf-8
host: localhost:37975
accept: */*

Response DefaultHttpResponse(decodeResult: success, version: HTTP/1.1)
HTTP/1.1 200 OK
Content-Length: 14
Content-Type: application/json; charset=utf-8
cache-control: no-cache

10:55:59.670 [AsyncHttpClient-1-2] DEBUG org.asynchttpclient.netty.channel.ChannelManager - Adding key: http://localhost:37975 for channel [id: 0xf468d3c8, L:/127.0.0.1:51828 - R:localhost/127.0.0.1:37975]
10:55:59.704 [main] DEBUG net.thucydides.core.steps.StepInterceptor - STEP DONE: onLoginPage
  &amp#27;[32mGiven &amp#27;[0m&amp#27;[32muser on login page&amp#27;[0m                                              &amp#27;[90m# starter.stepdefinitions.LoginSteps.userOnLoginPage()&amp#27;[0m
10:55:59.738 [main] DEBUG net.thucydides.core.steps.StepInterceptor - STARTING STEP: LoginSteps.userInputValidUsername - inputUserName
10:55:59.747 [Forwarding findElement on session 8b12d78cbe4338026ac35fb8f0accbf5 to remote] DEBUG org.asynchttpclient.netty.request.NettyRequestSender - Using pooled Channel '[id: 0xf468d3c8, L:/127.0.0.1:51828 - R:localhost/127.0.0.1:37975]' for 'POST' to 'http://localhost:37975/session/8b12d78cbe4338026ac35fb8f0accbf5/element'
10:55:59.748 [Forwarding findElement on session 8b12d78cbe4338026ac35fb8f0accbf5 to remote] DEBUG org.asynchttpclient.netty.request.NettyRequestSender - Using open Channel [id: 0xf468d3c8, L:/127.0.0.1:51828 - R:localhost/127.0.0.1:37975] for POST '/session/8b12d78cbe4338026ac35fb8f0accbf5/element'
10:55:59.757 [AsyncHttpClient-1-2] DEBUG org.asynchttpclient.netty.handler.HttpHandler - 

Request DefaultHttpRequest(decodeResult: success, version: HTTP/1.1)
POST /session/8b12d78cbe4338026ac35fb8f0accbf5/element HTTP/1.1
User-Agent: selenium/4.8.0 (java windows)
Content-Length: 56
Content-Type: application/json; charset=utf-8
host: localhost:37975
accept: */*

Response DefaultHttpResponse(decodeResult: success, version: HTTP/1.1)
HTTP/1.1 200 OK
Content-Length: 88
Content-Type: application/json; charset=utf-8
cache-control: no-cache

10:55:59.758 [AsyncHttpClient-1-2] DEBUG org.asynchttpclient.netty.channel.ChannelManager - Adding key: http://localhost:37975 for channel [id: 0xf468d3c8, L:/127.0.0.1:51828 - R:localhost/127.0.0.1:37975]
10:55:59.764 [Forwarding clearElement on session 8b12d78cbe4338026ac35fb8f0accbf5 to remote] DEBUG org.asynchttpclient.netty.request.NettyRequestSender - Using pooled Channel '[id: 0xf468d3c8, L:/127.0.0.1:51828 - R:localhost/127.0.0.1:37975]' for 'POST' to 'http://localhost:37975/session/8b12d78cbe4338026ac35fb8f0accbf5/element/8be6b730-0e1f-42de-a406-a9f6e5b6d0d8/clear'
10:55:59.765 [Forwarding clearElement on session 8b12d78cbe4338026ac35fb8f0accbf5 to remote] DEBUG org.asynchttpclient.netty.request.NettyRequestSender - Using open Channel [id: 0xf468d3c8, L:/127.0.0.1:51828 - R:localhost/127.0.0.1:37975] for POST '/session/8b12d78cbe4338026ac35fb8f0accbf5/element/8be6b730-0e1f-42de-a406-a9f6e5b6d0d8/clear'
10:55:59.800 [AsyncHttpClient-1-2] DEBUG org.asynchttpclient.netty.handler.HttpHandler - 

Request DefaultHttpRequest(decodeResult: success, version: HTTP/1.1)
POST /session/8b12d78cbe4338026ac35fb8f0accbf5/element/8be6b730-0e1f-42de-a406-a9f6e5b6d0d8/clear HTTP/1.1
User-Agent: selenium/4.8.0 (java windows)
Content-Length: 50
Content-Type: application/json; charset=utf-8
host: localhost:37975
accept: */*

Response DefaultHttpResponse(decodeResult: success, version: HTTP/1.1)
HTTP/1.1 200 OK
Content-Length: 14
Content-Type: application/json; charset=utf-8
cache-control: no-cache

10:55:59.800 [AsyncHttpClient-1-2] DEBUG org.asynchttpclient.netty.channel.ChannelManager - Adding key: http://localhost:37975 for channel [id: 0xf468d3c8, L:/127.0.0.1:51828 - R:localhost/127.0.0.1:37975]
10:55:59.805 [Forwarding sendKeysToElement on session 8b12d78cbe4338026ac35fb8f0accbf5 to remote] DEBUG org.asynchttpclient.netty.request.NettyRequestSender - Using pooled Channel '[id: 0xf468d3c8, L:/127.0.0.1:51828 - R:localhost/127.0.0.1:37975]' for 'POST' to 'http://localhost:37975/session/8b12d78cbe4338026ac35fb8f0accbf5/element/8be6b730-0e1f-42de-a406-a9f6e5b6d0d8/value'
10:55:59.805 [Forwarding sendKeysToElement on session 8b12d78cbe4338026ac35fb8f0accbf5 to remote] DEBUG org.asynchttpclient.netty.request.NettyRequestSender - Using open Channel [id: 0xf468d3c8, L:/127.0.0.1:51828 - R:localhost/127.0.0.1:37975] for POST '/session/8b12d78cbe4338026ac35fb8f0accbf5/element/8be6b730-0e1f-42de-a406-a9f6e5b6d0d8/value'
10:55:59.894 [AsyncHttpClient-1-2] DEBUG org.asynchttpclient.netty.handler.HttpHandler - 

Request DefaultHttpRequest(decodeResult: success, version: HTTP/1.1)
POST /session/8b12d78cbe4338026ac35fb8f0accbf5/element/8be6b730-0e1f-42de-a406-a9f6e5b6d0d8/value HTTP/1.1
User-Agent: selenium/4.8.0 (java windows)
Content-Length: 211
Content-Type: application/json; charset=utf-8
host: localhost:37975
accept: */*

Response DefaultHttpResponse(decodeResult: success, version: HTTP/1.1)
HTTP/1.1 200 OK
Content-Length: 14
Content-Type: application/json; charset=utf-8
cache-control: no-cache

10:55:59.894 [AsyncHttpClient-1-2] DEBUG org.asynchttpclient.netty.channel.ChannelManager - Adding key: http://localhost:37975 for channel [id: 0xf468d3c8, L:/127.0.0.1:51828 - R:localhost/127.0.0.1:37975]
10:55:59.908 [main] DEBUG net.thucydides.core.steps.StepInterceptor - STEP DONE: inputUserName
  &amp#27;[32mWhen &amp#27;[0m&amp#27;[32muser input valid username&amp#27;[0m                                        &amp#27;[90m# starter.stepdefinitions.LoginSteps.userInputValidUsername()&amp#27;[0m
10:55:59.927 [main] DEBUG net.thucydides.core.steps.StepInterceptor - STARTING STEP: LoginSteps.userInputValidPassword - inputPassword
10:55:59.935 [Forwarding findElement on session 8b12d78cbe4338026ac35fb8f0accbf5 to remote] DEBUG org.asynchttpclient.netty.request.NettyRequestSender - Using pooled Channel '[id: 0xf468d3c8, L:/127.0.0.1:51828 - R:localhost/127.0.0.1:37975]' for 'POST' to 'http://localhost:37975/session/8b12d78cbe4338026ac35fb8f0accbf5/element'
10:55:59.935 [Forwarding findElement on session 8b12d78cbe4338026ac35fb8f0accbf5 to remote] DEBUG org.asynchttpclient.netty.request.NettyRequestSender - Using open Channel [id: 0xf468d3c8, L:/127.0.0.1:51828 - R:localhost/127.0.0.1:37975] for POST '/session/8b12d78cbe4338026ac35fb8f0accbf5/element'
10:55:59.976 [AsyncHttpClient-1-2] DEBUG org.asynchttpclient.netty.handler.HttpHandler - 

Request DefaultHttpRequest(decodeResult: success, version: HTTP/1.1)
POST /session/8b12d78cbe4338026ac35fb8f0accbf5/element HTTP/1.1
User-Agent: selenium/4.8.0 (java windows)
Content-Length: 53
Content-Type: application/json; charset=utf-8
host: localhost:37975
accept: */*

Response DefaultHttpResponse(decodeResult: success, version: HTTP/1.1)
HTTP/1.1 200 OK
Content-Length: 88
Content-Type: application/json; charset=utf-8
cache-control: no-cache

10:55:59.976 [AsyncHttpClient-1-2] DEBUG org.asynchttpclient.netty.channel.ChannelManager - Adding key: http://localhost:37975 for channel [id: 0xf468d3c8, L:/127.0.0.1:51828 - R:localhost/127.0.0.1:37975]
10:55:59.980 [Forwarding clearElement on session 8b12d78cbe4338026ac35fb8f0accbf5 to remote] DEBUG org.asynchttpclient.netty.request.NettyRequestSender - Using pooled Channel '[id: 0xf468d3c8, L:/127.0.0.1:51828 - R:localhost/127.0.0.1:37975]' for 'POST' to 'http://localhost:37975/session/8b12d78cbe4338026ac35fb8f0accbf5/element/5f555f22-b627-461a-981a-ef82860b1291/clear'
10:55:59.980 [Forwarding clearElement on session 8b12d78cbe4338026ac35fb8f0accbf5 to remote] DEBUG org.asynchttpclient.netty.request.NettyRequestSender - Using open Channel [id: 0xf468d3c8, L:/127.0.0.1:51828 - R:localhost/127.0.0.1:37975] for POST '/session/8b12d78cbe4338026ac35fb8f0accbf5/element/5f555f22-b627-461a-981a-ef82860b1291/clear'
10:56:00.022 [AsyncHttpClient-1-2] DEBUG org.asynchttpclient.netty.handler.HttpHandler - 

Request DefaultHttpRequest(decodeResult: success, version: HTTP/1.1)
POST /session/8b12d78cbe4338026ac35fb8f0accbf5/element/5f555f22-b627-461a-981a-ef82860b1291/clear HTTP/1.1
User-Agent: selenium/4.8.0 (java windows)
Content-Length: 50
Content-Type: application/json; charset=utf-8
host: localhost:37975
accept: */*

Response DefaultHttpResponse(decodeResult: success, version: HTTP/1.1)
HTTP/1.1 200 OK
Content-Length: 14
Content-Type: application/json; charset=utf-8
cache-control: no-cache

10:56:00.022 [AsyncHttpClient-1-2] DEBUG org.asynchttpclient.netty.channel.ChannelManager - Adding key: http://localhost:37975 for channel [id: 0xf468d3c8, L:/127.0.0.1:51828 - R:localhost/127.0.0.1:37975]
10:56:00.025 [Forwarding sendKeysToElement on session 8b12d78cbe4338026ac35fb8f0accbf5 to remote] DEBUG org.asynchttpclient.netty.request.NettyRequestSender - Using pooled Channel '[id: 0xf468d3c8, L:/127.0.0.1:51828 - R:localhost/127.0.0.1:37975]' for 'POST' to 'http://localhost:37975/session/8b12d78cbe4338026ac35fb8f0accbf5/element/5f555f22-b627-461a-981a-ef82860b1291/value'
10:56:00.025 [Forwarding sendKeysToElement on session 8b12d78cbe4338026ac35fb8f0accbf5 to remote] DEBUG org.asynchttpclient.netty.request.NettyRequestSender - Using open Channel [id: 0xf468d3c8, L:/127.0.0.1:51828 - R:localhost/127.0.0.1:37975] for POST '/session/8b12d78cbe4338026ac35fb8f0accbf5/element/5f555f22-b627-461a-981a-ef82860b1291/value'
10:56:00.105 [AsyncHttpClient-1-2] DEBUG org.asynchttpclient.netty.handler.HttpHandler - 

Request DefaultHttpRequest(decodeResult: success, version: HTTP/1.1)
POST /session/8b12d78cbe4338026ac35fb8f0accbf5/element/5f555f22-b627-461a-981a-ef82860b1291/value HTTP/1.1
User-Agent: selenium/4.8.0 (java windows)
Content-Length: 201
Content-Type: application/json; charset=utf-8
host: localhost:37975
accept: */*

Response DefaultHttpResponse(decodeResult: success, version: HTTP/1.1)
HTTP/1.1 200 OK
Content-Length: 14
Content-Type: application/json; charset=utf-8
cache-control: no-cache

10:56:00.106 [AsyncHttpClient-1-2] DEBUG org.asynchttpclient.netty.channel.ChannelManager - Adding key: http://localhost:37975 for channel [id: 0xf468d3c8, L:/127.0.0.1:51828 - R:localhost/127.0.0.1:37975]
10:56:00.110 [main] DEBUG net.thucydides.core.steps.StepInterceptor - STEP DONE: inputPassword
  &amp#27;[32mAnd &amp#27;[0m&amp#27;[32muser input valid password&amp#27;[0m                                         &amp#27;[90m# starter.stepdefinitions.LoginSteps.userInputValidPassword()&amp#27;[0m
10:56:00.122 [main] DEBUG net.thucydides.core.steps.StepInterceptor - STARTING STEP: LoginSteps.userClickLoginButton - clickLoginButton
10:56:00.131 [Forwarding findElement on session 8b12d78cbe4338026ac35fb8f0accbf5 to remote] DEBUG org.asynchttpclient.netty.request.NettyRequestSender - Using pooled Channel '[id: 0xf468d3c8, L:/127.0.0.1:51828 - R:localhost/127.0.0.1:37975]' for 'POST' to 'http://localhost:37975/session/8b12d78cbe4338026ac35fb8f0accbf5/element'
10:56:00.131 [Forwarding findElement on session 8b12d78cbe4338026ac35fb8f0accbf5 to remote] DEBUG org.asynchttpclient.netty.request.NettyRequestSender - Using open Channel [id: 0xf468d3c8, L:/127.0.0.1:51828 - R:localhost/127.0.0.1:37975] for POST '/session/8b12d78cbe4338026ac35fb8f0accbf5/element'
10:56:00.140 [AsyncHttpClient-1-2] DEBUG org.asynchttpclient.netty.handler.HttpHandler - 

Request DefaultHttpRequest(decodeResult: success, version: HTTP/1.1)
POST /session/8b12d78cbe4338026ac35fb8f0accbf5/element HTTP/1.1
User-Agent: selenium/4.8.0 (java windows)
Content-Length: 59
Content-Type: application/json; charset=utf-8
host: localhost:37975
accept: */*

Response DefaultHttpResponse(decodeResult: success, version: HTTP/1.1)
HTTP/1.1 200 OK
Content-Length: 88
Content-Type: application/json; charset=utf-8
cache-control: no-cache

10:56:00.141 [AsyncHttpClient-1-2] DEBUG org.asynchttpclient.netty.channel.ChannelManager - Adding key: http://localhost:37975 for channel [id: 0xf468d3c8, L:/127.0.0.1:51828 - R:localhost/127.0.0.1:37975]
10:56:00.143 [Forwarding getElementTagName on session 8b12d78cbe4338026ac35fb8f0accbf5 to remote] DEBUG org.asynchttpclient.netty.request.NettyRequestSender - Using pooled Channel '[id: 0xf468d3c8, L:/127.0.0.1:51828 - R:localhost/127.0.0.1:37975]' for 'GET' to 'http://localhost:37975/session/8b12d78cbe4338026ac35fb8f0accbf5/element/06ca25d0-da81-4def-96bb-0484f8509c78/name'
10:56:00.143 [Forwarding getElementTagName on session 8b12d78cbe4338026ac35fb8f0accbf5 to remote] DEBUG org.asynchttpclient.netty.request.NettyRequestSender - Using open Channel [id: 0xf468d3c8, L:/127.0.0.1:51828 - R:localhost/127.0.0.1:37975] for GET '/session/8b12d78cbe4338026ac35fb8f0accbf5/element/06ca25d0-da81-4def-96bb-0484f8509c78/name'
10:56:00.149 [AsyncHttpClient-1-2] DEBUG org.asynchttpclient.netty.handler.HttpHandler - 

Request DefaultFullHttpRequest(decodeResult: success, version: HTTP/1.1, content: EmptyByteBufBE)
GET /session/8b12d78cbe4338026ac35fb8f0accbf5/element/06ca25d0-da81-4def-96bb-0484f8509c78/name HTTP/1.1
User-Agent: selenium/4.8.0 (java windows)
Cache-Control: no-cache
Content-Type: application/json; charset=utf-8
host: localhost:37975
accept: */*

Response DefaultHttpResponse(decodeResult: success, version: HTTP/1.1)
HTTP/1.1 200 OK
Content-Length: 17
Content-Type: application/json; charset=utf-8
cache-control: no-cache

10:56:00.150 [AsyncHttpClient-1-2] DEBUG org.asynchttpclient.netty.channel.ChannelManager - Adding key: http://localhost:37975 for channel [id: 0xf468d3c8, L:/127.0.0.1:51828 - R:localhost/127.0.0.1:37975]
10:56:00.153 [Forwarding getElementTagName on session 8b12d78cbe4338026ac35fb8f0accbf5 to remote] DEBUG org.asynchttpclient.netty.request.NettyRequestSender - Using pooled Channel '[id: 0xf468d3c8, L:/127.0.0.1:51828 - R:localhost/127.0.0.1:37975]' for 'GET' to 'http://localhost:37975/session/8b12d78cbe4338026ac35fb8f0accbf5/element/06ca25d0-da81-4def-96bb-0484f8509c78/name'
10:56:00.153 [Forwarding getElementTagName on session 8b12d78cbe4338026ac35fb8f0accbf5 to remote] DEBUG org.asynchttpclient.netty.request.NettyRequestSender - Using open Channel [id: 0xf468d3c8, L:/127.0.0.1:51828 - R:localhost/127.0.0.1:37975] for GET '/session/8b12d78cbe4338026ac35fb8f0accbf5/element/06ca25d0-da81-4def-96bb-0484f8509c78/name'
10:56:00.157 [AsyncHttpClient-1-2] DEBUG org.asynchttpclient.netty.handler.HttpHandler - 

Request DefaultFullHttpRequest(decodeResult: success, version: HTTP/1.1, content: EmptyByteBufBE)
GET /session/8b12d78cbe4338026ac35fb8f0accbf5/element/06ca25d0-da81-4def-96bb-0484f8509c78/name HTTP/1.1
User-Agent: selenium/4.8.0 (java windows)
Cache-Control: no-cache
Content-Type: application/json; charset=utf-8
host: localhost:37975
accept: */*

Response DefaultHttpResponse(decodeResult: success, version: HTTP/1.1)
HTTP/1.1 200 OK
Content-Length: 17
Content-Type: application/json; charset=utf-8
cache-control: no-cache

10:56:00.158 [AsyncHttpClient-1-2] DEBUG org.asynchttpclient.netty.channel.ChannelManager - Adding key: http://localhost:37975 for channel [id: 0xf468d3c8, L:/127.0.0.1:51828 - R:localhost/127.0.0.1:37975]
10:56:00.164 [Forwarding isElementEnabled on session 8b12d78cbe4338026ac35fb8f0accbf5 to remote] DEBUG org.asynchttpclient.netty.request.NettyRequestSender - Using pooled Channel '[id: 0xf468d3c8, L:/127.0.0.1:51828 - R:localhost/127.0.0.1:37975]' for 'GET' to 'http://localhost:37975/session/8b12d78cbe4338026ac35fb8f0accbf5/element/06ca25d0-da81-4def-96bb-0484f8509c78/enabled'
10:56:00.164 [Forwarding isElementEnabled on session 8b12d78cbe4338026ac35fb8f0accbf5 to remote] DEBUG org.asynchttpclient.netty.request.NettyRequestSender - Using open Channel [id: 0xf468d3c8, L:/127.0.0.1:51828 - R:localhost/127.0.0.1:37975] for GET '/session/8b12d78cbe4338026ac35fb8f0accbf5/element/06ca25d0-da81-4def-96bb-0484f8509c78/enabled'
10:56:00.173 [AsyncHttpClient-1-2] DEBUG org.asynchttpclient.netty.handler.HttpHandler - 

Request DefaultFullHttpRequest(decodeResult: success, version: HTTP/1.1, content: EmptyByteBufBE)
GET /session/8b12d78cbe4338026ac35fb8f0accbf5/element/06ca25d0-da81-4def-96bb-0484f8509c78/enabled HTTP/1.1
User-Agent: selenium/4.8.0 (java windows)
Cache-Control: no-cache
Content-Type: application/json; charset=utf-8
host: localhost:37975
accept: */*

Response DefaultHttpResponse(decodeResult: success, version: HTTP/1.1)
HTTP/1.1 200 OK
Content-Length: 14
Content-Type: application/json; charset=utf-8
cache-control: no-cache

10:56:00.173 [AsyncHttpClient-1-2] DEBUG org.asynchttpclient.netty.channel.ChannelManager - Adding key: http://localhost:37975 for channel [id: 0xf468d3c8, L:/127.0.0.1:51828 - R:localhost/127.0.0.1:37975]
10:56:00.176 [Forwarding isElementEnabled on session 8b12d78cbe4338026ac35fb8f0accbf5 to remote] DEBUG org.asynchttpclient.netty.request.NettyRequestSender - Using pooled Channel '[id: 0xf468d3c8, L:/127.0.0.1:51828 - R:localhost/127.0.0.1:37975]' for 'GET' to 'http://localhost:37975/session/8b12d78cbe4338026ac35fb8f0accbf5/element/06ca25d0-da81-4def-96bb-0484f8509c78/enabled'
10:56:00.176 [Forwarding isElementEnabled on session 8b12d78cbe4338026ac35fb8f0accbf5 to remote] DEBUG org.asynchttpclient.netty.request.NettyRequestSender - Using open Channel [id: 0xf468d3c8, L:/127.0.0.1:51828 - R:localhost/127.0.0.1:37975] for GET '/session/8b12d78cbe4338026ac35fb8f0accbf5/element/06ca25d0-da81-4def-96bb-0484f8509c78/enabled'
10:56:00.182 [AsyncHttpClient-1-2] DEBUG org.asynchttpclient.netty.handler.HttpHandler - 

Request DefaultFullHttpRequest(decodeResult: success, version: HTTP/1.1, content: EmptyByteBufBE)
GET /session/8b12d78cbe4338026ac35fb8f0accbf5/element/06ca25d0-da81-4def-96bb-0484f8509c78/enabled HTTP/1.1
User-Agent: selenium/4.8.0 (java windows)
Cache-Control: no-cache
Content-Type: application/json; charset=utf-8
host: localhost:37975
accept: */*

Response DefaultHttpResponse(decodeResult: success, version: HTTP/1.1)
HTTP/1.1 200 OK
Content-Length: 14
Content-Type: application/json; charset=utf-8
cache-control: no-cache

10:56:00.183 [AsyncHttpClient-1-2] DEBUG org.asynchttpclient.netty.channel.ChannelManager - Adding key: http://localhost:37975 for channel [id: 0xf468d3c8, L:/127.0.0.1:51828 - R:localhost/127.0.0.1:37975]
10:56:00.187 [Forwarding findElement on session 8b12d78cbe4338026ac35fb8f0accbf5 to remote] DEBUG org.asynchttpclient.netty.request.NettyRequestSender - Using pooled Channel '[id: 0xf468d3c8, L:/127.0.0.1:51828 - R:localhost/127.0.0.1:37975]' for 'POST' to 'http://localhost:37975/session/8b12d78cbe4338026ac35fb8f0accbf5/element'
10:56:00.187 [Forwarding findElement on session 8b12d78cbe4338026ac35fb8f0accbf5 to remote] DEBUG org.asynchttpclient.netty.request.NettyRequestSender - Using open Channel [id: 0xf468d3c8, L:/127.0.0.1:51828 - R:localhost/127.0.0.1:37975] for POST '/session/8b12d78cbe4338026ac35fb8f0accbf5/element'
10:56:00.194 [AsyncHttpClient-1-2] DEBUG org.asynchttpclient.netty.handler.HttpHandler - 

Request DefaultHttpRequest(decodeResult: success, version: HTTP/1.1)
POST /session/8b12d78cbe4338026ac35fb8f0accbf5/element HTTP/1.1
User-Agent: selenium/4.8.0 (java windows)
Content-Length: 59
Content-Type: application/json; charset=utf-8
host: localhost:37975
accept: */*

Response DefaultHttpResponse(decodeResult: success, version: HTTP/1.1)
HTTP/1.1 200 OK
Content-Length: 88
Content-Type: application/json; charset=utf-8
cache-control: no-cache

10:56:00.195 [AsyncHttpClient-1-2] DEBUG org.asynchttpclient.netty.channel.ChannelManager - Adding key: http://localhost:37975 for channel [id: 0xf468d3c8, L:/127.0.0.1:51828 - R:localhost/127.0.0.1:37975]
10:56:00.197 [Forwarding clickElement on session 8b12d78cbe4338026ac35fb8f0accbf5 to remote] DEBUG org.asynchttpclient.netty.request.NettyRequestSender - Using pooled Channel '[id: 0xf468d3c8, L:/127.0.0.1:51828 - R:localhost/127.0.0.1:37975]' for 'POST' to 'http://localhost:37975/session/8b12d78cbe4338026ac35fb8f0accbf5/element/06ca25d0-da81-4def-96bb-0484f8509c78/click'
10:56:00.198 [Forwarding clickElement on session 8b12d78cbe4338026ac35fb8f0accbf5 to remote] DEBUG org.asynchttpclient.netty.request.NettyRequestSender - Using open Channel [id: 0xf468d3c8, L:/127.0.0.1:51828 - R:localhost/127.0.0.1:37975] for POST '/session/8b12d78cbe4338026ac35fb8f0accbf5/element/06ca25d0-da81-4def-96bb-0484f8509c78/click'
10:56:00.322 [AsyncHttpClient-1-2] DEBUG org.asynchttpclient.netty.handler.HttpHandler - 

Request DefaultHttpRequest(decodeResult: success, version: HTTP/1.1)
POST /session/8b12d78cbe4338026ac35fb8f0accbf5/element/06ca25d0-da81-4def-96bb-0484f8509c78/click HTTP/1.1
User-Agent: selenium/4.8.0 (java windows)
Content-Length: 50
Content-Type: application/json; charset=utf-8
host: localhost:37975
accept: */*

Response DefaultHttpResponse(decodeResult: success, version: HTTP/1.1)
HTTP/1.1 200 OK
Content-Length: 14
Content-Type: application/json; charset=utf-8
cache-control: no-cache

10:56:00.323 [AsyncHttpClient-1-2] DEBUG org.asynchttpclient.netty.channel.ChannelManager - Adding key: http://localhost:37975 for channel [id: 0xf468d3c8, L:/127.0.0.1:51828 - R:localhost/127.0.0.1:37975]
10:56:00.328 [main] DEBUG net.thucydides.core.steps.StepInterceptor - STEP DONE: clickLoginButton
  &amp#27;[32mAnd &amp#27;[0m&amp#27;[32muser click login button&amp#27;[0m                                           &amp#27;[90m# starter.stepdefinitions.LoginSteps.userClickLoginButton()&amp#27;[0m
10:56:00.352 [main] DEBUG net.thucydides.core.steps.StepInterceptor - STARTING STEP: LoginSteps.userOnProductsPage - userOnProductPage
10:56:00.358 [Forwarding findElement on session 8b12d78cbe4338026ac35fb8f0accbf5 to remote] DEBUG org.asynchttpclient.netty.request.NettyRequestSender - Using pooled Channel '[id: 0xf468d3c8, L:/127.0.0.1:51828 - R:localhost/127.0.0.1:37975]' for 'POST' to 'http://localhost:37975/session/8b12d78cbe4338026ac35fb8f0accbf5/element'
10:56:00.358 [Forwarding findElement on session 8b12d78cbe4338026ac35fb8f0accbf5 to remote] DEBUG org.asynchttpclient.netty.request.NettyRequestSender - Using open Channel [id: 0xf468d3c8, L:/127.0.0.1:51828 - R:localhost/127.0.0.1:37975] for POST '/session/8b12d78cbe4338026ac35fb8f0accbf5/element'
10:56:00.375 [AsyncHttpClient-1-1] DEBUG org.asynchttpclient.netty.channel.DefaultChannelPool - Entry count for : http://localhost:51830 : 1
10:56:00.392 [AsyncHttpClient-1-2] DEBUG org.asynchttpclient.netty.handler.HttpHandler - 

Request DefaultHttpRequest(decodeResult: success, version: HTTP/1.1)
POST /session/8b12d78cbe4338026ac35fb8f0accbf5/element HTTP/1.1
User-Agent: selenium/4.8.0 (java windows)
Content-Length: 72
Content-Type: application/json; charset=utf-8
host: localhost:37975
accept: */*

Response DefaultHttpResponse(decodeResult: success, version: HTTP/1.1)
HTTP/1.1 200 OK
Content-Length: 88
Content-Type: application/json; charset=utf-8
cache-control: no-cache

10:56:00.392 [AsyncHttpClient-1-2] DEBUG org.asynchttpclient.netty.channel.ChannelManager - Adding key: http://localhost:37975 for channel [id: 0xf468d3c8, L:/127.0.0.1:51828 - R:localhost/127.0.0.1:37975]
10:56:00.399 [Forwarding isElementDisplayed on session 8b12d78cbe4338026ac35fb8f0accbf5 to remote] DEBUG org.asynchttpclient.netty.request.NettyRequestSender - Using pooled Channel '[id: 0xf468d3c8, L:/127.0.0.1:51828 - R:localhost/127.0.0.1:37975]' for 'POST' to 'http://localhost:37975/session/8b12d78cbe4338026ac35fb8f0accbf5/execute/sync'
10:56:00.400 [Forwarding isElementDisplayed on session 8b12d78cbe4338026ac35fb8f0accbf5 to remote] DEBUG org.asynchttpclient.netty.request.NettyRequestSender - Using open Channel [id: 0xf468d3c8, L:/127.0.0.1:51828 - R:localhost/127.0.0.1:37975] for POST '/session/8b12d78cbe4338026ac35fb8f0accbf5/execute/sync'
10:56:00.413 [AsyncHttpClient-1-2] DEBUG org.asynchttpclient.netty.handler.HttpHandler - 

Request DefaultHttpRequest(decodeResult: success, version: HTTP/1.1)
POST /session/8b12d78cbe4338026ac35fb8f0accbf5/execute/sync HTTP/1.1
User-Agent: selenium/4.8.0 (java windows)
Content-Length: 48807
Content-Type: application/json; charset=utf-8
host: localhost:37975
accept: */*

Response DefaultHttpResponse(decodeResult: success, version: HTTP/1.1)
HTTP/1.1 200 OK
Content-Length: 14
Content-Type: application/json; charset=utf-8
cache-control: no-cache

10:56:00.414 [AsyncHttpClient-1-2] DEBUG org.asynchttpclient.netty.channel.ChannelManager - Adding key: http://localhost:37975 for channel [id: 0xf468d3c8, L:/127.0.0.1:51828 - R:localhost/127.0.0.1:37975]
10:56:00.420 [main] DEBUG net.thucydides.core.steps.StepInterceptor - STEP DONE: userOnProductPage
  &amp#27;[32mThen &amp#27;[0m&amp#27;[32muser on products page&amp#27;[0m                                            &amp#27;[90m# starter.stepdefinitions.LoginSteps.userOnProductsPage()&amp#27;[0m
10:56:00.429 [main] INFO  - 
  _____   ___   ___   _____     ___     _     ___   ___   ___   ___  
 |_   _| | __| / __| |_   _|   | _ \   /_\   / __| / __| | __| |   \ 
   | |   | _|  \__ \   | |     |  _/  / _ \  \__ \ \__ \ | _|  | |) |
   |_|   |___| |___/   |_|     |_|   /_/ \_\ |___/ |___/ |___| |___/ 

as user i want to input valid to then i can see success login
----------------------------------------------------------------------
10:56:00.496 [Driver Command Executor] DEBUG org.asynchttpclient.netty.request.NettyRequestSender - Using pooled Channel '[id: 0xf468d3c8, L:/127.0.0.1:51828 - R:localhost/127.0.0.1:37975]' for 'DELETE' to 'http://localhost:37975/session/8b12d78cbe4338026ac35fb8f0accbf5'
10:56:00.496 [Driver Command Executor] DEBUG org.asynchttpclient.netty.request.NettyRequestSender - Using open Channel [id: 0xf468d3c8, L:/127.0.0.1:51828 - R:localhost/127.0.0.1:37975] for DELETE '/session/8b12d78cbe4338026ac35fb8f0accbf5'
10:56:00.497 [AsyncHttpClient-1-4] DEBUG org.asynchttpclient.netty.handler.WebSocketHandler - Channel Closed: [id: 0x18f1fe1d, L:/127.0.0.1:51837 ! R:localhost/127.0.0.1:51830] with attribute NettyResponseFuture{currentRetry=0,
	isDone=1,
	isCancelled=0,
	asyncHandler=org.asynchttpclient.ws.WebSocketUpgradeHandler@1e8a5bc4,
	nettyRequest=org.asynchttpclient.netty.request.NettyRequest@663fbe03,
	future=java.util.concurrent.CompletableFuture@6a816fde[Completed normally],
	uri=ws://localhost:51830/devtools/browser/4c4da629-df8c-4fbe-876c-36361bd9836c,
	keepAlive=true,
	redirectCount=0,
	timeoutsHolder=null,
	inAuth=0,
	touch=1680926158840}
10:56:00.497 [AsyncHttpClient-1-4] DEBUG org.asynchttpclient.netty.channel.ChannelManager - Closing Channel [id: 0x18f1fe1d, L:/127.0.0.1:51837 ! R:localhost/127.0.0.1:51830] 
10:56:01.032 [AsyncHttpClient-1-3] DEBUG org.asynchttpclient.netty.handler.HttpHandler - Unexpected I/O exception on channel [id: 0x432b31bd, L:/127.0.0.1:51836 - R:localhost/127.0.0.1:51830]
java.io.IOException: An existing connection was forcibly closed by the remote host
	at sun.nio.ch.SocketDispatcher.read0(Native Method)
	at sun.nio.ch.SocketDispatcher.read(SocketDispatcher.java:43)
	at sun.nio.ch.IOUtil.readIntoNativeBuffer(IOUtil.java:223)
	at sun.nio.ch.IOUtil.read(IOUtil.java:192)
	at sun.nio.ch.SocketChannelImpl.read(SocketChannelImpl.java:378)
	at io.netty.buffer.PooledByteBuf.setBytes(PooledByteBuf.java:259)
	at io.netty.buffer.AbstractByteBuf.writeBytes(AbstractByteBuf.java:1132)
	at io.netty.channel.socket.nio.NioSocketChannel.doReadBytes(NioSocketChannel.java:357)
	at io.netty.channel.nio.AbstractNioByteChannel$NioByteUnsafe.read(AbstractNioByteChannel.java:151)
	at io.netty.channel.nio.NioEventLoop.processSelectedKey(NioEventLoop.java:788)
	at io.netty.channel.nio.NioEventLoop.processSelectedKeysOptimized(NioEventLoop.java:724)
	at io.netty.channel.nio.NioEventLoop.processSelectedKeys(NioEventLoop.java:650)
	at io.netty.channel.nio.NioEventLoop.run(NioEventLoop.java:562)
	at io.netty.util.concurrent.SingleThreadEventExecutor$4.run(SingleThreadEventExecutor.java:997)
	at io.netty.util.internal.ThreadExecutorMap$2.run(ThreadExecutorMap.java:74)
	at io.netty.util.concurrent.FastThreadLocalRunnable.run(FastThreadLocalRunnable.java:30)
	at java.lang.Thread.run(Thread.java:750)
10:56:01.033 [AsyncHttpClient-1-3] DEBUG org.asynchttpclient.netty.channel.ChannelManager - Closing Channel [id: 0x432b31bd, L:/127.0.0.1:51836 - R:localhost/127.0.0.1:51830] 
10:56:01.035 [AsyncHttpClient-1-3] DEBUG org.asynchttpclient.netty.handler.HttpHandler - Channel Closed: [id: 0x432b31bd, L:/127.0.0.1:51836 ! R:localhost/127.0.0.1:51830] with attribute DISCARD
10:56:01.062 [AsyncHttpClient-1-2] DEBUG org.asynchttpclient.netty.handler.HttpHandler - 

Request DefaultFullHttpRequest(decodeResult: success, version: HTTP/1.1, content: EmptyByteBufBE)
DELETE /session/8b12d78cbe4338026ac35fb8f0accbf5 HTTP/1.1
User-Agent: selenium/4.8.0 (java windows)
Content-Type: application/json; charset=utf-8
host: localhost:37975
accept: */*

Response DefaultHttpResponse(decodeResult: success, version: HTTP/1.1)
HTTP/1.1 200 OK
Content-Length: 14
Content-Type: application/json; charset=utf-8
cache-control: no-cache

10:56:01.062 [AsyncHttpClient-1-2] DEBUG org.asynchttpclient.netty.channel.ChannelManager - Adding key: http://localhost:37975 for channel [id: 0xf468d3c8, L:/127.0.0.1:51828 - R:localhost/127.0.0.1:37975]
10:56:01.938 [AsyncHttpClient-1-1] DEBUG org.asynchttpclient.netty.channel.DefaultChannelPool - Entry count for : http://localhost:51830 : 1
10:56:01.938 [AsyncHttpClient-1-1] DEBUG org.asynchttpclient.netty.channel.DefaultChannelPool - Entry count for : http://localhost:37975 : 1
10:56:01.938 [AsyncHttpClient-1-1] DEBUG org.asynchttpclient.netty.channel.DefaultChannelPool - Adding Candidate expired Channel [id: 0x432b31bd, L:/127.0.0.1:51836 ! R:localhost/127.0.0.1:51830] isIdleTimeoutExpired=false isRemotelyClosed=true isTtlExpired=false
10:56:01.938 [AsyncHttpClient-1-1] DEBUG org.asynchttpclient.netty.channel.DefaultChannelPool - Closing Idle Channel [id: 0x432b31bd, L:/127.0.0.1:51836 ! R:localhost/127.0.0.1:51830]
10:56:01.938 [AsyncHttpClient-1-1] DEBUG org.asynchttpclient.netty.channel.DefaultChannelPool - Closed 1 connections out of 2 in 0 ms
10:56:03.201 [AsyncHttpClient-1-1] DEBUG org.asynchttpclient.netty.channel.DefaultChannelPool - Entry count for : http://localhost:37975 : 1
10:56:04.312 [AsyncHttpClient-1-1] DEBUG org.asynchttpclient.netty.channel.DefaultChannelPool - Entry count for : http://localhost:37975 : 1
10:56:04.531 [AsyncHttpClient-1-2] DEBUG org.asynchttpclient.netty.handler.HttpHandler - Unexpected I/O exception on channel [id: 0xf468d3c8, L:/127.0.0.1:51828 - R:localhost/127.0.0.1:37975]
java.io.IOException: An existing connection was forcibly closed by the remote host
	at sun.nio.ch.SocketDispatcher.read0(Native Method)
	at sun.nio.ch.SocketDispatcher.read(SocketDispatcher.java:43)
	at sun.nio.ch.IOUtil.readIntoNativeBuffer(IOUtil.java:223)
	at sun.nio.ch.IOUtil.read(IOUtil.java:192)
	at sun.nio.ch.SocketChannelImpl.read(SocketChannelImpl.java:378)
	at io.netty.buffer.PooledByteBuf.setBytes(PooledByteBuf.java:259)
	at io.netty.buffer.AbstractByteBuf.writeBytes(AbstractByteBuf.java:1132)
	at io.netty.channel.socket.nio.NioSocketChannel.doReadBytes(NioSocketChannel.java:357)
	at io.netty.channel.nio.AbstractNioByteChannel$NioByteUnsafe.read(AbstractNioByteChannel.java:151)
	at io.netty.channel.nio.NioEventLoop.processSelectedKey(NioEventLoop.java:788)
	at io.netty.channel.nio.NioEventLoop.processSelectedKeysOptimized(NioEventLoop.java:724)
	at io.netty.channel.nio.NioEventLoop.processSelectedKeys(NioEventLoop.java:650)
	at io.netty.channel.nio.NioEventLoop.run(NioEventLoop.java:562)
	at io.netty.util.concurrent.SingleThreadEventExecutor$4.run(SingleThreadEventExecutor.java:997)
	at io.netty.util.internal.ThreadExecutorMap$2.run(ThreadExecutorMap.java:74)
	at io.netty.util.concurrent.FastThreadLocalRunnable.run(FastThreadLocalRunnable.java:30)
	at java.lang.Thread.run(Thread.java:750)
10:56:04.531 [AsyncHttpClient-1-2] DEBUG org.asynchttpclient.netty.channel.ChannelManager - Closing Channel [id: 0xf468d3c8, L:/127.0.0.1:51828 - R:localhost/127.0.0.1:37975] 
10:56:04.531 [AsyncHttpClient-1-2] DEBUG org.asynchttpclient.netty.handler.HttpHandler - Channel Closed: [id: 0xf468d3c8, L:/127.0.0.1:51828 ! R:localhost/127.0.0.1:37975] with attribute DISCARD
]]></system-out>
    <system-err><![CDATA[Starting ChromeDriver 112.0.5615.49 (bd2a7bcb881c11e8cfe3078709382934e3916914-refs/branch-heads/5615@{#936}) on port 37975
Only local connections are allowed.
Please see https://chromedriver.chromium.org/security-considerations for suggestions on keeping ChromeDriver safe.
ChromeDriver was started successfully.
Apr 08, 2023 10:55:58 AM org.openqa.selenium.devtools.CdpVersionFinder findNearestMatch
WARNING: Unable to find an exact match for CDP version 112, so returning the closest version found: 109
Apr 08, 2023 10:56:04 AM org.openqa.selenium.os.OsProcess destroy
SEVERE: Unable to kill process java.lang.ProcessImpl@5939e24
]]></system-err>
  </testcase>
  <testcase name="as user i want to input invalid username then get error message" classname="As a user" time="8.418">
    <system-out><![CDATA[
@NegativeLogin
Scenario: as user i want to input invalid username then get error message                   &amp#27;[90m# src/test/resources/features/web/Login.feature:14&amp#27;[0m
10:56:04.638 [main] INFO io.cucumber.core.plugin.SerenityReporter - Running feature from file:///E:/SEMESTER%20VI/ALTA/web-automation-saucedemo/src/test/resources/features/web/Login.feature
10:56:04.642 [main] INFO  - 
  _____   ___   ___   _____     ___   _____     _     ___   _____   ___   ___  
 |_   _| | __| / __| |_   _|   / __| |_   _|   /_\   | _ \ |_   _| | __| |   \ 
   | |   | _|  \__ \   | |     \__ \   | |    / _ \  |   /   | |   | _|  | |) |
   |_|   |___| |___/   |_|     |___/   |_|   /_/ \_\ |_|_\   |_|   |___| |___/ 

as user i want to input invalid username then get error message(as-a-user;as-user-i-want-to-input-invalid-username-then-get-error-message)
--------------------------------------------------------------------------------
10:56:04.671 [main] DEBUG net.thucydides.core.steps.StepInterceptor - STARTING STEP: LoginSteps.userOnLoginPage - onLoginPage
10:56:04.739 [main] INFO net.serenitybdd.core.webdriver.driverproviders.ChromeDriverProvider - Starting Chrome driver instance with capabilities:
10:56:04.739 [main] INFO net.serenitybdd.core.webdriver.driverproviders.ChromeDriverProvider - Capabilities {acceptInsecureCerts: true, browserName: chrome, goog:chromeOptions: {args: [remote-allow-origins=*, test-type, no-sandbox, ignore-certificate-errors, start-maximized, incognito, disable-infobars, disable-gpu, disable-default-apps, disable-popup-blocking, remote-allow-origins=*, test-type, no-sandbox, ignore-certificate-errors, start-maximized, incognito, disable-infobars, disable-gpu, disable-default-apps, disable-popup-blocking], extensions: []}}
10:56:05.336 [AsyncHttpClient-1-1] DEBUG org.asynchttpclient.netty.channel.DefaultChannelPool - Entry count for : http://localhost:37975 : 1
10:56:05.336 [AsyncHttpClient-1-1] DEBUG org.asynchttpclient.netty.channel.DefaultChannelPool - Adding Candidate expired Channel [id: 0xf468d3c8, L:/127.0.0.1:51828 ! R:localhost/127.0.0.1:37975] isIdleTimeoutExpired=false isRemotelyClosed=true isTtlExpired=false
10:56:05.336 [AsyncHttpClient-1-1] DEBUG org.asynchttpclient.netty.channel.DefaultChannelPool - Closing Idle Channel [id: 0xf468d3c8, L:/127.0.0.1:51828 ! R:localhost/127.0.0.1:37975]
10:56:05.336 [AsyncHttpClient-1-1] DEBUG org.asynchttpclient.netty.channel.DefaultChannelPool - Closed 1 connections out of 1 in 0 ms
10:56:05.385 [AsyncHttpClient-1-5] DEBUG org.asynchttpclient.netty.channel.NettyConnectListener - Using new Channel '[id: 0x074a72b0, L:/127.0.0.1:51850 - R:localhost/127.0.0.1:38677]' for 'POST' to '/session'
10:56:06.527 [AsyncHttpClient-1-5] DEBUG org.asynchttpclient.netty.handler.HttpHandler - 

Request DefaultHttpRequest(decodeResult: success, version: HTTP/1.1)
POST /session HTTP/1.1
User-Agent: selenium/4.8.0 (java windows)
Content-Length: 1629
Content-Type: application/json; charset=utf-8
host: localhost:38677
accept: */*

Response DefaultHttpResponse(decodeResult: success, version: HTTP/1.1)
HTTP/1.1 200 OK
Content-Length: 855
Content-Type: application/json; charset=utf-8
cache-control: no-cache

10:56:06.528 [AsyncHttpClient-1-5] DEBUG org.asynchttpclient.netty.channel.ChannelManager - Adding key: http://localhost:38677 for channel [id: 0x074a72b0, L:/127.0.0.1:51850 - R:localhost/127.0.0.1:38677]
10:56:06.669 [AsyncHttpClient-1-2] DEBUG org.asynchttpclient.netty.channel.NettyConnectListener - Using new Channel '[id: 0x71f90fa9, L:/127.0.0.1:51857 - R:localhost/127.0.0.1:51852]' for 'GET' to '/json/version'
10:56:06.670 [AsyncHttpClient-1-2] DEBUG org.asynchttpclient.netty.handler.HttpHandler - 

Request DefaultFullHttpRequest(decodeResult: success, version: HTTP/1.1, content: EmptyByteBufBE)
GET /json/version HTTP/1.1
User-Agent: selenium/4.8.0 (java windows)
host: localhost:51852
accept: */*

Response DefaultHttpResponse(decodeResult: success, version: HTTP/1.1)
HTTP/1.1 200 OK
Content-Security-Policy: frame-ancestors 'none'
Content-Length: 422
Content-Type: application/json; charset=UTF-8

10:56:06.671 [AsyncHttpClient-1-2] DEBUG org.asynchttpclient.netty.channel.ChannelManager - Adding key: http://localhost:51852 for channel [id: 0x71f90fa9, L:/127.0.0.1:51857 - R:localhost/127.0.0.1:51852]
10:56:06.674 [AsyncHttpClient-1-3] DEBUG org.asynchttpclient.netty.channel.NettyConnectListener - Using new Channel '[id: 0xc5fc8d30, L:/127.0.0.1:51858 - R:localhost/127.0.0.1:51852]' for 'GET' to '/devtools/browser/9312567e-cba2-40f4-83c2-9c98d1c8829f'
10:56:06.675 [AsyncHttpClient-1-3] DEBUG org.asynchttpclient.netty.handler.WebSocketHandler - 

Request DefaultFullHttpRequest(decodeResult: success, version: HTTP/1.1, content: EmptyByteBufBE)
GET /devtools/browser/9312567e-cba2-40f4-83c2-9c98d1c8829f HTTP/1.1
upgrade: websocket
connection: upgrade
sec-websocket-key: g90HHT4ZW6B1yu4Cljlfmg==
sec-websocket-version: 13
origin: http://localhost:51852
host: localhost:51852
accept: */*
user-agent: AHC/2.1

Response DefaultHttpResponse(decodeResult: success, version: HTTP/1.1)
HTTP/1.1 101 WebSocket Protocol Handshake
Upgrade: WebSocket
Connection: Upgrade
Sec-WebSocket-Accept: n6gBq56aGXxHYBZxCqSLOivotKE=

10:56:06.685 [Forwarding get on session 3f37abd30a9a2582682cb895a103f48f to remote] DEBUG org.asynchttpclient.netty.request.NettyRequestSender - Using pooled Channel '[id: 0x074a72b0, L:/127.0.0.1:51850 - R:localhost/127.0.0.1:38677]' for 'POST' to 'http://localhost:38677/session/3f37abd30a9a2582682cb895a103f48f/url'
10:56:06.685 [Forwarding get on session 3f37abd30a9a2582682cb895a103f48f to remote] DEBUG org.asynchttpclient.netty.request.NettyRequestSender - Using open Channel [id: 0x074a72b0, L:/127.0.0.1:51850 - R:localhost/127.0.0.1:38677] for POST '/session/3f37abd30a9a2582682cb895a103f48f/url'
10:56:07.537 [AsyncHttpClient-1-1] DEBUG org.asynchttpclient.netty.channel.DefaultChannelPool - Entry count for : http://localhost:51852 : 1
10:56:08.537 [AsyncHttpClient-1-5] DEBUG org.asynchttpclient.netty.handler.HttpHandler - 

Request DefaultHttpRequest(decodeResult: success, version: HTTP/1.1)
POST /session/3f37abd30a9a2582682cb895a103f48f/url HTTP/1.1
User-Agent: selenium/4.8.0 (java windows)
Content-Length: 56
Content-Type: application/json; charset=utf-8
host: localhost:38677
accept: */*

Response DefaultHttpResponse(decodeResult: success, version: HTTP/1.1)
HTTP/1.1 200 OK
Content-Length: 14
Content-Type: application/json; charset=utf-8
cache-control: no-cache

10:56:08.538 [AsyncHttpClient-1-5] DEBUG org.asynchttpclient.netty.channel.ChannelManager - Adding key: http://localhost:38677 for channel [id: 0x074a72b0, L:/127.0.0.1:51850 - R:localhost/127.0.0.1:38677]
10:56:08.542 [Forwarding setTimeout on session 3f37abd30a9a2582682cb895a103f48f to remote] DEBUG org.asynchttpclient.netty.request.NettyRequestSender - Using pooled Channel '[id: 0x074a72b0, L:/127.0.0.1:51850 - R:localhost/127.0.0.1:38677]' for 'POST' to 'http://localhost:38677/session/3f37abd30a9a2582682cb895a103f48f/timeouts'
10:56:08.542 [Forwarding setTimeout on session 3f37abd30a9a2582682cb895a103f48f to remote] DEBUG org.asynchttpclient.netty.request.NettyRequestSender - Using open Channel [id: 0x074a72b0, L:/127.0.0.1:51850 - R:localhost/127.0.0.1:38677] for POST '/session/3f37abd30a9a2582682cb895a103f48f/timeouts'
10:56:08.544 [AsyncHttpClient-1-5] DEBUG org.asynchttpclient.netty.handler.HttpHandler - 

Request DefaultHttpRequest(decodeResult: success, version: HTTP/1.1)
POST /session/3f37abd30a9a2582682cb895a103f48f/timeouts HTTP/1.1
User-Agent: selenium/4.8.0 (java windows)
Content-Length: 22
Content-Type: application/json; charset=utf-8
host: localhost:38677
accept: */*

Response DefaultHttpResponse(decodeResult: success, version: HTTP/1.1)
HTTP/1.1 200 OK
Content-Length: 14
Content-Type: application/json; charset=utf-8
cache-control: no-cache

10:56:08.544 [AsyncHttpClient-1-5] DEBUG org.asynchttpclient.netty.channel.ChannelManager - Adding key: http://localhost:38677 for channel [id: 0x074a72b0, L:/127.0.0.1:51850 - R:localhost/127.0.0.1:38677]
10:56:08.551 [Forwarding getCurrentUrl on session 3f37abd30a9a2582682cb895a103f48f to remote] DEBUG org.asynchttpclient.netty.request.NettyRequestSender - Using pooled Channel '[id: 0x074a72b0, L:/127.0.0.1:51850 - R:localhost/127.0.0.1:38677]' for 'GET' to 'http://localhost:38677/session/3f37abd30a9a2582682cb895a103f48f/url'
10:56:08.551 [Forwarding getCurrentUrl on session 3f37abd30a9a2582682cb895a103f48f to remote] DEBUG org.asynchttpclient.netty.request.NettyRequestSender - Using open Channel [id: 0x074a72b0, L:/127.0.0.1:51850 - R:localhost/127.0.0.1:38677] for GET '/session/3f37abd30a9a2582682cb895a103f48f/url'
10:56:08.556 [AsyncHttpClient-1-5] DEBUG org.asynchttpclient.netty.handler.HttpHandler - 

Request DefaultFullHttpRequest(decodeResult: success, version: HTTP/1.1, content: EmptyByteBufBE)
GET /session/3f37abd30a9a2582682cb895a103f48f/url HTTP/1.1
User-Agent: selenium/4.8.0 (java windows)
Cache-Control: no-cache
Content-Type: application/json; charset=utf-8
host: localhost:38677
accept: */*

Response DefaultHttpResponse(decodeResult: success, version: HTTP/1.1)
HTTP/1.1 200 OK
Content-Length: 38
Content-Type: application/json; charset=utf-8
cache-control: no-cache

10:56:08.557 [AsyncHttpClient-1-5] DEBUG org.asynchttpclient.netty.channel.ChannelManager - Adding key: http://localhost:38677 for channel [id: 0x074a72b0, L:/127.0.0.1:51850 - R:localhost/127.0.0.1:38677]
10:56:08.560 [Forwarding getCurrentUrl on session 3f37abd30a9a2582682cb895a103f48f to remote] DEBUG org.asynchttpclient.netty.request.NettyRequestSender - Using pooled Channel '[id: 0x074a72b0, L:/127.0.0.1:51850 - R:localhost/127.0.0.1:38677]' for 'GET' to 'http://localhost:38677/session/3f37abd30a9a2582682cb895a103f48f/url'
10:56:08.560 [Forwarding getCurrentUrl on session 3f37abd30a9a2582682cb895a103f48f to remote] DEBUG org.asynchttpclient.netty.request.NettyRequestSender - Using open Channel [id: 0x074a72b0, L:/127.0.0.1:51850 - R:localhost/127.0.0.1:38677] for GET '/session/3f37abd30a9a2582682cb895a103f48f/url'
10:56:08.565 [AsyncHttpClient-1-5] DEBUG org.asynchttpclient.netty.handler.HttpHandler - 

Request DefaultFullHttpRequest(decodeResult: success, version: HTTP/1.1, content: EmptyByteBufBE)
GET /session/3f37abd30a9a2582682cb895a103f48f/url HTTP/1.1
User-Agent: selenium/4.8.0 (java windows)
Cache-Control: no-cache
Content-Type: application/json; charset=utf-8
host: localhost:38677
accept: */*

Response DefaultHttpResponse(decodeResult: success, version: HTTP/1.1)
HTTP/1.1 200 OK
Content-Length: 38
Content-Type: application/json; charset=utf-8
cache-control: no-cache

10:56:08.565 [AsyncHttpClient-1-5] DEBUG org.asynchttpclient.netty.channel.ChannelManager - Adding key: http://localhost:38677 for channel [id: 0x074a72b0, L:/127.0.0.1:51850 - R:localhost/127.0.0.1:38677]
10:56:08.570 [Forwarding findElement on session 3f37abd30a9a2582682cb895a103f48f to remote] DEBUG org.asynchttpclient.netty.request.NettyRequestSender - Using pooled Channel '[id: 0x074a72b0, L:/127.0.0.1:51850 - R:localhost/127.0.0.1:38677]' for 'POST' to 'http://localhost:38677/session/3f37abd30a9a2582682cb895a103f48f/element'
10:56:08.570 [Forwarding findElement on session 3f37abd30a9a2582682cb895a103f48f to remote] DEBUG org.asynchttpclient.netty.request.NettyRequestSender - Using open Channel [id: 0x074a72b0, L:/127.0.0.1:51850 - R:localhost/127.0.0.1:38677] for POST '/session/3f37abd30a9a2582682cb895a103f48f/element'
10:56:08.587 [AsyncHttpClient-1-5] DEBUG org.asynchttpclient.netty.handler.HttpHandler - 

Request DefaultHttpRequest(decodeResult: success, version: HTTP/1.1)
POST /session/3f37abd30a9a2582682cb895a103f48f/element HTTP/1.1
User-Agent: selenium/4.8.0 (java windows)
Content-Length: 59
Content-Type: application/json; charset=utf-8
host: localhost:38677
accept: */*

Response DefaultHttpResponse(decodeResult: success, version: HTTP/1.1)
HTTP/1.1 200 OK
Content-Length: 88
Content-Type: application/json; charset=utf-8
cache-control: no-cache

10:56:08.587 [AsyncHttpClient-1-5] DEBUG org.asynchttpclient.netty.channel.ChannelManager - Adding key: http://localhost:38677 for channel [id: 0x074a72b0, L:/127.0.0.1:51850 - R:localhost/127.0.0.1:38677]
10:56:08.593 [Forwarding isElementDisplayed on session 3f37abd30a9a2582682cb895a103f48f to remote] DEBUG org.asynchttpclient.netty.request.NettyRequestSender - Using pooled Channel '[id: 0x074a72b0, L:/127.0.0.1:51850 - R:localhost/127.0.0.1:38677]' for 'POST' to 'http://localhost:38677/session/3f37abd30a9a2582682cb895a103f48f/execute/sync'
10:56:08.593 [Forwarding isElementDisplayed on session 3f37abd30a9a2582682cb895a103f48f to remote] DEBUG org.asynchttpclient.netty.request.NettyRequestSender - Using open Channel [id: 0x074a72b0, L:/127.0.0.1:51850 - R:localhost/127.0.0.1:38677] for POST '/session/3f37abd30a9a2582682cb895a103f48f/execute/sync'
10:56:08.607 [AsyncHttpClient-1-5] DEBUG org.asynchttpclient.netty.handler.HttpHandler - 

Request DefaultHttpRequest(decodeResult: success, version: HTTP/1.1)
POST /session/3f37abd30a9a2582682cb895a103f48f/execute/sync HTTP/1.1
User-Agent: selenium/4.8.0 (java windows)
Content-Length: 48807
Content-Type: application/json; charset=utf-8
host: localhost:38677
accept: */*

Response DefaultHttpResponse(decodeResult: success, version: HTTP/1.1)
HTTP/1.1 200 OK
Content-Length: 14
Content-Type: application/json; charset=utf-8
cache-control: no-cache

10:56:08.607 [AsyncHttpClient-1-5] DEBUG org.asynchttpclient.netty.channel.ChannelManager - Adding key: http://localhost:38677 for channel [id: 0x074a72b0, L:/127.0.0.1:51850 - R:localhost/127.0.0.1:38677]
10:56:08.611 [Forwarding isElementDisplayed on session 3f37abd30a9a2582682cb895a103f48f to remote] DEBUG org.asynchttpclient.netty.request.NettyRequestSender - Using pooled Channel '[id: 0x074a72b0, L:/127.0.0.1:51850 - R:localhost/127.0.0.1:38677]' for 'POST' to 'http://localhost:38677/session/3f37abd30a9a2582682cb895a103f48f/execute/sync'
10:56:08.611 [Forwarding isElementDisplayed on session 3f37abd30a9a2582682cb895a103f48f to remote] DEBUG org.asynchttpclient.netty.request.NettyRequestSender - Using open Channel [id: 0x074a72b0, L:/127.0.0.1:51850 - R:localhost/127.0.0.1:38677] for POST '/session/3f37abd30a9a2582682cb895a103f48f/execute/sync'
10:56:08.625 [AsyncHttpClient-1-5] DEBUG org.asynchttpclient.netty.handler.HttpHandler - 

Request DefaultHttpRequest(decodeResult: success, version: HTTP/1.1)
POST /session/3f37abd30a9a2582682cb895a103f48f/execute/sync HTTP/1.1
User-Agent: selenium/4.8.0 (java windows)
Content-Length: 48807
Content-Type: application/json; charset=utf-8
host: localhost:38677
accept: */*

Response DefaultHttpResponse(decodeResult: success, version: HTTP/1.1)
HTTP/1.1 200 OK
Content-Length: 14
Content-Type: application/json; charset=utf-8
cache-control: no-cache

10:56:08.626 [AsyncHttpClient-1-5] DEBUG org.asynchttpclient.netty.channel.ChannelManager - Adding key: http://localhost:38677 for channel [id: 0x074a72b0, L:/127.0.0.1:51850 - R:localhost/127.0.0.1:38677]
10:56:08.628 [main] DEBUG net.thucydides.core.steps.StepInterceptor - STEP DONE: onLoginPage
  &amp#27;[32mGiven &amp#27;[0m&amp#27;[32muser on login page&amp#27;[0m                                                                  &amp#27;[90m# starter.stepdefinitions.LoginSteps.userOnLoginPage()&amp#27;[0m
10:56:08.637 [main] DEBUG net.thucydides.core.steps.StepInterceptor - STARTING STEP: LoginSteps.userInputInvalidUsername - inputUserName
10:56:08.644 [Forwarding findElement on session 3f37abd30a9a2582682cb895a103f48f to remote] DEBUG org.asynchttpclient.netty.request.NettyRequestSender - Using pooled Channel '[id: 0x074a72b0, L:/127.0.0.1:51850 - R:localhost/127.0.0.1:38677]' for 'POST' to 'http://localhost:38677/session/3f37abd30a9a2582682cb895a103f48f/element'
10:56:08.644 [Forwarding findElement on session 3f37abd30a9a2582682cb895a103f48f to remote] DEBUG org.asynchttpclient.netty.request.NettyRequestSender - Using open Channel [id: 0x074a72b0, L:/127.0.0.1:51850 - R:localhost/127.0.0.1:38677] for POST '/session/3f37abd30a9a2582682cb895a103f48f/element'
10:56:08.645 [AsyncHttpClient-1-1] DEBUG org.asynchttpclient.netty.channel.DefaultChannelPool - Entry count for : http://localhost:51852 : 1
10:56:08.654 [AsyncHttpClient-1-5] DEBUG org.asynchttpclient.netty.handler.HttpHandler - 

Request DefaultHttpRequest(decodeResult: success, version: HTTP/1.1)
POST /session/3f37abd30a9a2582682cb895a103f48f/element HTTP/1.1
User-Agent: selenium/4.8.0 (java windows)
Content-Length: 56
Content-Type: application/json; charset=utf-8
host: localhost:38677
accept: */*

Response DefaultHttpResponse(decodeResult: success, version: HTTP/1.1)
HTTP/1.1 200 OK
Content-Length: 88
Content-Type: application/json; charset=utf-8
cache-control: no-cache

10:56:08.655 [AsyncHttpClient-1-5] DEBUG org.asynchttpclient.netty.channel.ChannelManager - Adding key: http://localhost:38677 for channel [id: 0x074a72b0, L:/127.0.0.1:51850 - R:localhost/127.0.0.1:38677]
10:56:08.658 [Forwarding clearElement on session 3f37abd30a9a2582682cb895a103f48f to remote] DEBUG org.asynchttpclient.netty.request.NettyRequestSender - Using pooled Channel '[id: 0x074a72b0, L:/127.0.0.1:51850 - R:localhost/127.0.0.1:38677]' for 'POST' to 'http://localhost:38677/session/3f37abd30a9a2582682cb895a103f48f/element/46364bb8-aff9-46f4-afca-d6a8da00073c/clear'
10:56:08.658 [Forwarding clearElement on session 3f37abd30a9a2582682cb895a103f48f to remote] DEBUG org.asynchttpclient.netty.request.NettyRequestSender - Using open Channel [id: 0x074a72b0, L:/127.0.0.1:51850 - R:localhost/127.0.0.1:38677] for POST '/session/3f37abd30a9a2582682cb895a103f48f/element/46364bb8-aff9-46f4-afca-d6a8da00073c/clear'
10:56:08.688 [AsyncHttpClient-1-5] DEBUG org.asynchttpclient.netty.handler.HttpHandler - 

Request DefaultHttpRequest(decodeResult: success, version: HTTP/1.1)
POST /session/3f37abd30a9a2582682cb895a103f48f/element/46364bb8-aff9-46f4-afca-d6a8da00073c/clear HTTP/1.1
User-Agent: selenium/4.8.0 (java windows)
Content-Length: 50
Content-Type: application/json; charset=utf-8
host: localhost:38677
accept: */*

Response DefaultHttpResponse(decodeResult: success, version: HTTP/1.1)
HTTP/1.1 200 OK
Content-Length: 14
Content-Type: application/json; charset=utf-8
cache-control: no-cache

10:56:08.688 [AsyncHttpClient-1-5] DEBUG org.asynchttpclient.netty.channel.ChannelManager - Adding key: http://localhost:38677 for channel [id: 0x074a72b0, L:/127.0.0.1:51850 - R:localhost/127.0.0.1:38677]
10:56:08.691 [Forwarding sendKeysToElement on session 3f37abd30a9a2582682cb895a103f48f to remote] DEBUG org.asynchttpclient.netty.request.NettyRequestSender - Using pooled Channel '[id: 0x074a72b0, L:/127.0.0.1:51850 - R:localhost/127.0.0.1:38677]' for 'POST' to 'http://localhost:38677/session/3f37abd30a9a2582682cb895a103f48f/element/46364bb8-aff9-46f4-afca-d6a8da00073c/value'
10:56:08.691 [Forwarding sendKeysToElement on session 3f37abd30a9a2582682cb895a103f48f to remote] DEBUG org.asynchttpclient.netty.request.NettyRequestSender - Using open Channel [id: 0x074a72b0, L:/127.0.0.1:51850 - R:localhost/127.0.0.1:38677] for POST '/session/3f37abd30a9a2582682cb895a103f48f/element/46364bb8-aff9-46f4-afca-d6a8da00073c/value'
10:56:08.770 [AsyncHttpClient-1-5] DEBUG org.asynchttpclient.netty.handler.HttpHandler - 

Request DefaultHttpRequest(decodeResult: success, version: HTTP/1.1)
POST /session/3f37abd30a9a2582682cb895a103f48f/element/46364bb8-aff9-46f4-afca-d6a8da00073c/value HTTP/1.1
User-Agent: selenium/4.8.0 (java windows)
Content-Length: 131
Content-Type: application/json; charset=utf-8
host: localhost:38677
accept: */*

Response DefaultHttpResponse(decodeResult: success, version: HTTP/1.1)
HTTP/1.1 200 OK
Content-Length: 14
Content-Type: application/json; charset=utf-8
cache-control: no-cache

10:56:08.770 [AsyncHttpClient-1-5] DEBUG org.asynchttpclient.netty.channel.ChannelManager - Adding key: http://localhost:38677 for channel [id: 0x074a72b0, L:/127.0.0.1:51850 - R:localhost/127.0.0.1:38677]
10:56:08.774 [main] DEBUG net.thucydides.core.steps.StepInterceptor - STEP DONE: inputUserName
  &amp#27;[32mWhen &amp#27;[0m&amp#27;[32muser input invalid username&amp#27;[0m                                                          &amp#27;[90m# starter.stepdefinitions.LoginSteps.userInputInvalidUsername()&amp#27;[0m
10:56:08.785 [main] DEBUG net.thucydides.core.steps.StepInterceptor - STARTING STEP: LoginSteps.userInputValidPassword - inputPassword
10:56:08.788 [Forwarding findElement on session 3f37abd30a9a2582682cb895a103f48f to remote] DEBUG org.asynchttpclient.netty.request.NettyRequestSender - Using pooled Channel '[id: 0x074a72b0, L:/127.0.0.1:51850 - R:localhost/127.0.0.1:38677]' for 'POST' to 'http://localhost:38677/session/3f37abd30a9a2582682cb895a103f48f/element'
10:56:08.788 [Forwarding findElement on session 3f37abd30a9a2582682cb895a103f48f to remote] DEBUG org.asynchttpclient.netty.request.NettyRequestSender - Using open Channel [id: 0x074a72b0, L:/127.0.0.1:51850 - R:localhost/127.0.0.1:38677] for POST '/session/3f37abd30a9a2582682cb895a103f48f/element'
10:56:08.800 [AsyncHttpClient-1-5] DEBUG org.asynchttpclient.netty.handler.HttpHandler - 

Request DefaultHttpRequest(decodeResult: success, version: HTTP/1.1)
POST /session/3f37abd30a9a2582682cb895a103f48f/element HTTP/1.1
User-Agent: selenium/4.8.0 (java windows)
Content-Length: 53
Content-Type: application/json; charset=utf-8
[...]
10:56:41.700 [AsyncHttpClient-1-5] DEBUG org.asynchttpclient.netty.handler.HttpHandler - 

Request DefaultHttpRequest(decodeResult: success, version: HTTP/1.1)
POST /session/af33ce73ac963d11290f2ced7bdf10cf/element HTTP/1.1
User-Agent: selenium/4.8.0 (java windows)
Content-Length: 53
Content-Type: application/json; charset=utf-8
host: localhost:3351
accept: */*

Response DefaultHttpResponse(decodeResult: success, version: HTTP/1.1)
HTTP/1.1 200 OK
Content-Length: 88
Content-Type: application/json; charset=utf-8
cache-control: no-cache

10:56:41.700 [AsyncHttpClient-1-5] DEBUG org.asynchttpclient.netty.channel.ChannelManager - Adding key: http://localhost:3351 for channel [id: 0x8ba06b9b, L:/127.0.0.1:51945 - R:localhost/127.0.0.1:3351]
10:56:41.702 [Forwarding getElementTagName on session af33ce73ac963d11290f2ced7bdf10cf to remote] DEBUG org.asynchttpclient.netty.request.NettyRequestSender - Using pooled Channel '[id: 0x8ba06b9b, L:/127.0.0.1:51945 - R:localhost/127.0.0.1:3351]' for 'GET' to 'http://localhost:3351/session/af33ce73ac963d11290f2ced7bdf10cf/element/cd7fd36d-013b-4086-8e8b-691d5584a547/name'
10:56:41.702 [Forwarding getElementTagName on session af33ce73ac963d11290f2ced7bdf10cf to remote] DEBUG org.asynchttpclient.netty.request.NettyRequestSender - Using open Channel [id: 0x8ba06b9b, L:/127.0.0.1:51945 - R:localhost/127.0.0.1:3351] for GET '/session/af33ce73ac963d11290f2ced7bdf10cf/element/cd7fd36d-013b-4086-8e8b-691d5584a547/name'
10:56:41.709 [AsyncHttpClient-1-5] DEBUG org.asynchttpclient.netty.handler.HttpHandler - 

Request DefaultFullHttpRequest(decodeResult: success, version: HTTP/1.1, content: EmptyByteBufBE)
GET /session/af33ce73ac963d11290f2ced7bdf10cf/element/cd7fd36d-013b-4086-8e8b-691d5584a547/name HTTP/1.1
User-Agent: selenium/4.8.0 (java windows)
Cache-Control: no-cache
Content-Type: application/json; charset=utf-8
host: localhost:3351
accept: */*

Response DefaultHttpResponse(decodeResult: success, version: HTTP/1.1)
HTTP/1.1 200 OK
Content-Length: 17
Content-Type: application/json; charset=utf-8
cache-control: no-cache

10:56:41.709 [AsyncHttpClient-1-5] DEBUG org.asynchttpclient.netty.channel.ChannelManager - Adding key: http://localhost:3351 for channel [id: 0x8ba06b9b, L:/127.0.0.1:51945 - R:localhost/127.0.0.1:3351]
10:56:41.711 [Forwarding getElementTagName on session af33ce73ac963d11290f2ced7bdf10cf to remote] DEBUG org.asynchttpclient.netty.request.NettyRequestSender - Using pooled Channel '[id: 0x8ba06b9b, L:/127.0.0.1:51945 - R:localhost/127.0.0.1:3351]' for 'GET' to 'http://localhost:3351/session/af33ce73ac963d11290f2ced7bdf10cf/element/cd7fd36d-013b-4086-8e8b-691d5584a547/name'
10:56:41.711 [Forwarding getElementTagName on session af33ce73ac963d11290f2ced7bdf10cf to remote] DEBUG org.asynchttpclient.netty.request.NettyRequestSender - Using open Channel [id: 0x8ba06b9b, L:/127.0.0.1:51945 - R:localhost/127.0.0.1:3351] for GET '/session/af33ce73ac963d11290f2ced7bdf10cf/element/cd7fd36d-013b-4086-8e8b-691d5584a547/name'
10:56:41.715 [AsyncHttpClient-1-5] DEBUG org.asynchttpclient.netty.handler.HttpHandler - 

Request DefaultFullHttpRequest(decodeResult: success, version: HTTP/1.1, content: EmptyByteBufBE)
GET /session/af33ce73ac963d11290f2ced7bdf10cf/element/cd7fd36d-013b-4086-8e8b-691d5584a547/name HTTP/1.1
User-Agent: selenium/4.8.0 (java windows)
Cache-Control: no-cache
Content-Type: application/json; charset=utf-8
host: localhost:3351
accept: */*

Response DefaultHttpResponse(decodeResult: success, version: HTTP/1.1)
HTTP/1.1 200 OK
Content-Length: 17
Content-Type: application/json; charset=utf-8
cache-control: no-cache

10:56:41.715 [AsyncHttpClient-1-5] DEBUG org.asynchttpclient.netty.channel.ChannelManager - Adding key: http://localhost:3351 for channel [id: 0x8ba06b9b, L:/127.0.0.1:51945 - R:localhost/127.0.0.1:3351]
10:56:41.719 [Forwarding isElementEnabled on session af33ce73ac963d11290f2ced7bdf10cf to remote] DEBUG org.asynchttpclient.netty.request.NettyRequestSender - Using pooled Channel '[id: 0x8ba06b9b, L:/127.0.0.1:51945 - R:localhost/127.0.0.1:3351]' for 'GET' to 'http://localhost:3351/session/af33ce73ac963d11290f2ced7bdf10cf/element/cd7fd36d-013b-4086-8e8b-691d5584a547/enabled'
10:56:41.719 [Forwarding isElementEnabled on session af33ce73ac963d11290f2ced7bdf10cf to remote] DEBUG org.asynchttpclient.netty.request.NettyRequestSender - Using open Channel [id: 0x8ba06b9b, L:/127.0.0.1:51945 - R:localhost/127.0.0.1:3351] for GET '/session/af33ce73ac963d11290f2ced7bdf10cf/element/cd7fd36d-013b-4086-8e8b-691d5584a547/enabled'
10:56:41.726 [AsyncHttpClient-1-5] DEBUG org.asynchttpclient.netty.handler.HttpHandler - 

Request DefaultFullHttpRequest(decodeResult: success, version: HTTP/1.1, content: EmptyByteBufBE)
GET /session/af33ce73ac963d11290f2ced7bdf10cf/element/cd7fd36d-013b-4086-8e8b-691d5584a547/enabled HTTP/1.1
User-Agent: selenium/4.8.0 (java windows)
Cache-Control: no-cache
Content-Type: application/json; charset=utf-8
host: localhost:3351
accept: */*

Response DefaultHttpResponse(decodeResult: success, version: HTTP/1.1)
HTTP/1.1 200 OK
Content-Length: 14
Content-Type: application/json; charset=utf-8
cache-control: no-cache

10:56:41.726 [AsyncHttpClient-1-5] DEBUG org.asynchttpclient.netty.channel.ChannelManager - Adding key: http://localhost:3351 for channel [id: 0x8ba06b9b, L:/127.0.0.1:51945 - R:localhost/127.0.0.1:3351]
10:56:41.728 [Forwarding isElementEnabled on session af33ce73ac963d11290f2ced7bdf10cf to remote] DEBUG org.asynchttpclient.netty.request.NettyRequestSender - Using pooled Channel '[id: 0x8ba06b9b, L:/127.0.0.1:51945 - R:localhost/127.0.0.1:3351]' for 'GET' to 'http://localhost:3351/session/af33ce73ac963d11290f2ced7bdf10cf/element/cd7fd36d-013b-4086-8e8b-691d5584a547/enabled'
10:56:41.728 [Forwarding isElementEnabled on session af33ce73ac963d11290f2ced7bdf10cf to remote] DEBUG org.asynchttpclient.netty.request.NettyRequestSender - Using open Channel [id: 0x8ba06b9b, L:/127.0.0.1:51945 - R:localhost/127.0.0.1:3351] for GET '/session/af33ce73ac963d11290f2ced7bdf10cf/element/cd7fd36d-013b-4086-8e8b-691d5584a547/enabled'
10:56:41.732 [AsyncHttpClient-1-5] DEBUG org.asynchttpclient.netty.handler.HttpHandler - 

Request DefaultFullHttpRequest(decodeResult: success, version: HTTP/1.1, content: EmptyByteBufBE)
GET /session/af33ce73ac963d11290f2ced7bdf10cf/element/cd7fd36d-013b-4086-8e8b-691d5584a547/enabled HTTP/1.1
User-Agent: selenium/4.8.0 (java windows)
Cache-Control: no-cache
Content-Type: application/json; charset=utf-8
host: localhost:3351
accept: */*

Response DefaultHttpResponse(decodeResult: success, version: HTTP/1.1)
HTTP/1.1 200 OK
Content-Length: 14
Content-Type: application/json; charset=utf-8
cache-control: no-cache

10:56:41.733 [AsyncHttpClient-1-5] DEBUG org.asynchttpclient.netty.channel.ChannelManager - Adding key: http://localhost:3351 for channel [id: 0x8ba06b9b, L:/127.0.0.1:51945 - R:localhost/127.0.0.1:3351]
10:56:41.735 [Forwarding findElement on session af33ce73ac963d11290f2ced7bdf10cf to remote] DEBUG org.asynchttpclient.netty.request.NettyRequestSender - Using pooled Channel '[id: 0x8ba06b9b, L:/127.0.0.1:51945 - R:localhost/127.0.0.1:3351]' for 'POST' to 'http://localhost:3351/session/af33ce73ac963d11290f2ced7bdf10cf/element'
10:56:41.735 [Forwarding findElement on session af33ce73ac963d11290f2ced7bdf10cf to remote] DEBUG org.asynchttpclient.netty.request.NettyRequestSender - Using open Channel [id: 0x8ba06b9b, L:/127.0.0.1:51945 - R:localhost/127.0.0.1:3351] for POST '/session/af33ce73ac963d11290f2ced7bdf10cf/element'
10:56:41.741 [AsyncHttpClient-1-5] DEBUG org.asynchttpclient.netty.handler.HttpHandler - 

Request DefaultHttpRequest(decodeResult: success, version: HTTP/1.1)
POST /session/af33ce73ac963d11290f2ced7bdf10cf/element HTTP/1.1
User-Agent: selenium/4.8.0 (java windows)
Content-Length: 53
Content-Type: application/json; charset=utf-8
host: localhost:3351
accept: */*

Response DefaultHttpResponse(decodeResult: success, version: HTTP/1.1)
HTTP/1.1 200 OK
Content-Length: 88
Content-Type: application/json; charset=utf-8
cache-control: no-cache

10:56:41.741 [AsyncHttpClient-1-5] DEBUG org.asynchttpclient.netty.channel.ChannelManager - Adding key: http://localhost:3351 for channel [id: 0x8ba06b9b, L:/127.0.0.1:51945 - R:localhost/127.0.0.1:3351]
10:56:41.742 [Forwarding clickElement on session af33ce73ac963d11290f2ced7bdf10cf to remote] DEBUG org.asynchttpclient.netty.request.NettyRequestSender - Using pooled Channel '[id: 0x8ba06b9b, L:/127.0.0.1:51945 - R:localhost/127.0.0.1:3351]' for 'POST' to 'http://localhost:3351/session/af33ce73ac963d11290f2ced7bdf10cf/element/cd7fd36d-013b-4086-8e8b-691d5584a547/click'
10:56:41.742 [Forwarding clickElement on session af33ce73ac963d11290f2ced7bdf10cf to remote] DEBUG org.asynchttpclient.netty.request.NettyRequestSender - Using open Channel [id: 0x8ba06b9b, L:/127.0.0.1:51945 - R:localhost/127.0.0.1:3351] for POST '/session/af33ce73ac963d11290f2ced7bdf10cf/element/cd7fd36d-013b-4086-8e8b-691d5584a547/click'
10:56:41.795 [AsyncHttpClient-1-5] DEBUG org.asynchttpclient.netty.handler.HttpHandler - 

Request DefaultHttpRequest(decodeResult: success, version: HTTP/1.1)
POST /session/af33ce73ac963d11290f2ced7bdf10cf/element/cd7fd36d-013b-4086-8e8b-691d5584a547/click HTTP/1.1
User-Agent: selenium/4.8.0 (java windows)
Content-Length: 50
Content-Type: application/json; charset=utf-8
host: localhost:3351
accept: */*

Response DefaultHttpResponse(decodeResult: success, version: HTTP/1.1)
HTTP/1.1 200 OK
Content-Length: 14
Content-Type: application/json; charset=utf-8
cache-control: no-cache

10:56:41.795 [AsyncHttpClient-1-5] DEBUG org.asynchttpclient.netty.channel.ChannelManager - Adding key: http://localhost:3351 for channel [id: 0x8ba06b9b, L:/127.0.0.1:51945 - R:localhost/127.0.0.1:3351]
10:56:41.798 [main] DEBUG net.thucydides.core.steps.StepInterceptor - STEP DONE: userClickContinueButton
  &amp#27;[32mAnd &amp#27;[0m&amp#27;[32muser click continue button&amp#27;[0m                                &amp#27;[90m# starter.stepdefinitions.LoginSteps.userClickContinueButton()&amp#27;[0m
10:56:41.806 [main] DEBUG net.thucydides.core.steps.StepInterceptor - STARTING STEP: LoginSteps.userGetAnErrorMessage - userGetAnErrorMessage
10:56:41.808 [Forwarding findElement on session af33ce73ac963d11290f2ced7bdf10cf to remote] DEBUG org.asynchttpclient.netty.request.NettyRequestSender - Using pooled Channel '[id: 0x8ba06b9b, L:/127.0.0.1:51945 - R:localhost/127.0.0.1:3351]' for 'POST' to 'http://localhost:3351/session/af33ce73ac963d11290f2ced7bdf10cf/element'
10:56:41.808 [Forwarding findElement on session af33ce73ac963d11290f2ced7bdf10cf to remote] DEBUG org.asynchttpclient.netty.request.NettyRequestSender - Using open Channel [id: 0x8ba06b9b, L:/127.0.0.1:51945 - R:localhost/127.0.0.1:3351] for POST '/session/af33ce73ac963d11290f2ced7bdf10cf/element'
10:56:41.819 [AsyncHttpClient-1-5] DEBUG org.asynchttpclient.netty.handler.HttpHandler - 

Request DefaultHttpRequest(decodeResult: success, version: HTTP/1.1)
POST /session/af33ce73ac963d11290f2ced7bdf10cf/element HTTP/1.1
User-Agent: selenium/4.8.0 (java windows)
Content-Length: 71
Content-Type: application/json; charset=utf-8
host: localhost:3351
accept: */*

Response DefaultHttpResponse(decodeResult: success, version: HTTP/1.1)
HTTP/1.1 200 OK
Content-Length: 88
Content-Type: application/json; charset=utf-8
cache-control: no-cache

10:56:41.819 [AsyncHttpClient-1-5] DEBUG org.asynchttpclient.netty.channel.ChannelManager - Adding key: http://localhost:3351 for channel [id: 0x8ba06b9b, L:/127.0.0.1:51945 - R:localhost/127.0.0.1:3351]
10:56:41.820 [Forwarding getElementText on session af33ce73ac963d11290f2ced7bdf10cf to remote] DEBUG org.asynchttpclient.netty.request.NettyRequestSender - Using pooled Channel '[id: 0x8ba06b9b, L:/127.0.0.1:51945 - R:localhost/127.0.0.1:3351]' for 'GET' to 'http://localhost:3351/session/af33ce73ac963d11290f2ced7bdf10cf/element/e0862007-0f19-4019-9376-3bd30358f7a4/text'
10:56:41.820 [Forwarding getElementText on session af33ce73ac963d11290f2ced7bdf10cf to remote] DEBUG org.asynchttpclient.netty.request.NettyRequestSender - Using open Channel [id: 0x8ba06b9b, L:/127.0.0.1:51945 - R:localhost/127.0.0.1:3351] for GET '/session/af33ce73ac963d11290f2ced7bdf10cf/element/e0862007-0f19-4019-9376-3bd30358f7a4/text'
10:56:41.833 [AsyncHttpClient-1-5] DEBUG org.asynchttpclient.netty.handler.HttpHandler - 

Request DefaultFullHttpRequest(decodeResult: success, version: HTTP/1.1, content: EmptyByteBufBE)
GET /session/af33ce73ac963d11290f2ced7bdf10cf/element/e0862007-0f19-4019-9376-3bd30358f7a4/text HTTP/1.1
User-Agent: selenium/4.8.0 (java windows)
Cache-Control: no-cache
Content-Type: application/json; charset=utf-8
host: localhost:3351
accept: */*

Response DefaultHttpResponse(decodeResult: success, version: HTTP/1.1)
HTTP/1.1 200 OK
Content-Length: 40
Content-Type: application/json; charset=utf-8
cache-control: no-cache

10:56:41.833 [AsyncHttpClient-1-5] DEBUG org.asynchttpclient.netty.channel.ChannelManager - Adding key: http://localhost:3351 for channel [id: 0x8ba06b9b, L:/127.0.0.1:51945 - R:localhost/127.0.0.1:3351]
10:56:41.835 [main] DEBUG net.thucydides.core.steps.StepInterceptor - STEP DONE: userGetAnErrorMessage
  &amp#27;[32mThen &amp#27;[0m&amp#27;[32muser get an error message &amp#27;[0m&amp#27;[32m&amp#27;[1m"Error: Last Name is required"&amp#27;[0m &amp#27;[90m# starter.stepdefinitions.LoginSteps.userGetAnErrorMessage(java.lang.String)&amp#27;[0m
10:56:41.838 [main] INFO  - 
  _____   ___   ___   _____     ___     _     ___   ___   ___   ___  
 |_   _| | __| / __| |_   _|   | _ \   /_\   / __| / __| | __| |   \ 
   | |   | _|  \__ \   | |     |  _/  / _ \  \__ \ \__ \ | _|  | |) |
   |_|   |___| |___/   |_|     |_|   /_/ \_\ |___/ |___/ |___| |___/ 

as user i can not checkout my cart
----------------------------------------------------------------------
10:56:41.839 [AsyncHttpClient-1-3] DEBUG org.asynchttpclient.netty.handler.WebSocketHandler - Channel Closed: [id: 0x72c206e0, L:/127.0.0.1:51953 ! R:localhost/127.0.0.1:51946] with attribute NettyResponseFuture{currentRetry=0,
	isDone=1,
	isCancelled=0,
	asyncHandler=org.asynchttpclient.ws.WebSocketUpgradeHandler@52ac89b3,
	nettyRequest=org.asynchttpclient.netty.request.NettyRequest@2befa923,
	future=java.util.concurrent.CompletableFuture@705dc449[Completed normally],
	uri=ws://localhost:51946/devtools/browser/725507fb-9f45-49d3-8b7b-80a6b180d1d3,
	keepAlive=true,
	redirectCount=0,
	timeoutsHolder=null,
	inAuth=0,
	touch=1680926197589}
10:56:41.839 [AsyncHttpClient-1-3] DEBUG org.asynchttpclient.netty.channel.ChannelManager - Closing Channel [id: 0x72c206e0, L:/127.0.0.1:51953 ! R:localhost/127.0.0.1:51946] 
10:56:41.840 [Driver Command Executor] DEBUG org.asynchttpclient.netty.request.NettyRequestSender - Using pooled Channel '[id: 0x8ba06b9b, L:/127.0.0.1:51945 - R:localhost/127.0.0.1:3351]' for 'DELETE' to 'http://localhost:3351/session/af33ce73ac963d11290f2ced7bdf10cf'
10:56:41.840 [Driver Command Executor] DEBUG org.asynchttpclient.netty.request.NettyRequestSender - Using open Channel [id: 0x8ba06b9b, L:/127.0.0.1:51945 - R:localhost/127.0.0.1:3351] for DELETE '/session/af33ce73ac963d11290f2ced7bdf10cf'
10:56:42.218 [AsyncHttpClient-1-2] DEBUG org.asynchttpclient.netty.handler.HttpHandler - Unexpected I/O exception on channel [id: 0x68493b53, L:/127.0.0.1:51952 - R:localhost/127.0.0.1:51946]
java.io.IOException: An existing connection was forcibly closed by the remote host
	at sun.nio.ch.SocketDispatcher.read0(Native Method)
	at sun.nio.ch.SocketDispatcher.read(SocketDispatcher.java:43)
	at sun.nio.ch.IOUtil.readIntoNativeBuffer(IOUtil.java:223)
	at sun.nio.ch.IOUtil.read(IOUtil.java:192)
	at sun.nio.ch.SocketChannelImpl.read(SocketChannelImpl.java:378)
	at io.netty.buffer.PooledByteBuf.setBytes(PooledByteBuf.java:259)
	at io.netty.buffer.AbstractByteBuf.writeBytes(AbstractByteBuf.java:1132)
	at io.netty.channel.socket.nio.NioSocketChannel.doReadBytes(NioSocketChannel.java:357)
	at io.netty.channel.nio.AbstractNioByteChannel$NioByteUnsafe.read(AbstractNioByteChannel.java:151)
	at io.netty.channel.nio.NioEventLoop.processSelectedKey(NioEventLoop.java:788)
	at io.netty.channel.nio.NioEventLoop.processSelectedKeysOptimized(NioEventLoop.java:724)
	at io.netty.channel.nio.NioEventLoop.processSelectedKeys(NioEventLoop.java:650)
	at io.netty.channel.nio.NioEventLoop.run(NioEventLoop.java:562)
	at io.netty.util.concurrent.SingleThreadEventExecutor$4.run(SingleThreadEventExecutor.java:997)
	at io.netty.util.internal.ThreadExecutorMap$2.run(ThreadExecutorMap.java:74)
	at io.netty.util.concurrent.FastThreadLocalRunnable.run(FastThreadLocalRunnable.java:30)
	at java.lang.Thread.run(Thread.java:750)
10:56:42.218 [AsyncHttpClient-1-2] DEBUG org.asynchttpclient.netty.channel.ChannelManager - Closing Channel [id: 0x68493b53, L:/127.0.0.1:51952 - R:localhost/127.0.0.1:51946] 
10:56:42.218 [AsyncHttpClient-1-2] DEBUG org.asynchttpclient.netty.handler.HttpHandler - Channel Closed: [id: 0x68493b53, L:/127.0.0.1:51952 ! R:localhost/127.0.0.1:51946] with attribute DISCARD
10:56:42.234 [AsyncHttpClient-1-5] DEBUG org.asynchttpclient.netty.handler.HttpHandler - 

Request DefaultFullHttpRequest(decodeResult: success, version: HTTP/1.1, content: EmptyByteBufBE)
DELETE /session/af33ce73ac963d11290f2ced7bdf10cf HTTP/1.1
User-Agent: selenium/4.8.0 (java windows)
Content-Type: application/json; charset=utf-8
host: localhost:3351
accept: */*

Response DefaultHttpResponse(decodeResult: success, version: HTTP/1.1)
HTTP/1.1 200 OK
Content-Length: 14
Content-Type: application/json; charset=utf-8
cache-control: no-cache

10:56:42.234 [AsyncHttpClient-1-5] DEBUG org.asynchttpclient.netty.channel.ChannelManager - Adding key: http://localhost:3351 for channel [id: 0x8ba06b9b, L:/127.0.0.1:51945 - R:localhost/127.0.0.1:3351]
10:56:42.302 [AsyncHttpClient-1-5] DEBUG org.asynchttpclient.netty.handler.HttpHandler - Channel Closed: [id: 0x8ba06b9b, L:/127.0.0.1:51945 ! R:localhost/127.0.0.1:3351] with attribute DISCARD
10:56:42.335 [AsyncHttpClient-1-1] DEBUG org.asynchttpclient.netty.channel.DefaultChannelPool - Entry count for : http://localhost:3351 : 1
10:56:42.335 [AsyncHttpClient-1-1] DEBUG org.asynchttpclient.netty.channel.DefaultChannelPool - Entry count for : http://localhost:51946 : 1
10:56:42.335 [AsyncHttpClient-1-1] DEBUG org.asynchttpclient.netty.channel.DefaultChannelPool - Adding Candidate expired Channel [id: 0x8ba06b9b, L:/127.0.0.1:51945 ! R:localhost/127.0.0.1:3351] isIdleTimeoutExpired=false isRemotelyClosed=true isTtlExpired=false
10:56:42.335 [AsyncHttpClient-1-1] DEBUG org.asynchttpclient.netty.channel.DefaultChannelPool - Closing Idle Channel [id: 0x8ba06b9b, L:/127.0.0.1:51945 ! R:localhost/127.0.0.1:3351]
10:56:42.335 [AsyncHttpClient-1-1] DEBUG org.asynchttpclient.netty.channel.DefaultChannelPool - Adding Candidate expired Channel [id: 0x68493b53, L:/127.0.0.1:51952 ! R:localhost/127.0.0.1:51946] isIdleTimeoutExpired=false isRemotelyClosed=true isTtlExpired=false
10:56:42.335 [AsyncHttpClient-1-1] DEBUG org.asynchttpclient.netty.channel.DefaultChannelPool - Closing Idle Channel [id: 0x68493b53, L:/127.0.0.1:51952 ! R:localhost/127.0.0.1:51946]
10:56:42.335 [AsyncHttpClient-1-1] DEBUG org.asynchttpclient.netty.channel.DefaultChannelPool - Closed 2 connections out of 2 in 0 ms
]]></system-out>
    <system-err><![CDATA[Starting ChromeDriver 112.0.5615.49 (bd2a7bcb881c11e8cfe3078709382934e3916914-refs/branch-heads/5615@{#936}) on port 3351
Only local connections are allowed.
Please see https://chromedriver.chromium.org/security-considerations for suggestions on keeping ChromeDriver safe.
ChromeDriver was started successfully.
Apr 08, 2023 10:56:37 AM org.openqa.selenium.devtools.CdpVersionFinder findNearestMatch
WARNING: Unable to find an exact match for CDP version 112, so returning the closest version found: 109
]]></system-err>
  </testcase>
</testsuite>