-------------------------------------------------------------------------------
Test set: starter.CucumberTestSuite
-------------------------------------------------------------------------------
Tests run: 1, Failures: 0, Errors: 1, Skipped: 0, Time elapsed: 21.168 s <<< FAILURE! - in starter.CucumberTestSuite
As a user i have be able to success login.as user i want to input valid to then i can see success login  Time elapsed: 13.471 s  <<< ERROR!
io.cucumber.core.exception.CucumberException: 
Step [user on home page] is defined with 1 parameters at 'starter.stepdefinitions.LoginSteps.userOnHomePage(java.lang.String)'.
However, the gherkin step has 0 arguments.
Step text: user on home page

