<?xml version="1.0" encoding="UTF-8"?>
<testsuite xmlns:xsi="http://www.w3.org/2001/XMLSchema-instance" xsi:noNamespaceSchemaLocation="https://maven.apache.org/surefire/maven-failsafe-plugin/xsd/failsafe-test-report-3.0.xsd" version="3.0" name="starter.CucumberTestSuite" time="27.686" tests="7" errors="0" skipped="0" failures="2">
  <properties>
[...]
</properties>
  <testcase name="POST - As admin I can login" classname="User #1" time="9.74">
    <system-out><![CDATA[16:11:22.960 [main] DEBUG net.thucydides.core.guice.Injectors - Created injector for module net.thucydides.core.guice.ThucydidesModule
16:11:23.343 [main] INFO io.cucumber.core.plugin.SerenityReporter - Running feature from file:///E:/SEMESTER%20VI/KAMPUS%20MERDEKA/qe_putri-maulida-sito-resmi/RESTfull-API/src/test/resources/api/Login.feature
16:11:23.343 [main] WARN io.cucumber.core.plugin.SerenityReporter - Feature from file:///E:/SEMESTER%20VI/KAMPUS%20MERDEKA/qe_putri-maulida-sito-resmi/RESTfull-API/src/test/resources/api/Login.feature is not under the 'features' directory. Requirements report will not be correctly generated!
16:11:23.526 [main] DEBUG net.thucydides.core.guice.Injectors - Created injector for module net.thucydides.core.guice.webdriver.WebDriverModule
16:11:23.542 [main] INFO  - 

-------------------------------------------------------------------------------------
     _______. _______ .______       _______ .__   __.  __  .___________.____    ____ 
    /       ||   ____||   _  \     |   ____||  \ |  | |  | |           |\   \  /   / 
   |   (----`|  |__   |  |_)  |    |  |__   |   \|  | |  | `---|  |----` \   \/   /  
    \   \    |   __|  |      /     |   __|  |  . `  | |  |     |  |       \_    _/   
.----)   |   |  |____ |  |\  \----.|  |____ |  |\   | |  |     |  |         |  |     
|_______/    |_______|| _| `._____||_______||__| \__| |__|     |__|         |__|    
                                                                                     
 News and tutorials at http://www.serenity-bdd.info                                  
 Documentation at https://wakaleo.gitbooks.io/the-serenity-book/content/             
 Join the Serenity Community on Gitter: https://gitter.im/serenity-bdd/serenity-core 
 Serenity BDD Support and Training at http://serenity-bdd.info/#/trainingandsupport  
-------------------------------------------------------------------------------------

16:11:23.545 [main] DEBUG net.thucydides.core.steps.StepEventBus - Test suite started for story net.thucydides.core.model.Story@c3bc2df9
16:11:23.549 [main] INFO  - Test Suite Started: User
16:11:23.625 [main] INFO io.cucumber.core.plugin.SerenityReporter - Running feature from file:///E:/SEMESTER%20VI/KAMPUS%20MERDEKA/qe_putri-maulida-sito-resmi/RESTfull-API/src/test/resources/api/Product.feature
16:11:23.625 [main] WARN io.cucumber.core.plugin.SerenityReporter - Feature from file:///E:/SEMESTER%20VI/KAMPUS%20MERDEKA/qe_putri-maulida-sito-resmi/RESTfull-API/src/test/resources/api/Product.feature is not under the 'features' directory. Requirements report will not be correctly generated!
16:11:23.631 [main] DEBUG net.thucydides.core.steps.StepEventBus - Test suite started for story net.thucydides.core.model.Story@8d1d34bf
16:11:23.632 [main] INFO  - Test Suite Started: User
16:11:23.634 [main] INFO io.cucumber.core.plugin.SerenityReporter - Running feature from file:///E:/SEMESTER%20VI/KAMPUS%20MERDEKA/qe_putri-maulida-sito-resmi/RESTfull-API/src/test/resources/api/Login.feature
16:11:23.634 [main] WARN io.cucumber.core.plugin.SerenityReporter - Feature from file:///E:/SEMESTER%20VI/KAMPUS%20MERDEKA/qe_putri-maulida-sito-resmi/RESTfull-API/src/test/resources/api/Login.feature is not under the 'features' directory. Requirements report will not be correctly generated!
16:11:23.640 [main] DEBUG net.thucydides.core.steps.StepEventBus - Test suite started for story net.thucydides.core.model.Story@c3bc2df9
16:11:23.641 [main] INFO  - Test Suite Started: User

Scenario: POST - As admin I can login         &amp#27;[90m# src/test/resources/api/Login.feature:6&amp#27;[0m
16:11:23.767 [main] INFO io.cucumber.core.plugin.SerenityReporter - Running feature from file:///E:/SEMESTER%20VI/KAMPUS%20MERDEKA/qe_putri-maulida-sito-resmi/RESTfull-API/src/test/resources/api/Login.feature
16:11:23.768 [main] WARN io.cucumber.core.plugin.SerenityReporter - Feature from file:///E:/SEMESTER%20VI/KAMPUS%20MERDEKA/qe_putri-maulida-sito-resmi/RESTfull-API/src/test/resources/api/Login.feature is not under the 'features' directory. Requirements report will not be correctly generated!
16:11:23.959 [main] INFO  - 
  _____   ___   ___   _____     ___   _____     _     ___   _____   ___   ___  
 |_   _| | __| / __| |_   _|   / __| |_   _|   /_\   | _ \ |_   _| | __| |   \ 
   | |   | _|  \__ \   | |     \__ \   | |    / _ \  |   /   | |   | _|  | |) |
   |_|   |___| |___/   |_|     |___/   |_|   /_/ \_\ |_|_\   |_|   |___| |___/ 

POST - As admin I can login(user;post---as-admin-i-can-login)
--------------------------------------------------------------------------------
16:11:24.735 [main] DEBUG net.thucydides.core.steps.StepInterceptor - STARTING STEP: LoginSteps.iSetTheApiPOSTEndpoint - I set the api POST endpoint
16:11:24.739 [main] DEBUG net.thucydides.core.steps.StepInterceptor - STEP DONE: I set the api POST endpoint
  &amp#27;[32mGiven &amp#27;[0m&amp#27;[32mI set the api POST endpoint&amp#27;[0m           &amp#27;[90m# starter.stepdefinitions.Login.LoginSteps.iSetTheApiPOSTEndpoint()&amp#27;[0m
16:11:24.752 [main] DEBUG net.thucydides.core.steps.StepInterceptor - STARTING STEP: LoginSteps.iSendHTTPPOSTRequest - I send HTTP POST request
16:11:26.538 [main] DEBUG net.thucydides.core.steps.StepInterceptor - STARTING STEP: LoginPage.iSendGETHTTPRequest - I set the api POST endpoint
16:11:26.538 [main] DEBUG net.thucydides.core.steps.StepInterceptor - STEP DONE: I set the api POST endpoint
16:11:27.968 [main] DEBUG org.apache.http.impl.conn.BasicClientConnectionManager - Get connection for route {s}->https://fakestoreapi.com:443
16:11:27.988 [main] DEBUG org.apache.http.impl.conn.DefaultClientConnectionOperator - Connecting to fakestoreapi.com:443
16:11:28.325 [main] DEBUG org.apache.http.client.protocol.RequestAddCookies - CookieSpec selected: ignoreCookies
16:11:28.327 [main] DEBUG org.apache.http.client.protocol.RequestAuthCache - Auth cache not set in the context
16:11:28.327 [main] DEBUG org.apache.http.client.protocol.RequestTargetAuthentication - Target auth state: UNCHALLENGED
16:11:28.328 [main] DEBUG org.apache.http.client.protocol.RequestProxyAuthentication - Proxy auth state: UNCHALLENGED
16:11:28.328 [main] DEBUG org.apache.http.impl.client.DefaultHttpClient - Attempt 1 to execute request
16:11:28.328 [main] DEBUG org.apache.http.impl.conn.DefaultClientConnection - Sending request: POST /auth/login HTTP/1.1
16:11:28.328 [main] DEBUG org.apache.http.wire -  >> "POST /auth/login HTTP/1.1[\r][\n]"
16:11:28.330 [main] DEBUG org.apache.http.wire -  >> "Accept: */*[\r][\n]"
16:11:28.330 [main] DEBUG org.apache.http.wire -  >> "Content-Type: application/json[\r][\n]"
16:11:28.331 [main] DEBUG org.apache.http.wire -  >> "Content-Length: 43[\r][\n]"
16:11:28.331 [main] DEBUG org.apache.http.wire -  >> "Host: fakestoreapi.com[\r][\n]"
16:11:28.331 [main] DEBUG org.apache.http.wire -  >> "Connection: Keep-Alive[\r][\n]"
16:11:28.331 [main] DEBUG org.apache.http.wire -  >> "User-Agent: Apache-HttpClient/4.5.13 (Java/1.8.0_351)[\r][\n]"
16:11:28.331 [main] DEBUG org.apache.http.wire -  >> "Accept-Encoding: gzip,deflate[\r][\n]"
16:11:28.331 [main] DEBUG org.apache.http.wire -  >> "[\r][\n]"
16:11:28.331 [main] DEBUG org.apache.http.headers - >> POST /auth/login HTTP/1.1
16:11:28.332 [main] DEBUG org.apache.http.headers - >> Accept: */*
16:11:28.332 [main] DEBUG org.apache.http.headers - >> Content-Type: application/json
16:11:28.332 [main] DEBUG org.apache.http.headers - >> Content-Length: 43
16:11:28.332 [main] DEBUG org.apache.http.headers - >> Host: fakestoreapi.com
16:11:28.332 [main] DEBUG org.apache.http.headers - >> Connection: Keep-Alive
16:11:28.332 [main] DEBUG org.apache.http.headers - >> User-Agent: Apache-HttpClient/4.5.13 (Java/1.8.0_351)
16:11:28.332 [main] DEBUG org.apache.http.headers - >> Accept-Encoding: gzip,deflate
16:11:28.332 [main] DEBUG org.apache.http.wire -  >> "{"password":"83r5^_","username":"mor_2314"}"
16:11:32.002 [main] DEBUG org.apache.http.wire -  << "HTTP/1.1 200 OK[\r][\n]"
16:11:32.004 [main] DEBUG org.apache.http.wire -  << "Date: Sun, 04 Jun 2023 09:11:32 GMT[\r][\n]"
16:11:32.004 [main] DEBUG org.apache.http.wire -  << "Content-Type: application/json; charset=utf-8[\r][\n]"
16:11:32.004 [main] DEBUG org.apache.http.wire -  << "Transfer-Encoding: chunked[\r][\n]"
16:11:32.004 [main] DEBUG org.apache.http.wire -  << "Connection: keep-alive[\r][\n]"
16:11:32.004 [main] DEBUG org.apache.http.wire -  << "Access-Control-Allow-Origin: *[\r][\n]"
16:11:32.005 [main] DEBUG org.apache.http.wire -  << "Etag: W/"98-HML+V1EjzjUEpEZElxP8VmB2LiI"[\r][\n]"
16:11:32.005 [main] DEBUG org.apache.http.wire -  << "X-Powered-By: Express[\r][\n]"
16:11:32.005 [main] DEBUG org.apache.http.wire -  << "CF-Cache-Status: DYNAMIC[\r][\n]"
16:11:32.005 [main] DEBUG org.apache.http.wire -  << "Report-To: {"endpoints":[{"url":"https:\/\/a.nel.cloudflare.com\/report\/v3?s=j1ql1%2BgQrDYvobYJCN0y3uHuPwqOA8cbjcWbob79G0O7vuADUiziPVeaJZwG2vLsgPEqB%2F4q2zS3nXpqHLkQiK2v0%2BY4LPejuwe2ZIDkGBolBYn3UKKqPiz61LVL%2B%2BL55IuR"}],"group":"cf-nel","max_age":604800}[\r][\n]"
16:11:32.005 [main] DEBUG org.apache.http.wire -  << "NEL: {"success_fraction":0,"report_to":"cf-nel","max_age":604800}[\r][\n]"
16:11:32.005 [main] DEBUG org.apache.http.wire -  << "Server: cloudflare[\r][\n]"
16:11:32.005 [main] DEBUG org.apache.http.wire -  << "CF-RAY: 7d1f0c758b8d4a95-SIN[\r][\n]"
16:11:32.005 [main] DEBUG org.apache.http.wire -  << "Content-Encoding: gzip[\r][\n]"
16:11:32.005 [main] DEBUG org.apache.http.wire -  << "alt-svc: h3=":443"; ma=86400[\r][\n]"
16:11:32.005 [main] DEBUG org.apache.http.wire -  << "[\r][\n]"
16:11:32.006 [main] DEBUG org.apache.http.impl.conn.DefaultClientConnection - Receiving response: HTTP/1.1 200 OK
16:11:32.006 [main] DEBUG org.apache.http.headers - << HTTP/1.1 200 OK
16:11:32.006 [main] DEBUG org.apache.http.headers - << Date: Sun, 04 Jun 2023 09:11:32 GMT
16:11:32.006 [main] DEBUG org.apache.http.headers - << Content-Type: application/json; charset=utf-8
16:11:32.007 [main] DEBUG org.apache.http.headers - << Transfer-Encoding: chunked
16:11:32.007 [main] DEBUG org.apache.http.headers - << Connection: keep-alive
16:11:32.007 [main] DEBUG org.apache.http.headers - << Access-Control-Allow-Origin: *
16:11:32.007 [main] DEBUG org.apache.http.headers - << Etag: W/"98-HML+V1EjzjUEpEZElxP8VmB2LiI"
16:11:32.007 [main] DEBUG org.apache.http.headers - << X-Powered-By: Express
16:11:32.008 [main] DEBUG org.apache.http.headers - << CF-Cache-Status: DYNAMIC
16:11:32.008 [main] DEBUG org.apache.http.headers - << Report-To: {"endpoints":[{"url":"https:\/\/a.nel.cloudflare.com\/report\/v3?s=j1ql1%2BgQrDYvobYJCN0y3uHuPwqOA8cbjcWbob79G0O7vuADUiziPVeaJZwG2vLsgPEqB%2F4q2zS3nXpqHLkQiK2v0%2BY4LPejuwe2ZIDkGBolBYn3UKKqPiz61LVL%2B%2BL55IuR"}],"group":"cf-nel","max_age":604800}
16:11:32.008 [main] DEBUG org.apache.http.headers - << NEL: {"success_fraction":0,"report_to":"cf-nel","max_age":604800}
16:11:32.008 [main] DEBUG org.apache.http.headers - << Server: cloudflare
16:11:32.008 [main] DEBUG org.apache.http.headers - << CF-RAY: 7d1f0c758b8d4a95-SIN
16:11:32.008 [main] DEBUG org.apache.http.headers - << Content-Encoding: gzip
16:11:32.008 [main] DEBUG org.apache.http.headers - << alt-svc: h3=":443"; ma=86400
16:11:32.015 [main] DEBUG org.apache.http.impl.client.DefaultHttpClient - Connection can be kept alive indefinitely
16:11:32.021 [main] DEBUG io.restassured.internal.RestAssuredHttpBuilder - Parsing response as: application/json; charset=utf-8
16:11:32.023 [main] DEBUG org.apache.http.wire -  << "a5[\r][\n]"
16:11:32.023 [main] DEBUG org.apache.http.wire -  << "[0x1f][0x8b][0x8][0x0][0x0][0x0][0x0][0x0][0x0][0x3][0x14][0xcb][0xdd][\n]"
16:11:32.023 [main] DEBUG org.apache.http.wire -  << "[0x82]0[0x18][0x0][0xd0]w[0xd9]}b[0xfe]A[0xdd]N[0x91]o[0xb1][0x8d]r[0xfe]^:M[0xa7]5[0xb][0x5]s[0xd1][0xbb][0x87][0xd7][0x87][0xf3]E[0xcb]4[0xb6][0x1a][0x9d]Q[0xbb][0x91][0xbe][0x8e][0xa5][0xe2][0x8a]@j[0xe0][0xc8][0x14][0xcc][0xa0]o[0xbe][0xc4][0x10][0xc0][0xf8]*2LNV[0xbb][0x11][0xd3][0xe4][0xa0][0xf8][0xb0]cf[0xaa][0x2][0xf6][0xb0][0xd4].[0xb9][0xd3][0x81]~[0x18][0x86][0x19][0x9e][0x8f][0xbe][0xc1][0x10]PQzLt[0xe][0x17][0x9d]O[0xb5]mE[0x7]{[0xe5][0xa1]6[0xee][0xda]pvM[0xa2]BUa[0xee][0x88]%~[0xeb][0xcc][0x96][0xe1][0xe4][0x9]PyrI[0xa1],[0xd1][0xef][0xf][0x0][0x0][0xff][0xff][0x3][0x0]G[0xb4][0xf0][0x82][0x98][0x0][0x0][0x0]"
16:11:32.023 [main] DEBUG org.apache.http.wire -  << "[\r][\n]"
16:11:32.024 [main] DEBUG org.apache.http.wire -  << "0[\r][\n]"
16:11:32.024 [main] DEBUG org.apache.http.wire -  << "[\r][\n]"
16:11:32.024 [main] DEBUG io.restassured.internal.RestAssuredHttpBuilder - Parsed data to instance of: class org.apache.http.conn.EofSensorInputStream
16:11:32.141 [main] DEBUG org.apache.http.impl.conn.BasicClientConnectionManager - Releasing connection org.apache.http.impl.conn.ManagedClientConnectionImpl@4451f60c
16:11:32.141 [main] DEBUG org.apache.http.impl.conn.BasicClientConnectionManager - Connection can be kept alive indefinitely
16:11:32.145 [main] DEBUG net.thucydides.core.steps.StepInterceptor - STEP DONE: I send HTTP POST request
  &amp#27;[32mWhen &amp#27;[0m&amp#27;[32mI send HTTP POST request&amp#27;[0m               &amp#27;[90m# starter.stepdefinitions.Login.LoginSteps.iSendHTTPPOSTRequest()&amp#27;[0m
16:11:32.151 [main] DEBUG net.thucydides.core.steps.StepInterceptor - STARTING STEP: LoginSteps.iReceiveValidHTTPResponseCode200 - I receive a valid HTTP response code 200
16:11:32.243 [main] DEBUG net.thucydides.core.steps.StepInterceptor - STEP DONE: I receive a valid HTTP response code 200
  &amp#27;[32mThen &amp#27;[0m&amp#27;[32mI receive valid HTTP response code 200&amp#27;[0m &amp#27;[90m# starter.stepdefinitions.Login.LoginSteps.iReceiveValidHTTPResponseCode200()&amp#27;[0m
16:11:32.249 [main] DEBUG net.thucydides.core.steps.StepInterceptor - STARTING STEP: LoginSteps.iReceivedTheToken - I received the token
16:11:33.368 [main] DEBUG net.thucydides.core.steps.StepInterceptor - STEP DONE: I received the token
  &amp#27;[32mAnd &amp#27;[0m&amp#27;[32mI received the token&amp#27;[0m                    &amp#27;[90m# starter.stepdefinitions.Login.LoginSteps.iReceivedTheToken()&amp#27;[0m
16:11:33.377 [main] INFO  - 
  _____   ___   ___   _____     ___     _     ___   ___   ___   ___  
 |_   _| | __| / __| |_   _|   | _ \   /_\   / __| / __| | __| |   \ 
   | |   | _|  \__ \   | |     |  _/  / _ \  \__ \ \__ \ | _|  | |) |
   |_|   |___| |___/   |_|     |_|   /_/ \_\ |___/ |___/ |___| |___/ 

POST - As admin I can login
----------------------------------------------------------------------
]]></system-out>
  </testcase>
  <testcase name="INVALID POST - As admin I can&apos;t login" classname="User #1" time="4.273">
    <system-out><![CDATA[
Scenario: INVALID POST - As admin I can't login                    &amp#27;[90m# src/test/resources/api/Login.feature:12&amp#27;[0m
16:11:33.416 [main] INFO io.cucumber.core.plugin.SerenityReporter - Running feature from file:///E:/SEMESTER%20VI/KAMPUS%20MERDEKA/qe_putri-maulida-sito-resmi/RESTfull-API/src/test/resources/api/Login.feature
16:11:33.416 [main] WARN io.cucumber.core.plugin.SerenityReporter - Feature from file:///E:/SEMESTER%20VI/KAMPUS%20MERDEKA/qe_putri-maulida-sito-resmi/RESTfull-API/src/test/resources/api/Login.feature is not under the 'features' directory. Requirements report will not be correctly generated!
16:11:33.427 [main] INFO  - 
  _____   ___   ___   _____     ___   _____     _     ___   _____   ___   ___  
 |_   _| | __| / __| |_   _|   / __| |_   _|   /_\   | _ \ |_   _| | __| |   \ 
   | |   | _|  \__ \   | |     \__ \   | |    / _ \  |   /   | |   | _|  | |) |
   |_|   |___| |___/   |_|     |___/   |_|   /_/ \_\ |_|_\   |_|   |___| |___/ 

INVALID POST - As admin I can't login(user;invalid-post---as-admin-i-can-t-login)
--------------------------------------------------------------------------------
16:11:33.445 [main] DEBUG net.thucydides.core.steps.StepInterceptor - STARTING STEP: LoginSteps.iSetTheApiPOSTEndpoint - I set the api POST endpoint
16:11:33.445 [main] DEBUG net.thucydides.core.steps.StepInterceptor - STEP DONE: I set the api POST endpoint
  &amp#27;[32mGiven &amp#27;[0m&amp#27;[32mI set the api POST endpoint&amp#27;[0m                                &amp#27;[90m# starter.stepdefinitions.Login.LoginSteps.iSetTheApiPOSTEndpoint()&amp#27;[0m
16:11:33.451 [main] DEBUG net.thucydides.core.steps.StepInterceptor - STARTING STEP: LoginSteps.iSendHTTPPOSTRequestWithIncorrectPassword - I send HTTP POST request with incorrect password
16:11:33.466 [main] DEBUG net.thucydides.core.steps.StepInterceptor - STARTING STEP: LoginPage.iSendHTTPPOSTRequestWithIncorrectPassword - I set the api POST endpoint
16:11:33.467 [main] DEBUG net.thucydides.core.steps.StepInterceptor - STEP DONE: I set the api POST endpoint
16:11:33.527 [main] DEBUG org.apache.http.impl.conn.BasicClientConnectionManager - Get connection for route {s}->https://fakestoreapi.com:443
16:11:33.528 [main] DEBUG org.apache.http.impl.conn.DefaultClientConnectionOperator - Connecting to fakestoreapi.com:443
16:11:33.618 [main] DEBUG org.apache.http.client.protocol.RequestAddCookies - CookieSpec selected: ignoreCookies
16:11:33.618 [main] DEBUG org.apache.http.client.protocol.RequestAuthCache - Auth cache not set in the context
16:11:33.618 [main] DEBUG org.apache.http.client.protocol.RequestTargetAuthentication - Target auth state: UNCHALLENGED
16:11:33.618 [main] DEBUG org.apache.http.client.protocol.RequestProxyAuthentication - Proxy auth state: UNCHALLENGED
16:11:33.618 [main] DEBUG org.apache.http.impl.client.DefaultHttpClient - Attempt 1 to execute request
16:11:33.618 [main] DEBUG org.apache.http.impl.conn.DefaultClientConnection - Sending request: POST /auth/login HTTP/1.1
16:11:33.618 [main] DEBUG org.apache.http.wire -  >> "POST /auth/login HTTP/1.1[\r][\n]"
16:11:33.618 [main] DEBUG org.apache.http.wire -  >> "Accept: */*[\r][\n]"
16:11:33.618 [main] DEBUG org.apache.http.wire -  >> "Content-Type: application/json[\r][\n]"
16:11:33.618 [main] DEBUG org.apache.http.wire -  >> "Content-Length: 40[\r][\n]"
16:11:33.619 [main] DEBUG org.apache.http.wire -  >> "Host: fakestoreapi.com[\r][\n]"
16:11:33.619 [main] DEBUG org.apache.http.wire -  >> "Connection: Keep-Alive[\r][\n]"
16:11:33.619 [main] DEBUG org.apache.http.wire -  >> "User-Agent: Apache-HttpClient/4.5.13 (Java/1.8.0_351)[\r][\n]"
16:11:33.619 [main] DEBUG org.apache.http.wire -  >> "Accept-Encoding: gzip,deflate[\r][\n]"
16:11:33.619 [main] DEBUG org.apache.http.wire -  >> "[\r][\n]"
16:11:33.619 [main] DEBUG org.apache.http.headers - >> POST /auth/login HTTP/1.1
16:11:33.619 [main] DEBUG org.apache.http.headers - >> Accept: */*
16:11:33.619 [main] DEBUG org.apache.http.headers - >> Content-Type: application/json
16:11:33.619 [main] DEBUG org.apache.http.headers - >> Content-Length: 40
16:11:33.619 [main] DEBUG org.apache.http.headers - >> Host: fakestoreapi.com
16:11:33.619 [main] DEBUG org.apache.http.headers - >> Connection: Keep-Alive
16:11:33.619 [main] DEBUG org.apache.http.headers - >> User-Agent: Apache-HttpClient/4.5.13 (Java/1.8.0_351)
16:11:33.619 [main] DEBUG org.apache.http.headers - >> Accept-Encoding: gzip,deflate
16:11:33.619 [main] DEBUG org.apache.http.wire -  >> "{"password":"123","username":"mor_2314"}"
16:11:37.249 [main] DEBUG org.apache.http.wire -  << "HTTP/1.1 401 Unauthorized[\r][\n]"
16:11:37.249 [main] DEBUG org.apache.http.wire -  << "Date: Sun, 04 Jun 2023 09:11:37 GMT[\r][\n]"
16:11:37.249 [main] DEBUG org.apache.http.wire -  << "Content-Type: text/html; charset=utf-8[\r][\n]"
16:11:37.249 [main] DEBUG org.apache.http.wire -  << "Transfer-Encoding: chunked[\r][\n]"
16:11:37.249 [main] DEBUG org.apache.http.wire -  << "Connection: keep-alive[\r][\n]"
16:11:37.249 [main] DEBUG org.apache.http.wire -  << "Access-Control-Allow-Origin: *[\r][\n]"
16:11:37.249 [main] DEBUG org.apache.http.wire -  << "X-Powered-By: Express[\r][\n]"
16:11:37.249 [main] DEBUG org.apache.http.wire -  << "CF-Cache-Status: DYNAMIC[\r][\n]"
16:11:37.250 [main] DEBUG org.apache.http.wire -  << "Report-To: {"endpoints":[{"url":"https:\/\/a.nel.cloudflare.com\/report\/v3?s=bqfQlhkcC3EvIRfFgQqhP%2FwTpVqd53SVfQg1Sd3IjsmDQUvLhu%2BLzduA1kK8r0XbICsgopsPbTvv9rpwCOx0gboqLQu8joHntpJqX6dZKNfhQqSXYjkt0FRrqcCRkCBss0Ty"}],"group":"cf-nel","max_age":604800}[\r][\n]"
16:11:37.250 [main] DEBUG org.apache.http.wire -  << "NEL: {"success_fraction":0,"report_to":"cf-nel","max_age":604800}[\r][\n]"
16:11:37.250 [main] DEBUG org.apache.http.wire -  << "Server: cloudflare[\r][\n]"
16:11:37.250 [main] DEBUG org.apache.http.wire -  << "CF-RAY: 7d1f0c96989ba11f-SIN[\r][\n]"
16:11:37.250 [main] DEBUG org.apache.http.wire -  << "alt-svc: h3=":443"; ma=86400[\r][\n]"
16:11:37.250 [main] DEBUG org.apache.http.wire -  << "[\r][\n]"
16:11:37.250 [main] DEBUG org.apache.http.impl.conn.DefaultClientConnection - Receiving response: HTTP/1.1 401 Unauthorized
16:11:37.250 [main] DEBUG org.apache.http.headers - << HTTP/1.1 401 Unauthorized
16:11:37.250 [main] DEBUG org.apache.http.headers - << Date: Sun, 04 Jun 2023 09:11:37 GMT
16:11:37.250 [main] DEBUG org.apache.http.headers - << Content-Type: text/html; charset=utf-8
16:11:37.250 [main] DEBUG org.apache.http.headers - << Transfer-Encoding: chunked
16:11:37.250 [main] DEBUG org.apache.http.headers - << Connection: keep-alive
16:11:37.250 [main] DEBUG org.apache.http.headers - << Access-Control-Allow-Origin: *
16:11:37.250 [main] DEBUG org.apache.http.headers - << X-Powered-By: Express
16:11:37.250 [main] DEBUG org.apache.http.headers - << CF-Cache-Status: DYNAMIC
16:11:37.250 [main] DEBUG org.apache.http.headers - << Report-To: {"endpoints":[{"url":"https:\/\/a.nel.cloudflare.com\/report\/v3?s=bqfQlhkcC3EvIRfFgQqhP%2FwTpVqd53SVfQg1Sd3IjsmDQUvLhu%2BLzduA1kK8r0XbICsgopsPbTvv9rpwCOx0gboqLQu8joHntpJqX6dZKNfhQqSXYjkt0FRrqcCRkCBss0Ty"}],"group":"cf-nel","max_age":604800}
16:11:37.250 [main] DEBUG org.apache.http.headers - << NEL: {"success_fraction":0,"report_to":"cf-nel","max_age":604800}
16:11:37.251 [main] DEBUG org.apache.http.headers - << Server: cloudflare
16:11:37.251 [main] DEBUG org.apache.http.headers - << CF-RAY: 7d1f0c96989ba11f-SIN
16:11:37.251 [main] DEBUG org.apache.http.headers - << alt-svc: h3=":443"; ma=86400
16:11:37.251 [main] DEBUG org.apache.http.impl.client.DefaultHttpClient - Connection can be kept alive indefinitely
16:11:37.251 [main] DEBUG org.apache.http.impl.client.DefaultHttpClient - Authentication required
16:11:37.251 [main] DEBUG org.apache.http.impl.client.DefaultHttpClient - fakestoreapi.com:443 requested authentication
16:11:37.251 [main] DEBUG org.apache.http.impl.client.DefaultHttpClient - Response contains no authentication challenges
16:11:37.251 [main] DEBUG io.restassured.internal.RestAssuredHttpBuilder - Parsing response as: text/html; charset=utf-8
16:11:37.251 [main] DEBUG io.restassured.internal.RestAssuredHttpBuilder - Parsed data to instance of: class org.apache.http.conn.EofSensorInputStream
16:11:37.254 [main] DEBUG org.apache.http.wire -  << "21[\r][\n]"
16:11:37.255 [main] DEBUG org.apache.http.wire -  << "username or password is incorrect"
16:11:37.255 [main] DEBUG org.apache.http.wire -  << "[\r][\n]"
16:11:37.255 [main] DEBUG org.apache.http.wire -  << "0[\r][\n]"
16:11:37.255 [main] DEBUG org.apache.http.wire -  << "[\r][\n]"
16:11:37.255 [main] DEBUG org.apache.http.impl.conn.BasicClientConnectionManager - Releasing connection org.apache.http.impl.conn.ManagedClientConnectionImpl@a91119b
16:11:37.255 [main] DEBUG org.apache.http.impl.conn.BasicClientConnectionManager - Connection can be kept alive indefinitely
16:11:37.629 [main] DEBUG net.thucydides.core.steps.StepInterceptor - STEP DONE: I send HTTP POST request with incorrect password
  &amp#27;[32mWhen &amp#27;[0m&amp#27;[32mI send HTTP POST request with incorrect password&amp#27;[0m            &amp#27;[90m# starter.stepdefinitions.Login.LoginSteps.iSendHTTPPOSTRequestWithIncorrectPassword()&amp#27;[0m
16:11:37.638 [main] DEBUG net.thucydides.core.steps.StepInterceptor - STARTING STEP: LoginSteps.iReceiveValidHTTPResponseCode401 - I receive valid HTTP response code 401
16:11:37.640 [main] DEBUG net.thucydides.core.steps.StepInterceptor - STEP DONE: I receive valid HTTP response code 401
  &amp#27;[32mThen &amp#27;[0m&amp#27;[32mI receive valid HTTP response code 401&amp#27;[0m                      &amp#27;[90m# starter.stepdefinitions.Login.LoginSteps.iReceiveValidHTTPResponseCode401()&amp#27;[0m
16:11:37.647 [main] DEBUG net.thucydides.core.steps.StepInterceptor - STARTING STEP: LoginSteps.iReceivedErrorMessage - I received error message {string}
16:11:37.648 [main] DEBUG net.thucydides.core.steps.StepInterceptor - STEP DONE: I received error message {string}
  &amp#27;[32mAnd &amp#27;[0m&amp#27;[32mI received error message &amp#27;[0m&amp#27;[32m&amp#27;[1m"username or password is incorrect"&amp#27;[0m &amp#27;[90m# starter.stepdefinitions.Login.LoginSteps.iReceivedErrorMessage(java.lang.String)&amp#27;[0m
16:11:37.656 [main] INFO  - 
  _____   ___   ___   _____     ___     _     ___   ___   ___   ___  
 |_   _| | __| / __| |_   _|   | _ \   /_\   / __| / __| | __| |   \ 
   | |   | _|  \__ \   | |     |  _/  / _ \  \__ \ \__ \ | _|  | |) |
   |_|   |___| |___/   |_|     |_|   /_/ \_\ |___/ |___/ |___| |___/ 

INVALID POST - As admin I can't login
----------------------------------------------------------------------
]]></system-out>
  </testcase>
  <testcase name="GET ALL - As admin I can get all data details" classname="User #2" time="1.178">
    <system-out><![CDATA[16:11:37.660 [main] INFO io.cucumber.core.plugin.SerenityReporter - Running feature from file:///E:/SEMESTER%20VI/KAMPUS%20MERDEKA/qe_putri-maulida-sito-resmi/RESTfull-API/src/test/resources/api/Product.feature
16:11:37.660 [main] WARN io.cucumber.core.plugin.SerenityReporter - Feature from file:///E:/SEMESTER%20VI/KAMPUS%20MERDEKA/qe_putri-maulida-sito-resmi/RESTfull-API/src/test/resources/api/Product.feature is not under the 'features' directory. Requirements report will not be correctly generated!
16:11:37.665 [main] DEBUG net.thucydides.core.steps.StepEventBus - Test suite started for story net.thucydides.core.model.Story@8d1d34bf
16:11:37.666 [main] INFO  - Test Suite Started: User

Scenario: GET ALL - As admin I can get all data details &amp#27;[90m# src/test/resources/api/Product.feature:6&amp#27;[0m
16:11:37.674 [main] INFO io.cucumber.core.plugin.SerenityReporter - Running feature from file:///E:/SEMESTER%20VI/KAMPUS%20MERDEKA/qe_putri-maulida-sito-resmi/RESTfull-API/src/test/resources/api/Product.feature
16:11:37.674 [main] WARN io.cucumber.core.plugin.SerenityReporter - Feature from file:///E:/SEMESTER%20VI/KAMPUS%20MERDEKA/qe_putri-maulida-sito-resmi/RESTfull-API/src/test/resources/api/Product.feature is not under the 'features' directory. Requirements report will not be correctly generated!
16:11:37.678 [main] INFO  - 
  _____   ___   ___   _____     ___   _____     _     ___   _____   ___   ___  
 |_   _| | __| / __| |_   _|   / __| |_   _|   /_\   | _ \ |_   _| | __| |   \ 
   | |   | _|  \__ \   | |     \__ \   | |    / _ \  |   /   | |   | _|  | |) |
   |_|   |___| |___/   |_|     |___/   |_|   /_/ \_\ |_|_\   |_|   |___| |___/ 

GET ALL - As admin I can get all data details(user;get-all---as-admin-i-can-get-all-data-details)
--------------------------------------------------------------------------------
16:11:37.709 [main] DEBUG net.thucydides.core.steps.StepInterceptor - STARTING STEP: GetAllProductSteps.iSetTheApiGETALLEndpoint - I set the GET api endpoint
16:11:37.710 [main] DEBUG net.thucydides.core.steps.StepInterceptor - STEP DONE: I set the GET api endpoint
  &amp#27;[32mGiven &amp#27;[0m&amp#27;[32mI set the api GET ALL endpoint&amp#27;[0m                  &amp#27;[90m# starter.stepdefinitions.Product.GetAllProductSteps.iSetTheApiGETALLEndpoint()&amp#27;[0m
16:11:37.720 [main] DEBUG net.thucydides.core.steps.StepInterceptor - STARTING STEP: GetAllProductSteps.iSendHTTPGETALLRequest - I send HTTP GET request
16:11:37.725 [main] DEBUG net.thucydides.core.steps.StepInterceptor - STARTING STEP: GetAllProduct.iSendHTTPGETRequest - I set the GET api endpoint
16:11:37.726 [main] DEBUG net.thucydides.core.steps.StepInterceptor - STEP DONE: I set the GET api endpoint
16:11:37.762 [main] DEBUG org.apache.http.impl.conn.BasicClientConnectionManager - Get connection for route {s}->https://fakestoreapi.com:443
16:11:37.762 [main] DEBUG org.apache.http.impl.conn.DefaultClientConnectionOperator - Connecting to fakestoreapi.com:443
16:11:38.095 [main] DEBUG org.apache.http.client.protocol.RequestAddCookies - CookieSpec selected: ignoreCookies
16:11:38.096 [main] DEBUG org.apache.http.client.protocol.RequestAuthCache - Auth cache not set in the context
16:11:38.096 [main] DEBUG org.apache.http.client.protocol.RequestTargetAuthentication - Target auth state: UNCHALLENGED
16:11:38.096 [main] DEBUG org.apache.http.client.protocol.RequestProxyAuthentication - Proxy auth state: UNCHALLENGED
16:11:38.096 [main] DEBUG org.apache.http.impl.client.DefaultHttpClient - Attempt 1 to execute request
16:11:38.096 [main] DEBUG org.apache.http.impl.conn.DefaultClientConnection - Sending request: GET /products HTTP/1.1
16:11:38.096 [main] DEBUG org.apache.http.wire -  >> "GET /products HTTP/1.1[\r][\n]"
16:11:38.096 [main] DEBUG org.apache.http.wire -  >> "Accept: */*[\r][\n]"
16:11:38.096 [main] DEBUG org.apache.http.wire -  >> "Host: fakestoreapi.com[\r][\n]"
16:11:38.096 [main] DEBUG org.apache.http.wire -  >> "Connection: Keep-Alive[\r][\n]"
16:11:38.096 [main] DEBUG org.apache.http.wire -  >> "User-Agent: Apache-HttpClient/4.5.13 (Java/1.8.0_351)[\r][\n]"
16:11:38.096 [main] DEBUG org.apache.http.wire -  >> "Accept-Encoding: gzip,deflate[\r][\n]"
16:11:38.096 [main] DEBUG org.apache.http.wire -  >> "[\r][\n]"
16:11:38.096 [main] DEBUG org.apache.http.headers - >> GET /products HTTP/1.1
16:11:38.096 [main] DEBUG org.apache.http.headers - >> Accept: */*
16:11:38.096 [main] DEBUG org.apache.http.headers - >> Host: fakestoreapi.com
16:11:38.096 [main] DEBUG org.apache.http.headers - >> Connection: Keep-Alive
16:11:38.096 [main] DEBUG org.apache.http.headers - >> User-Agent: Apache-HttpClient/4.5.13 (Java/1.8.0_351)
16:11:38.096 [main] DEBUG org.apache.http.headers - >> Accept-Encoding: gzip,deflate
16:11:38.618 [main] DEBUG org.apache.http.wire -  << "HTTP/1.1 200 OK[\r][\n]"
16:11:38.618 [main] DEBUG org.apache.http.wire -  << "Date: Sun, 04 Jun 2023 09:11:39 GMT[\r][\n]"
16:11:38.618 [main] DEBUG org.apache.http.wire -  << "Content-Type: application/json; charset=utf-8[\r][\n]"
16:11:38.618 [main] DEBUG org.apache.http.wire -  << "Transfer-Encoding: chunked[\r][\n]"
16:11:38.618 [main] DEBUG org.apache.http.wire -  << "Connection: keep-alive[\r][\n]"
16:11:38.618 [main] DEBUG org.apache.http.wire -  << "Access-Control-Allow-Origin: *[\r][\n]"
16:11:38.618 [main] DEBUG org.apache.http.wire -  << "Etag: W/"297c-h+n6NsR3M51S6528jZo3BluzvtU"[\r][\n]"
16:11:38.618 [main] DEBUG org.apache.http.wire -  << "X-Powered-By: Express[\r][\n]"
16:11:38.618 [main] DEBUG org.apache.http.wire -  << "CF-Cache-Status: DYNAMIC[\r][\n]"
16:11:38.618 [main] DEBUG org.apache.http.wire -  << "Report-To: {"endpoints":[{"url":"https:\/\/a.nel.cloudflare.com\/report\/v3?s=GjT449M9pXik%2F1pzG4KqbiDxfX1%2FqZ51tsRDlcSu5Mc%2FKdTlY%2Bm3Mt9Uws3ZRbystL30LdKo9PyF1JDBrw0RIn3Zq6JIE1c%2FKthkjqmZHa1IvMcuZ5UN5Xm4K2QE%2Bn29%2FcOU"}],"group":"cf-nel","max_age":604800}[\r][\n]"
16:11:38.618 [main] DEBUG org.apache.http.wire -  << "NEL: {"success_fraction":0,"report_to":"cf-nel","max_age":604800}[\r][\n]"
16:11:38.618 [main] DEBUG org.apache.http.wire -  << "Server: cloudflare[\r][\n]"
16:11:38.619 [main] DEBUG org.apache.http.wire -  << "CF-RAY: 7d1f0cb28a4c8962-SIN[\r][\n]"
16:11:38.619 [main] DEBUG org.apache.http.wire -  << "Content-Encoding: gzip[\r][\n]"
16:11:38.619 [main] DEBUG org.apache.http.wire -  << "alt-svc: h3=":443"; ma=86400[\r][\n]"
16:11:38.619 [main] DEBUG org.apache.http.wire -  << "[\r][\n]"
16:11:38.619 [main] DEBUG org.apache.http.impl.conn.DefaultClientConnection - Receiving response: HTTP/1.1 200 OK
16:11:38.619 [main] DEBUG org.apache.http.headers - << HTTP/1.1 200 OK
16:11:38.619 [main] DEBUG org.apache.http.headers - << Date: Sun, 04 Jun 2023 09:11:39 GMT
16:11:38.619 [main] DEBUG org.apache.http.headers - << Content-Type: application/json; charset=utf-8
16:11:38.620 [main] DEBUG org.apache.http.headers - << Transfer-Encoding: chunked
16:11:38.621 [main] DEBUG org.apache.http.headers - << Connection: keep-alive
16:11:38.621 [main] DEBUG org.apache.http.headers - << Access-Control-Allow-Origin: *
16:11:38.621 [main] DEBUG org.apache.http.headers - << Etag: W/"297c-h+n6NsR3M51S6528jZo3BluzvtU"
16:11:38.621 [main] DEBUG org.apache.http.headers - << X-Powered-By: Express
16:11:38.621 [main] DEBUG org.apache.http.headers - << CF-Cache-Status: DYNAMIC
16:11:38.623 [main] DEBUG org.apache.http.headers - << Report-To: {"endpoints":[{"url":"https:\/\/a.nel.cloudflare.com\/report\/v3?s=GjT449M9pXik%2F1pzG4KqbiDxfX1%2FqZ51tsRDlcSu5Mc%2FKdTlY%2Bm3Mt9Uws3ZRbystL30LdKo9PyF1JDBrw0RIn3Zq6JIE1c%2FKthkjqmZHa1IvMcuZ5UN5Xm4K2QE%2Bn29%2FcOU"}],"group":"cf-nel","max_age":604800}
16:11:38.623 [main] DEBUG org.apache.http.headers - << NEL: {"success_fraction":0,"report_to":"cf-nel","max_age":604800}
16:11:38.623 [main] DEBUG org.apache.http.headers - << Server: cloudflare
16:11:38.623 [main] DEBUG org.apache.http.headers - << CF-RAY: 7d1f0cb28a4c8962-SIN
16:11:38.623 [main] DEBUG org.apache.http.headers - << Content-Encoding: gzip
16:11:38.623 [main] DEBUG org.apache.http.headers - << alt-svc: h3=":443"; ma=86400
16:11:38.624 [main] DEBUG org.apache.http.impl.client.DefaultHttpClient - Connection can be kept alive indefinitely
16:11:38.624 [main] DEBUG io.restassured.internal.RestAssuredHttpBuilder - Parsing response as: application/json; charset=utf-8
16:11:38.624 [main] DEBUG org.apache.http.wire -  << "114d[\r][\n]"
16:11:38.624 [main] DEBUG org.apache.http.wire -  << "[0x1f][0x8b][0x8][0x0][0x0][0x0][0x0][0x0][0x0][0x3][0xac]Z[0xdd]r[0x1a][0xc9][0x92]~[0x95][0xc]Ex[0xc6][0x8e][0xd3][0xb4][0x0][0x81][0xfe][0xe6][\n]"
16:11:38.624 [main] DEBUG org.apache.http.wire -  << "[0x1][0x12][0xf8][0x0][0x92]idY[0xde][0xd8]p[0x14][0xdd][0x9]][0xa6][0xba][0xaa][0xa7][0xaa]Z[0x18][0x9d][0x99][0x88]y[0x87][0xbd][0xda][0x8b]}[0xb9]y[0x92][0x8d][0xac]j[0xa0]e[0xcb]g=;[0xba][0xe2][0xa7][0xab][0xeb]'[0xf3][0xcb][0xcc]/3[0xeb]?[0xfe]u[0xc0][0x93][0x83][0xf3]Fp`[0xb9][0x15]xp~p[0xf9][0x99][0x9][0xa1][0xd9][0x3]J[0xa8][0xc1][0xa5][0x12][0x89]a[0xf1][\n]"
16:11:38.624 [main] DEBUG org.apache.http.wire -  << "&*[0x84][0x6]\[0xb0]x[0x95][0xb3]x[0x15][0xc0]%[0xb7][0x6][0x1a]m[0x18][0xb1][0xdc][0xaa][0xdc][0x1c][0x4][0x7][0xb9][0xe6]1[0x1e][0x9c]7[0xea]g[0xe1]Y;8H[0xd0][0xc4][0x9a][0xe7][0x96]+yp~p[0xaf][\n]"
16:11:38.624 [main] DEBUG org.apache.http.wire -  << "[\r]9[0xea][0x5][0xc6][0x16]h[0x6]X([\r][0xf8][0x80]z[0x93][0xb0][\r][0x14][0x6][0x81][0xc9][0x4][0xd6]L[0xac][0xc]p[0x9]6E[0x1a][0x81][0xc6][0x86][0x10]YfR[0xd8][0xd0][0xc][0xc2][0xad][0x6][0xaf][0x8b][0x1c][0xac][0xa2][0xe5][0xb9][0x8c]S4o[0xb6][0xaf][0xe4],I0[0x1]#[0x10][0x1f]0[0xf0][0xef]l[0x17]9[0x8][0xe]bfq[0xa9][0xf4][0xe6][0xe0][0xfc] C[0xf9][0xb3][0x81]X([0x9b]r[0xb9]<[0x8][0xe]x[0xc6][0x96]t[0xfc][0xd4][0xda][0xdc][0x9c][0x1f][0x1e].[0xd8][\n]"
16:11:38.625 [main] DEBUG org.apache.http.wire -  << "[0x8d]U[0x1a]Y[0xce][0xc3]Xe[0x87]<[[0x1e][0x9e]6[0x16]7[0xff]Lj[0xcd][0xce][0xfd]([0xfc][0xd4][0xe9]~[0x8a]F[0x8d]v[0xbd][0xfe])[0xfc][0x9c][0xd3][0x14][0x9a]Y[0x9a][0xeb][0xfc]_[0xf4][\r][0xf][0xce][0x8f][0xc2][0xb3][0xe0] V[0x85][0xb4][0x7][0xe7][0x8d]f[0xfd][0xf7][0xdf][0x3]/[0xec][0xe6]^[0xd8]c[0x94][0x6][0xba][0xcc][0x14]L[0xc0][0x8d][0xc6][0x8c][0x17][0x19]D[0x82]g$_[0x98][0xd5][0xa2][0x94]kk`/[0xdd]f3<[0xfa]Z[0xb6]4[0xbe][0xb6][0xe0][0x96][0x16][0x7]c7[0x2][0x3][0x88][0x95][0xb4][0x9a][0x19][0xb][0x9a]-[0x5][0x93] [0x14]=+[0xc5]bS[0x8d]X[0x9b][0x17][0xd6]*[0x9])J[0x81][0x1b][0xc8][0x5][0x8b]Wh[0x3][0x10]|[0x99]ZX[0xa3][0xfb][0xf8][0x9][0x8c]ZXX[0xb0][0xb9][0xe6][0xb1]S[0xd9]\#[0xb3])[0x9b][0xb][0xaf][0xb0]Xe[0xb][0xa5][0xad][0xfb][0xbd]F[0xa6][0xb9]\[0x86][0xd0][0x91][0x9]DJ[0xf0][0x4][0x8c][0xe5]6NI#[0xfe] knS[0xd0][0xaa][0x90][0x9]H[0x8c]W[0x90][0xb1][0xc4][0xe9][0x19][0x92]B[0xb3]9[0x17][0xdc]n[0xdc][0xb4][0xc][0x96][0xb4][0xe],[0xb8]u[0x8f]c/[0xa1][0x5]3)W[0xd2][0xad][0xe4][0xc6]%[0x1c]S[0xa6][0x13][0x98]3[0x83]s&h[0x84]4![0xcc]R[0x84][0x81]?[0x97][0x93]GeI[0xc1]%[0x12]jD[0x91][0xa0][0x1][0xf6]T[0x16][0xa5][0x10][0xc2][0x97][0x80][0xca]I[0xa3]v4[0xf8]|5[0xe9][0xdd][0x96]P[0xb9]?=9[0xb]?E[0x1f][0xc2]O[0xb7][0x1f][0xc2]O[0xd1]}[0xf8][0xe9][0xf6][0xfe]{[0xc8]i[0x85][0x8d][0x1d]r[0x9a][0xed][0xb3][0x1d]r[0x8e][0xbe]F[0x8e]r[0xfb]~[0xeb][0xb6][0xbd]GI[0xbb][0x1d][0x9e][0x9d]}[\r][0x13]/QUX[0xd4]N~[0x9f][0xdd]K[0xc6][0xc9]7[0xca]Is[0x87][0x9d][0xc2][0x16][0x99]<[0xbc][0xe3][0xd2][0xa2]"
16:11:38.625 [main] DEBUG org.apache.http.wire -  << "[0xe][0xc0][0x14][0xdc]k[0x96][0x86]dLn@[0xc5]13\IC[0xf][0xe3][0x14][0x98][0x81][0xb5][0xd2]+.[0x97][0x1][0xa4][0xdc][0xc6],[0xcb][0xdd][0x97][0x8c][0xf6][0xcf][0xb8]<[0xd4]*^A,x6[0xf7][0x3]6[0xb1]p_,y[0x19][0xfa][\n]"
16:11:38.625 [main] DEBUG org.apache.http.wire -  << "J[0x83][0xb2])j[0xda]^[0xa2][0x94]6!\)[0x95][0xc0][0x92]/,[0xc4][0xa9][0xe2][0xb1][0xdf][0xc4]F[0x15][0xe0]?4,X[0xc6][0xc5][0x6]2[0xcc][0xe6][0xa8]C[0xe8][0xc0][0x9a][0xe9][0xc]Rd[0xda]b[0x2]B= [0xf9][0x88]KF[0xf3][0x6][0x90][0x16]fN[0x88]Q[0x1a][0x8c][0x92][0xde]_p[0x3]6ere[0x96][0xfc][0xa1][0xdc]E7[0xd5][0xdc][0xd8][0x8c][0x19][0xe8][0xb1][0xcd][0xb][0xe1]@[0xf0]Z[0xf1][0xd9][0x8a][0x12][0x7][0xb7][0x1f][0x8e]O[0xce][0xbe][0xaf][0xf7][0x93][0x9d][0xde][0xdb][0xf5][0xbd][0xc7]h=[0xef]1[0xb6][0x9e][0xa2][0xe2]}[0x9f][0xd3]<[0x99]C[0xac][0x4][0xd9][0x91]*D[0x2]s[0x4][0xe3][0xcc]\l [0xe1][0x8b][0x5]j[0x94][0x16][0xe6]h[0xd7][0x88][0x12][0x94]w[0xa5]&[0xd6][0xf4][0x8b]d[0xc6]%[0xe4][0x9a][0xc5][0x96][0xc7][0x18][0xc2]![0xdc][0x8]d[0x6]A*[0x8b]$?[0xb]s[0x95]l`^p[0x91][0x18]x`z[0x3][0xf3][\r][0xf9]z[0xa3]$[0xf9][0x1a][0xd4]H[0x9e]<[0x80][0x4]-[0xe3][0x82][0x9c][0x1]$[0x1b]\([0x9d]1[0xda]"[0x98]t[0xbb]/[0x8d][0xf][0x1c][0xd7]H[0xdf][0x85]Zo[0xf7][0x92]k[0x95][0x14][0xb1][0x85][0xca][0xb1]^H7[0xf7][0x1f][0x1e][0xf1][0xba]0[0xa2][0xd4][\r][0xd9][0xe8][0xf7]t[0xd3][0xac][0xd8]d[0xeb]h[0xaf][0x9b][0xf6]^7oU*a[0xc0]t[0xb2][0x81];[0xe5][0xb7]4[0xc2]%[0xca][0xc4][0xc0][0x84]-[0x19]\)[0x91][0xc0]O[0x10]q[0xf1][0x80][0x1a]z[0x9a]-[0x95][0xa4][0xf0][0xe6][0x84][0xd0]M[0x19][0x97]p[0xa1]Y[0x8c][0xa2]j[0xcc][0xc7][0xdf]F[0xd3]K[0xad]2 [0x1b][0xd8][0xce][0xde]UB`LO[0x9d][0xc4][0xfd]jkF[0xa1][0xd4][0xe4]\[0x93]<7[0xee]A[0xb6][0xb1])[0x8f][0x99][0x80]5[0xb3][0xa8]![0xf1][pZ[0xcc][0xb5][0xb2][0x18][[0xe3][0xc6][0xa9][0x18][0x19]m?G[0xa6]E[0x8]w[0xe4]0[0x16],&+[0xe1]rM.[0xd7]*[0xd2][0xd7][0x9c][0x84]J[0xfa]r[0x9e][0xdd][0x19][0x9d][0xf3][0xdf][0xf3]B&L[0xc6][0x18]8[0xd3].[0xac]{[0x85],[0xb8]\[0xe5][[\r]~[0xc6]5[\n]"
16:11:38.626 [main] DEBUG org.apache.http.wire -  << "[0xd4][0x9b][0x1f][0xd7]]~[0xf7][0x98]&o'[0xeb]Rw[0xa3][0xe3]V[0xfd][0xd3][0xbb][0xd1]q[0xfb][0xd3]xt[0xf4]}[0x3];[0xde]+[0xb1]b`[0xc7]{%[0xfa][0xc8][0xe5]Tu[0x83][0x96][[0x84]1[0x8f][0xb5][0xca][0xd9][0x3]V[0x2]q[0xe3][0xf8][0xf4][0x9b]8[0xcc],7[0xb][0xe6][0xe][0x7]W[0x5][0xd3]LZ[0xc4]$[0x84])[0xda]BK[0x92][0x4]~[0x89]S&[0x97]$[0xa4][\r]([0x9d][0xa0]v[0x82][0xe3][0x12][0x8e][0xea][0x90][0xb0][0x8d][0x9]{h[0xf8]Rb[0xe2][0xc4]hh[0x13][0xf3][\r][0xc][0xd8][0x2][0xf1][0x11][0xba]H~y[0xcb]un%'GG[0xf0]A[0x13][0xc2][0x8b][0xac][0xfe][0xf7]Tr[0xdc]0[0xf3]1[0xbf][0x95][0xea][0xea][0xaf][0xa8][0xa4][0xca][0x92]N[0xf6][0x1a]9[0xd9]k[0xe4].%-x[0x8d][0x8]F[0x87][0xbe][0xd1]\[0xc6]h*[0xb4][0xf3][0xec][0x19][0xbf][0xd7][0x15][0xcc][0x18][0x1e]C[0x97]"[0x1f]&p[0x87]IB[0x8][0xee][0xcb]%[bFN[0x8f][0x94]m[0x19][0xd7][0x8]=[0xce]2%ij[0x95]q[0x83]0[0xa5][0x91][0x84][0xd8][0x1]E[0x97]+[0xbe] [0xcb]P`r[0xc5]EIF[0x9][0xed][0x99][0xd2]>4[0xed]'[\r][0xb6][0xb][0x5][0xd0][0x91][0x92]?[0xa0]6Lo[0x2]x[0xcf][0x4]J[0xcb]%[0xfe][0xec][0xa3]K[0xf8][0xb7]-[0xe0][0xbe]3[0xbc][0xbc]m[0x9d][0xe][0xff][0x92][0xb8][0x9f][0xc5][0xff][0xe9]^[0xda]7[0x1c]u[0x8c][0x9]\[0xaf][0x5]L[0x95]y*[0xf8][0x88][0x2][0xba]@c [0xb2][0x88][0x2]z[0xaa][0x98][0xb][0xac][0xb2][0xff]g[0xf4][0xf0][0xcd],[0xfe]-[0xb8][0x14][0x8c]\[0xd3][0xac][0x90][0x12][0x5][0xdc][0x88]b[0x9]}[0xa6][0x89][0x89][0x98][0x10][0xc6]D[\r][0xd5][0x2][0x8e][0x1a][0xc7][0xa3][0xaf][0x97][0xfd]{rk7n{[0xfd][0xc7][0xf1][0xdb][0xf7][0xf9]_[0x91][[0xa3]J[0xe6]+[0x92];[0xab][0xe0][0xb4][0x7][0xcd][0xd9][0x5][0xf4][0x85][0x83][0x81][0x81][0x9b]-3[0xee][0xb1][0xa8]%[0x13].6@O[0xf3][0x7][0x84][0x1a][0xdc]F[0x17]p[0x14][0xd6]+N[0xe5][0xb8][0xf5][0xb5][0xe8][0xb6]c[0xc8][0x1b][0xd0][0xf7]fX[0x87][0xae][0xca]rfyI[0x97]/[0x89][0xe5]'[0xcc]2[0xa2]S[0xd2],P[0x1b][0x18]f[0xb9]&p[0xde]t[0xe1][0x6][0xb5][0x8b][0xb3]2F[0x18][0xf0]e[\n]"
16:11:38.627 [main] DEBUG org.apache.http.wire -  << "][0x96][0xb3][0x98][0xdb][0xcd]/_[0xcf][0xe3][0xa2]1ig2[0xbb][0x8c][0x1c][0xa4][0xef][0xb8]L[0xd4][0xda]@[0xa3][0x1e][0xec][0xbe][0x9f][0x86][0x8d][0xfd][0x8f][0x93]_`[0x8a]>[0x8c][0xbb][0xe4]#c[0x1b][0x1f][0xc4]-\[0xd0]Y[0xec]y][0x8e]^[0xa0]`6[0xc6]bf[0xbe]^[0x9e]^u[0xdc]![0xc1][0x1c][0xa5]3S%)/[0xd4][0xfe][0xf1][0xdf][0x6][0x88][0xe5][0xaf][0x99]&[0x1e]#[0x17]|Yh[0x1f]3[0x1d][0xa3][0xfb]j[0xea][0xa7][0xe0]@[0x8a][0x8b]ZI[0x1e][0x9b][0x1f]wc[0xc3][0x8b][0x8b][0xf7]o[0x1f][0xa2]^[0x85][0xb9][0xdf]{[0xed][\r][0xaa]Y?[0xda][0xc1][0xa2]Q[0xaf]D[0x14]&{[0xdc][0xac] [0x8a]zp3[0xba][0x8d][0xa0]1[0xbb][0x80][0xa1],1A[0xff][0xd6] [0xea][0xcc]:0[0x1c][0xe][0xe1][0x18][0xae][0xe6][0x87]O[0xf3][0xe9][0xaf]A[0xd1]gf[0x3]E[0xbe][0xd4][0xdb][0xec]i[0xc1][0xc][0x5][0x86][0xb9]R[0x16][0x8a]<[0x0][0x93][0x12][0x8d]^[0xcb][0x0]X[0x9e][0xb][0x1e]{a[0x9][0xc5]|X[0xd1]hr%[\r][0xc2][0xeb][0x8e][0xa1][0xc].wfh[0x15][0xb4][[0xf5]:Lo[0xc6]~7[0xcd][0xb0][0xfd][0xe7][0x1f][0xff][0xe3]D[0xf][0x9]a[0xf6][0x17][0xb8]`[0x6][0x13]RL^[0xcc][0x5]7.[0xb3][0xcb]1[0xe6][0x8b]r[\r]S[0xf2][0xc5][0xf2]hs[0x94]q[0x9a]1[0x97] [0x80]Ec[\r][0x14][0x86][0xbe][0xdf]t[0xc7]L[0xaf][0xe0][0x81]I[0xcb][0x96][0xc4]5)[0xd5][0x3][0x17]J[0xd1][0x98]y[0xa1][0x8d][0x85][0xb5]&[0xaf][0x9f][0xef][0xf1][0x1b]@[0xc6][0xdc]L[0xdc][0x2]O[0x90][0xf2]A[0xa5][0xc1]nrGhn[0xba].[0x15][0xa1]C[0x1a][0x97][0x0]n[0xab][\r]s&[0x1c][0xfa][0xd5][0xa2]:Y)[0x8][0xc1][0xb7]i[0xe7][0x14]Yr[0xe8][0xd7]49bb[0xe8][0x5]_gh[0x1f][0xb5][0xc7][0x17][0x87][0xe6][0xb0][0xd5][0xae][0xd3]'[0xbc][0xde][0x89]awR:[0x1c][0x97][0xcb]_[0x9e][0xd8][0xdb]3[0x98].r%[0xbd]0!.[\r]1[0x80]T[0x91][0x9][0xe3][0x3][0xa7]3"
16:11:38.632 [main] DEBUG org.apache.http.wire -  << "^G[0x9e]A[0xed][0x15][0x17][0xbe]y[0x1]H[0xdf][0x9e][0xcc][0x1a]+[0xf5][0xee][0xd7][0x12][0xd2][0xff].[0x9]iV<][0xab][0x12][0x91][0x1b][0x95]"Q[0xc4][0x5][0x8f][0x95][0x84][0x1b][0xb5]F[\r][0xcd][0xf6][0xf1][0xd5][0x85][0x3][0xf2]Q[0xf]&[0x9d]I[0xf]:[0xed]6D[0xa3].tY[0x9c][0xe2][0x13][0xa1]8[0x1d][0xef][0xe1][0xde][0xc][0xdb][0xff][0x16][0xeb][0xdb][0x9][0x17][0x82][0x8a]@[0xe4][0x1][0x9c]d<^[0x13][0x14][0x14]^!%[0xc7][0xb6]u[[0xf5]M[0x91][0x90][0xe7][0xfc][0xef][0xd7][0x8f][0x1c][0xdf]E[0xe9]s[0xdb][0xbd][0xed][0x14][0xb9][0x87][0xaf][0xf7][0x9e][0x9][0xa8][0x7][0xd4]TT[0xf0]~[0xa5][0x8a][0x1e]_b`[0xc9][0x3][0xfd]H*'[0x9d]a[0x9c]J%[0xd4]r[0x3]L[0x8][0xf2][0x91]U[0xcc][0xcd][0xdd][0xd9]i[\r][0xaa][0xc7][0xa0][0x6][0xc1][0x17]hr&[0xe1]$[0xcb]('[0xcb]([0xc5][0xe1]K[0xf9]4[0xf5][0xbe][0x15]V[0xb3][0xb9]R+o^[0xee]g[0xcd][0x8d][0xa6][0x1c][0xcc]=[0x8]!*[0xf2]\Q[0x8d]e6[0x1d][0x8e][0xc9][0xaa]3&[0x93][0x0][0xae][0x98][0x9e][0x93][0x89][0xed]3[0x4][0xb0][0xbb]=[0x6]0[0xed][0xc]{[0x81][0x9b][0xb5][0xdf][0xed][0xc2][0xeb][0xbe][0xd6].[0x9][0xc6][0xd8][0x19][0xda]O[0xd0]UZ[0xfb][0xd7][0xde][0x90][0xc0]I0<A[0x9f]"[0xe4][0x96]g[0xfc][0x11][0x93]o[0xcc][\n]"
16:11:38.632 [main] DEBUG org.apache.http.wire -  << "e[0xea][0xe5]R[0xb1][0xaf][0xf0]oc[0xf8][0xa4][0xb1][0xba][0xdb]d[0x1f][0xff][0x11][0xff][0xe3][0x7]0[0xdc][\n]"
16:11:38.632 [main] DEBUG org.apache.http.wire -  << "Ow[0x18]>j[0xec][0xb]([0x8d][0xe6][0x93]p[0xdd][0x9a]][0xc0][0x15][0xcb][0xe8][0xac]>*[0xdf])[0xbd]*[0xcb]T7[0x82]mL[0x99][0x9b][0xb5][0xfe]m,[0xaf][0x0][0xb8][0xf1]M[0x4][0xef][0xc9]I&[0x8e]1[0xde]D-X[0xfa][0xe5][0xf0]K[0x8e][0x9a][0xa3]sk[0xb4][0x12]q[0xf2]5[0xe5][0xca]>[0xa0];12[0xb3][0x9][0xc0] [0xe1]2[0x12][0x88][0xab]-8[0xdc][0xf6][0x1c][0xe6][0xf7]>[0xe4][0xa8][0xb6][0xa1][0x1c]-c[0xb2][0xa0]$[0xa0][0xd0][0xa8]6 x[0xe6][0x92][0x84]5[0xd3][0x94][0xf]l^[0xc0][0x91]dvt[0xdc][0xee][0xb5][0xe2][0xbf][0xa8][0x84]*[0xd9]lT[0xca]X[0x9d][0x18]5D[0x17][0xcd]f[0xfd][0x1d][0xcc]94[0x1b][0xe1][0xb6][0xa8][0xb][0x97][0x85][0x10]0[0xe8][0xc1][0xeb][0xc6]Y[0xb3][0xe]_[0xa0]Q?[0xad][0xbf][0x81][0xe1]MTZ[0xc0],[0xe5][0xb2]R[0xf3][0xfa][0x96]w6[0x1b]![0xfc][0x1f][0xb3][0xad][0xb9]{[0x85]*[0x1d]4q[0xc2]MN[0xca][0xa0][\n]"
16:11:38.632 [main] DEBUG org.apache.http.wire -  << "[0xe6][0x94]%[0xa8]$,4"D[0x1b][0x19]W[0xec]&[0x84][0x89][0xf2][0x81]s[0xc7]_[0xc8]N[0xdf][0xf7][0xa3][0xe][0x8c][0xe9][0xbc]D[0x8b]4[0x9a][0x14][0xa6][0xcc][0xe2]9[0x9c][0xb4][0x7][0x8f]D[0xf8]\[0xec][0x1b][0xf4][0xc6]C S[0x85][0x8f][0xa8]Um[0xa1]Y[0x86][[0xcd][0xfe][0x6][0x85];[0x9a]K[0xca]~[0x83]Vf[0xf6][0xc1][0xda][0xf2][0xc][0xe1]7[0xb7][0xcd][0x9c][0x11]a[0xee]P[0xe8][0xa5][\n]"
16:11:38.632 [main] DEBUG org.apache.http.wire -  << "[0xaf][0xe5][\n]"
16:11:38.632 [main] DEBUG org.apache.http.wire -  << "j[0xd0]8>[0x87][0xb3][0x90][0xc][0x9d][\n]"
16:11:38.632 [main] DEBUG org.apache.http.wire -  << "z[0xde][0x1b]`[0xe2][0x1e][0x84]p[0x2][0x19][0x17][0x82][0xa0][0xec][\n]"
16:11:38.632 [main] DEBUG org.apache.http.wire -  << "A&[0x84][0xb]M[0x15] I[0x9c][0xba][0x6][0xcd]v[0x1d]$U[0x9c][0xb9] [0xec]-[0x5]B[0xad][\r][0x9].[0xe9][0xf0][0xbe][0xd2][0xee][0x84]0P[0x9a]?*i[0x99][0x0]*[0xd5][0xd0][0x89][0xdc][0xb][0xb5][0xc6][0xc9][0xe9]n[0xd0]{[0xd4][0xd6]E[0xe5][0xef][\r][0x81][0x93]6[0xa4][0xa8][0xed][0xe3][0xdf]F[0xe4]i[0xe3]][0xbe][0x1a][0xc6][0xf6][0xd7][0x9b][0xbf][0x18][0xda][0x9a][0xed][\n]"
16:11:38.632 [main] DEBUG org.apache.http.wire -  << ""[U[0xb6][0x96][0x99]B.[0xa1]uV[0x1b][0xca]8[0x85][0xee][0xe0][0xea][0xac][0xe][0x8d]Vk[0xf0][0x8][0xdd]BS`(][0xc6]XIn[0x95][0x86][0xd7][0xa3]n[0xeb][0x8c]F[0xf5][0xc6][0x93][0xf][0x1f];o[0xe0][0xcf]?[0xfe][0x8b]4[0x80][0xa5][0xeb]&[0x90]A[0xe4]Q[0xf6]n[0xd4][0xef]U[0x18][0xff][0xd9][0xd9]s[0x89]k[0xeb][0xc][0x86][0x93][0xee][0x0][0xa2][0xdb][0x9b][0xfe][0x14]nG[0xb3]i[0xe7]n[0xd8][0xeb][0xc3]Q[0xf3][0xfc][0xc][0xba][0xb7][0xd3][0xf7][0xfd][0x1e]\u[0xc6][0xc3][0xc9][0x15][0x8c][0xaf]'[0xc3][0xd9][0xf5][0xd4][0xfb][0x84][0x84][0x8a][0x82][0xcd][0x13][0x7][0xf9]m[0x1][0xcf][0xd0][0xe2][0xf3][0x8d][0xff]|w[0xdb][0x99][0xcc]n[0xc7][0xd0][0xbb][0x9e][0xc1]k[0xda][0xca][0x1b][0x98][0xf5][0xbb][0x83][0xc9][0xf5][0xe8][0xfa][0xea]>[0x80]Ao[\n]"
16:11:38.632 [main] DEBUG org.apache.http.wire -  << "[0xc6]#[0xc7]y [0xf2]$Jo f[0x82][0xcf]K[0xca]][0x86][0x0][0x3][0xc6][0x16]Rr[0xb9][0x14][0x1b][0xd0][0xc8][0x4]7[0x96][0xc7][0x9e][0xba][0xc4]1[0xf1][0xf3]m[0xcd][0xd1][0xb7][0x9][0xca]v[0x4][0x89][0xf1]#[0xc][0x86]W[0x3][0x98][0xf6]/[0xa7][0xfd]h[0x0][0xd3][0xce][0xac][0xef][0x6]52[0xe3][0xe1][0xef]b[0xf2]W[0xc0]'nGHDri[0x92]f[0xcf][0x94][0xdb][0xcf]\[0x14]:[0x80]%q([0x97]r{^[0x97][0x14]1[0x95][0x18][0xf3][0xc2][0x82]`[0xcb][0x17][0x0][0xd9]G[0xdb]jr[0xd5]][0xfe][0x10][0xc8][0x9a][0xfb]L[0xb1]U[0x1]Y[0xa5]Rx1[0xbc][0x1f]u[0xba][0xa3]~[0xd4][0x9f][0xec]J[0x85]G5.k[\r][0x88][0xa4]Z[0xcf][0x15][0x5][0x17]_[0xd6][0x7]_[0x8e][0x87][0xae]b[0xb6][0x92][0x17][0xb4][0x8f][0x9f][0x1][0xce]DY<'j[0xf2][0xb6],[0xee]s[0x3][0xb7][0x11][0x18][0xcb]dB3R[0xe5]5[0xd8][0x16]p[0xe3]TQb[0xee][0xaa][0xb1][0xcc][0xf8][0x8]U[0xb8][0xba][0xb2][0xeb][0xf][0x8c][0xa9]B[0xc8][0x99]8[0x87]F[0xbd][0xfe][\n]"
16:11:38.632 [main] DEBUG org.apache.http.wire -  << "n[0x94][0xd8] Q[0xa5]_[0xa0][0x87][0x96][0xc5][0xbe][0x7]4[0xe2][0x12]5\[0xba][0xfe][0xd0]9[0xdc]Q[0x5][0xfe]R [0x12]C[0xaa][0x8c][0xba],[0xa4][0xe3][0x10]L[0xf8][0x17][0xce]!Zq[0x9][0x97][0x14][0x0][0x13][0xb1][0x9]`D[0xbe][0x88]zN[0x1e]w4O[0x18][0xd1][0xa6][0x1d]oa[0xba]\[0xe7]s[0xd9][0xa3]Z![0xe6][0xae][0x17][0xe0]J[0xfe][0xdc]9[0xb5][0x84]vM[0xb9]f[0x8][0x1f]y[0x9e]#[0xa5]47[0xca]I[0xe1][0x1c][0x9a][0xfb][0xff][0x6]4k[0xf9] [0xa8]>([0xff][0x3]W[0x8a]Ec[0xe1]5JU[0x10][0xb1]T~[0xc1][0x98]i[0xca][\n]"
16:11:38.633 [main] DEBUG org.apache.http.wire -  << "4[0xac]pc[0xde]8[0xc4][0xc2][0x80]'[0x9][0xca][0xf2]][0x18]J[0xb2][0xb2][0xf0][0xd9][0xb5][0xdc][0xc1][0x9e][0xe][0xdf][0x1e]C[0x83][0xab]Z[0x1b]0[0x18][0x17][0x9a]|l[0x91]1[0xe9][0xa8][0x95]/[0x7][0x9e]C'[0xf9]\[0x18][0xbb]k[0xbb]Ud;[0xa0]>[0x9][0xfd]W[0x19][0x12][0x17][0x8b][0x85][0xa7]k[0xf8]@U.[0xa2]kk.[0x93][0xb2][0xc7]J[0xcd][0x1d][0x8a]W[0xec]I[0xfb]n[0xc1]m[0x8]G$[0xcd]Fu~[0xbf][0x83][0x1d][0xf3]s[0xf5][0xae]X[0xc9][0x7][0x94]%{!=[0xc4]L[0x82][0xc1][0x9c]9[0xb3][0xb7][0xae][0xdd][0xc0]l[0x99][0xb][0x92][0xe2][0x98][0x1][0x89][0x98]`[0xe2][0xea][0xc1][0xe]^[0xdc][0x82]UK"
16:11:38.633 [main] DEBUG org.apache.http.wire -  << "[0xf4][0x1a][0x1b]ZB[0xea][0x13][0xd2][0xbb]oL[0x18]d[0xa6][0xcc][0xf5]S[0x14]^[0xf1],a[0xb9]u)[0xc0]n[0x18]5[0x98][0xa8][0x14][0xfa][0xd4][0xd8][0xd7][0xea][0xff][0xd7][0x1a]h7[0xee][0xdb][0x93]am[0xd8][0xfe][0xfc][0x3]m[0x9b]f[0xa5][0xaa][0xdc]<j[0xef]-[0xbe]RV[0x1e]Q[0x13][0x8c][0xce]0R[0x8e]g[0xfa]mM1S[0xf];=b[0x2][0x97][0xac][0xf8][0x2]#[0x8f]d[0x18]+[0xab][0xe0][0x82][0xaf]P[0xd3][0xe2]k>[0xd7]e[0xf7][0x86]z=[0xba][0xbf][0x9d][0xf6]g[0x83][0xce][0xa4][0xff][0xda][0xa4]([0xc4][0x1b][0xd8]=[0xe8]G[0xb3][0xfe][0xf4][0xb5][0xe0][0xe4][0xb8][0xdf][0xc0]I[0xbb][0xf2]/4[0xdb][0xaf][0xa0]{=[0x9b]]O[0xe0]ut[0xd7][0xef][0xcc][0xfa][0xd3]7[0x81][0xdf][0x90](7[0x94][0x95]>[0xc1]i[0xc8][0xb7]V+]`8[0x84]&[0xe4][3Z[0xc0]B+[0xaa][0x86]6k[0x97]J[0xd7][0xae][0xe5][0xee][0x8c][0x9]J[0x9e][0x95][0xaf]/[0xaa][0xd3]o[0xed][0xfb][0xc2][0xb7]c}[0xc3][0x88][0xc]r[0xcd][0xb8][0xa1][0xe9]{[0xfe][0x1f][0xdf]Vv[0xbc][0xc2][0xba][0xc0]f[0x2][0x18]P[0x96]x[0xd7][0x89][0x6]p=[0x19][0xdd][0xd3][0xd8]k[0x98]\[0xcf][0xe0]b[0xd4][0xef]t[0x7]p[0x8][0xa3][0xe1][0xa4][0xf][0xbd]i[0xe5][0xd1]pz=y[0x19][0xb4][0x9c]6>[0xc][0xea]x[0xba][0xc0][0xc5][0xf]5[0x92][0xf6]$[0xe4][0xa8][0x1a][0x1f]*%[0xef])[0xf5][0x82][0xb6][0xfe][0x9f]6[0xe5]jn[0xd4]|'0DV[0xf3][0x1c][0x13][0xe8][0x96]=U[0xa0][0xe1][0xf1][0xd3][0xf8]p[0xf4][0x1c][0xb1][0xd8][0xf9][0xd9][0xd4][0xfa][0xfa][0x88]o[0xaf][0xd3]t[0xb0]o[0xb3][0x93]}[0xd6]j[0xb5][0xd1][0xfe][0xce]@[0x99]r8[0xf5][0x5][0xc0][0xf6][0x9e]&[0xd1]lm,[0x95]lK[0x1d]y"[0x1b]nUH[0xe8]xt[0xee][0xd0][0xa3][0x81]$k[\n]"
16:11:38.633 [main] DEBUG org.apache.http.wire -  << "[0x8d][0xa0][0xcb][0x1d][0x7][0xb0]([0x84][0xa0]>=[0x1d][0xc9]8G[0xef][0xfd][0x14][0x85][0xb1][0xed][0xb9] e[0x6][0x9a][0x9e][0xc3]l[0x1][0xe6]j[0x1][0xb0]$[0xf7][0xe7]B[0x98]U[0x90]R[0x18][0xa0][0x8c]}[0xc5][0xa5]/[0xe0]x[0xc7][0x1a][0x90][0xb7][0x89])[0x9d][0xf7][0xdd][0xad][0x94][0xe7][0xc6]3[0x5][0xf7][0x8b][0xa6][0xe0][0x6][0x96](Q[0xab][0x82][0xea]O[0x16][0x12][0x85]F[0xfe]l][\r] Q[0xc0]m[0xd8][0xb1][0xe4][0x13]I[0xea][0xbe][0xe9][0xee]w[0xea][0xdc][0xaf][0x93]N[0xc5][0xff][0xf6]vR1[0xb0][0xa4][0xb4][0x92][`[0x8e]%y[0xd4]S[0xfe][0xaf]V[0xe1][0xcb]`[0xef][0xa4]1[0x98][0x8b][0xce][0xc0][0xb4][0xbf]T[0xb1]Wk~[0xb7]`[0xb9]O[0xca][0x8e]O*[0x99]q[0xa5][0x5]0[0xbe]x[0xbb][0xf3]P[0xbe][0x1d][0x16][0xa5]d[0xdf][0x91][0x7][0xc3][0x5]idB[0xf7]7[0xde]W[0xa9]lx[0xfa][0x8d]C:k[0xbf][0x82]i[0xe7][0xfe]z[0x2][0xed]W[0x10][0xdd]t&[0xbd][0xfe][0x87][0xc0][0x97][0xf6][0xb9][0x84][0xdb][0xa8]C[0xa8][0x1b]f>U[0x9][0xa0][0xa7]`[0xa2],\[0x8]dqZa[0x5][0xe9][0xee][\n]"
16:11:38.633 [main] DEBUG org.apache.http.wire -  << "[0x8a][0x93][0xb4][0xbf][0xc9]`[0xac]F[0x1b][0xa7][0xfe]~[0x88]w@[0x1]L[0xf9]|[0xee]Ks[0x1e][0xb8]>[0xec][0xee].~[0x1c]n[[0xf]{[0xf]B[0x14][0x92][0x14]JW[0x7][0xb2][0x97][0xd2][0xc8][0xe3][0xd1]*[0x1f]w[0xee][0xcd][0xf]x[0x83]j[0xcb][0xbf]Qi+7*[0x8d][0x85][0xeb]\[0xb2][0xbd]B[0xaa][0xaa][0x18]+n([0xd9][0xdf][0xab][0xe1][0xe4][0xbb]qaK[0xe0]H[0x1]tv[0xa4][0xe]q[0x1a][0xf8][0xe0][0xe0]K[0x8d]<[0x86]|;[0xcc][0x17]7[0x85][0xa2][0xdb]^[0xdb][0x17][0xee][0xa8][0x8][0xf7][0x13][0xdd]T[0x82]([0xd5][0x85][0xf4][0xd7][0xb8][0x18]\9[0x8d]\r[0xfb]Di[0x1]h[0xa5]2[0xa3][0x87][0xca][0x15]bS[0xbd]>[0xe4]T[0x99][0x95][0xfb][0x87]5[0xf7]%[0xa7][0xad][0x9e]S[0x1e][0xa7].[0xdc][0x9b][0x1d][0xff][0xda][0x8d]ek[0xb6][0x9] [0xa2][0x9b]IU[0x88]\V R%6[0xef]k[0xee][0xae]Q[0xec][0x99][0xa4][0xbf]^D[0xd5][0xb3][0x8c][0x9c][0x12]m[0xb9],#[0x1a][0xf7]?[0xe2]*([0xbb]z[0x98]Q[0x9c]$[0x86],RU[0xa0][0xb5]X[0x12][0xad][0xc4]y[0x1][0xb7][0xc2]K[0xb1][\r]\[0xb6][0xdb][0xc5]][0x96][0xfc][0xd0]%[0x91]v%[0xbf]8[0xde]_+[0xab][0xb4][0x1c]z[0x9d][0xc9][0xfb][0xeb][0xdb]{[0xf][0x1a][0x3]3p7[0xc9][0xb6][0xf7]FJ[0xf][0xe6][0x90]T)^5[0x9f][0x89][0x18]g[0xed]W~t[0xd0]~[0x15]Q%[0xb][0xbf][0x4]p[0x89][0x8c][0x14]a[0xce][0xcb][0x9][0x83]'[0xa0][0xc]`D[0xb2][0xd2][0xae]Kk[0x83][0xf7]5r[0x15][0xc1]eywk[0x86][0x14][0xad][0xc9][0xb9][0x97][0xaa]&[0xe2]G[0xaa]t(a[0xf4]#[0xc3][0xad]q[0x87][0x1]\[0x97]W[0x8e][0xb6]k[0x1d]^/[0x16]<[0xc6][0xc3][0xb][0xf2][0x11][0x87][0x11]%1[0xe2]p[0xa0]2<[0x8c][0xac]F[0xa4][0xfb][0x82][0x8e]/[0x9e][0x97][0x97][0x9a][0x82][0xa8] M[0x7][0xfe]nS[0xe0][0x93][0xa9][0x17]r[0xbd][0xc7][0x8d]|[0xd0][0xe9][0xbf]mM[0xc6]?[0xa0][0xb6][0xa3][\n]"
16:11:38.633 [main] DEBUG org.apache.http.wire -  << "Il[0xb4][0xda][0xbf][0xff][0xfe][0x9f][0xff][0xb][0x0][0x0][0xff][0xff][0x3][0x0]L[0xf][0xa7][0xc9]|)[0x0][0x0]"
16:11:38.633 [main] DEBUG org.apache.http.wire -  << "[\r][\n]"
16:11:38.633 [main] DEBUG org.apache.http.wire -  << "0[\r][\n]"
16:11:38.633 [main] DEBUG org.apache.http.wire -  << "[\r][\n]"
16:11:38.633 [main] DEBUG io.restassured.internal.RestAssuredHttpBuilder - Parsed data to instance of: class org.apache.http.conn.EofSensorInputStream
16:11:38.635 [main] DEBUG org.apache.http.impl.conn.BasicClientConnectionManager - Releasing connection org.apache.http.impl.conn.ManagedClientConnectionImpl@10ed037a
16:11:38.636 [main] DEBUG org.apache.http.impl.conn.BasicClientConnectionManager - Connection can be kept alive indefinitely
16:11:38.663 [main] DEBUG net.thucydides.core.steps.StepInterceptor - STEP DONE: I send HTTP GET request
  &amp#27;[32mWhen &amp#27;[0m&amp#27;[32mI send HTTP GET ALL request&amp#27;[0m                      &amp#27;[90m# starter.stepdefinitions.Product.GetAllProductSteps.iSendHTTPGETALLRequest()&amp#27;[0m
16:11:38.671 [main] DEBUG net.thucydides.core.steps.StepInterceptor - STARTING STEP: LoginSteps.iReceiveValidHTTPResponseCode200 - I receive a valid HTTP response code 200
16:11:38.672 [main] DEBUG net.thucydides.core.steps.StepInterceptor - STEP DONE: I receive a valid HTTP response code 200
  &amp#27;[32mThen &amp#27;[0m&amp#27;[32mI receive valid HTTP response code 200&amp#27;[0m           &amp#27;[90m# starter.stepdefinitions.Login.LoginSteps.iReceiveValidHTTPResponseCode200()&amp#27;[0m
16:11:38.683 [main] DEBUG net.thucydides.core.steps.StepInterceptor - STARTING STEP: GetAllProductSteps.iReceiveAnyDataForAllUsersDetails - I received the data for all products
16:11:38.833 [main] DEBUG net.thucydides.core.steps.StepInterceptor - STEP DONE: I received the data for all products
  &amp#27;[32mAnd &amp#27;[0m&amp#27;[32mI receive any data for all users details&amp#27;[0m          &amp#27;[90m# starter.stepdefinitions.Product.GetAllProductSteps.iReceiveAnyDataForAllUsersDetails()&amp#27;[0m
16:11:38.841 [main] INFO  - 
  _____   ___   ___   _____     ___     _     ___   ___   ___   ___  
 |_   _| | __| / __| |_   _|   | _ \   /_\   / __| / __| | __| |   \ 
   | |   | _|  \__ \   | |     |  _/  / _ \  \__ \ \__ \ | _|  | |) |
   |_|   |___| |___/   |_|     |_|   /_/ \_\ |___/ |___/ |___| |___/ 

GET ALL - As admin I can get all data details
----------------------------------------------------------------------
]]></system-out>
  </testcase>
  <testcase name="Get a single product - As admin I can get one product data" classname="User #2" time="0.75">
    <system-out><![CDATA[
Scenario: Get a single product - As admin I can get one product data &amp#27;[90m# src/test/resources/api/Product.feature:12&amp#27;[0m
16:11:38.878 [main] INFO io.cucumber.core.plugin.SerenityReporter - Running feature from file:///E:/SEMESTER%20VI/KAMPUS%20MERDEKA/qe_putri-maulida-sito-resmi/RESTfull-API/src/test/resources/api/Product.feature
16:11:38.878 [main] WARN io.cucumber.core.plugin.SerenityReporter - Feature from file:///E:/SEMESTER%20VI/KAMPUS%20MERDEKA/qe_putri-maulida-sito-resmi/RESTfull-API/src/test/resources/api/Product.feature is not under the 'features' directory. Requirements report will not be correctly generated!
16:11:38.880 [main] INFO  - 
  _____   ___   ___   _____     ___   _____     _     ___   _____   ___   ___  
 |_   _| | __| / __| |_   _|   / __| |_   _|   /_\   | _ \ |_   _| | __| |   \ 
   | |   | _|  \__ \   | |     \__ \   | |    / _ \  |   /   | |   | _|  | |) |
   |_|   |___| |___/   |_|     |___/   |_|   /_/ \_\ |_|_\   |_|   |___| |___/ 

Get a single product - As admin I can get one product data(user;get-a-single-product---as-admin-i-can-get-one-product-data)
--------------------------------------------------------------------------------
16:11:38.903 [main] DEBUG net.thucydides.core.steps.StepInterceptor - STARTING STEP: GetSingleProductSteps.iSetTheGETApiEndpoint - I set the GET api endpoint
16:11:38.903 [main] DEBUG net.thucydides.core.steps.StepInterceptor - STEP DONE: I set the GET api endpoint
  &amp#27;[32mGiven &amp#27;[0m&amp#27;[32mI set the GET api endpoint&amp#27;[0m                                   &amp#27;[90m# starter.stepdefinitions.Product.GetSingleProductSteps.iSetTheGETApiEndpoint()&amp#27;[0m
16:11:38.917 [main] DEBUG net.thucydides.core.steps.StepInterceptor - STARTING STEP: GetSingleProductSteps.iSendHTTPGETRequest - I send HTTP GET request
16:11:38.942 [main] DEBUG net.thucydides.core.steps.StepInterceptor - STARTING STEP: GetSingleProduct.iSendHTTPGETRequest - I set the GET api endpoint
16:11:38.942 [main] DEBUG net.thucydides.core.steps.StepInterceptor - STEP DONE: I set the GET api endpoint
16:11:38.984 [main] DEBUG org.apache.http.impl.conn.BasicClientConnectionManager - Get connection for route {s}->https://fakestoreapi.com:443
16:11:38.984 [main] DEBUG org.apache.http.impl.conn.DefaultClientConnectionOperator - Connecting to fakestoreapi.com:443
16:11:39.072 [main] DEBUG org.apache.http.client.protocol.RequestAddCookies - CookieSpec selected: ignoreCookies
16:11:39.072 [main] DEBUG org.apache.http.client.protocol.RequestAuthCache - Auth cache not set in the context
16:11:39.073 [main] DEBUG org.apache.http.client.protocol.RequestTargetAuthentication - Target auth state: UNCHALLENGED
16:11:39.073 [main] DEBUG org.apache.http.client.protocol.RequestProxyAuthentication - Proxy auth state: UNCHALLENGED
16:11:39.073 [main] DEBUG org.apache.http.impl.client.DefaultHttpClient - Attempt 1 to execute request
16:11:39.073 [main] DEBUG org.apache.http.impl.conn.DefaultClientConnection - Sending request: GET /products/1 HTTP/1.1
16:11:39.073 [main] DEBUG org.apache.http.wire -  >> "GET /products/1 HTTP/1.1[\r][\n]"
16:11:39.073 [main] DEBUG org.apache.http.wire -  >> "Accept: */*[\r][\n]"
16:11:39.073 [main] DEBUG org.apache.http.wire -  >> "Host: fakestoreapi.com[\r][\n]"
16:11:39.073 [main] DEBUG org.apache.http.wire -  >> "Connection: Keep-Alive[\r][\n]"
16:11:39.073 [main] DEBUG org.apache.http.wire -  >> "User-Agent: Apache-HttpClient/4.5.13 (Java/1.8.0_351)[\r][\n]"
16:11:39.074 [main] DEBUG org.apache.http.wire -  >> "Accept-Encoding: gzip,deflate[\r][\n]"
16:11:39.074 [main] DEBUG org.apache.http.wire -  >> "[\r][\n]"
16:11:39.074 [main] DEBUG org.apache.http.headers - >> GET /products/1 HTTP/1.1
16:11:39.075 [main] DEBUG org.apache.http.headers - >> Accept: */*
16:11:39.075 [main] DEBUG org.apache.http.headers - >> Host: fakestoreapi.com
16:11:39.075 [main] DEBUG org.apache.http.headers - >> Connection: Keep-Alive
16:11:39.075 [main] DEBUG org.apache.http.headers - >> User-Agent: Apache-HttpClient/4.5.13 (Java/1.8.0_351)
16:11:39.075 [main] DEBUG org.apache.http.headers - >> Accept-Encoding: gzip,deflate
16:11:39.580 [main] DEBUG org.apache.http.wire -  << "HTTP/1.1 200 OK[\r][\n]"
16:11:39.580 [main] DEBUG org.apache.http.wire -  << "Date: Sun, 04 Jun 2023 09:11:40 GMT[\r][\n]"
16:11:39.580 [main] DEBUG org.apache.http.wire -  << "Content-Type: application/json; charset=utf-8[\r][\n]"
16:11:39.580 [main] DEBUG org.apache.http.wire -  << "Transfer-Encoding: chunked[\r][\n]"
16:11:39.580 [main] DEBUG org.apache.http.wire -  << "Connection: keep-alive[\r][\n]"
16:11:39.580 [main] DEBUG org.apache.http.wire -  << "Access-Control-Allow-Origin: *[\r][\n]"
16:11:39.581 [main] DEBUG org.apache.http.wire -  << "Etag: W/"16c-MMdrqY6N0sTiefLdsgtBej9eunY"[\r][\n]"
16:11:39.581 [main] DEBUG org.apache.http.wire -  << "X-Powered-By: Express[\r][\n]"
16:11:39.581 [main] DEBUG org.apache.http.wire -  << "CF-Cache-Status: DYNAMIC[\r][\n]"
16:11:39.581 [main] DEBUG org.apache.http.wire -  << "Report-To: {"endpoints":[{"url":"https:\/\/a.nel.cloudflare.com\/report\/v3?s=A27n7Gbv20eqsBHACQle6M3nERtpvqCjMRRxOvqBRzjic%2FyEivy269ifb44CKz%2F1iOaCI5mybxyd%2FprIQIB930%2FhdBB8OgVjmjNLz5ToViwWBv9xcIIObDTVKETkVkilFIpc"}],"group":"cf-nel","max_age":604800}[\r][\n]"
16:11:39.581 [main] DEBUG org.apache.http.wire -  << "NEL: {"success_fraction":0,"report_to":"cf-nel","max_age":604800}[\r][\n]"
16:11:39.581 [main] DEBUG org.apache.http.wire -  << "Server: cloudflare[\r][\n]"
16:11:39.581 [main] DEBUG org.apache.http.wire -  << "CF-RAY: 7d1f0cb8aa2f3ffa-SIN[\r][\n]"
16:11:39.581 [main] DEBUG org.apache.http.wire -  << "Content-Encoding: gzip[\r][\n]"
16:11:39.581 [main] DEBUG org.apache.http.wire -  << "alt-svc: h3=":443"; ma=86400[\r][\n]"
16:11:39.581 [main] DEBUG org.apache.http.wire -  << "[\r][\n]"
16:11:39.582 [main] DEBUG org.apache.http.impl.conn.DefaultClientConnection - Receiving response: HTTP/1.1 200 OK
16:11:39.582 [main] DEBUG org.apache.http.headers - << HTTP/1.1 200 OK
16:11:39.582 [main] DEBUG org.apache.http.headers - << Date: Sun, 04 Jun 2023 09:11:40 GMT
16:11:39.582 [main] DEBUG org.apache.http.headers - << Content-Type: application/json; charset=utf-8
16:11:39.582 [main] DEBUG org.apache.http.headers - << Transfer-Encoding: chunked
16:11:39.582 [main] DEBUG org.apache.http.headers - << Connection: keep-alive
16:11:39.582 [main] DEBUG org.apache.http.headers - << Access-Control-Allow-Origin: *
16:11:39.582 [main] DEBUG org.apache.http.headers - << Etag: W/"16c-MMdrqY6N0sTiefLdsgtBej9eunY"
16:11:39.582 [main] DEBUG org.apache.http.headers - << X-Powered-By: Express
16:11:39.582 [main] DEBUG org.apache.http.headers - << CF-Cache-Status: DYNAMIC
16:11:39.582 [main] DEBUG org.apache.http.headers - << Report-To: {"endpoints":[{"url":"https:\/\/a.nel.cloudflare.com\/report\/v3?s=A27n7Gbv20eqsBHACQle6M3nERtpvqCjMRRxOvqBRzjic%2FyEivy269ifb44CKz%2F1iOaCI5mybxyd%2FprIQIB930%2FhdBB8OgVjmjNLz5ToViwWBv9xcIIObDTVKETkVkilFIpc"}],"group":"cf-nel","max_age":604800}
16:11:39.582 [main] DEBUG org.apache.http.headers - << NEL: {"success_fraction":0,"report_to":"cf-nel","max_age":604800}
16:11:39.582 [main] DEBUG org.apache.http.headers - << Server: cloudflare
16:11:39.582 [main] DEBUG org.apache.http.headers - << CF-RAY: 7d1f0cb8aa2f3ffa-SIN
16:11:39.582 [main] DEBUG org.apache.http.headers - << Content-Encoding: gzip
16:11:39.582 [main] DEBUG org.apache.http.headers - << alt-svc: h3=":443"; ma=86400
16:11:39.582 [main] DEBUG org.apache.http.impl.client.DefaultHttpClient - Connection can be kept alive indefinitely
16:11:39.582 [main] DEBUG io.restassured.internal.RestAssuredHttpBuilder - Parsing response as: application/json; charset=utf-8
16:11:39.582 [main] DEBUG org.apache.http.wire -  << "124[\r][\n]"
16:11:39.582 [main] DEBUG org.apache.http.wire -  << "[0x1f][0x8b][0x8][0x0][0x0][0x0][0x0][0x0][0x0][0x3]4[0x8f]Mk[0xc3]0[0x10]D[0xff][0xca][0xb2][0x97][0xb6][0xa0][0xf8]#%[0xd0][0xe8][0x96][0x16]ri([0x85][0x9c]r[\n]"
16:11:39.582 [main] DEBUG org.apache.http.wire -  << "BZ[0xdb][0x8a]eIH[0xeb][0x14][0x13][0xf2][0xdf][0x8b]Zr[0x9b][0xc3][0xcc]{[0xcc][\r][0xad]A[0xd9][\n]"
16:11:39.582 [main] DEBUG org.apache.http.wire -  << "d[0xcb][0x8e]P[0xe2][0xfe][0xa2][0x9c]K[0xea]J[0x1e]V[0xb0][0xf][0xce]d[0xa5]G[0xf8][\n]"
16:11:39.582 [main] DEBUG org.apache.http.wire -  << "[0x15][0xb4][0xf0][0xae][0xf4][0x18][0x95][0x1e][0x5][0xec]-gh7pP[0x91]C[0xcc](0&[0xab][0x9]e[0xdb]l[0xab][0xed]F[0xa0][0xa1][0xac][0x93][0x8d]l[0x83]G[0x89][0xa7]0'[0x88][0x94]:[0xd2][0xc][0x85][0x0]]H@WJ[0x8b]Q[0xb][0xcc][0x99]@y[0x3]?[0xca][0x8d][0x19][0xac][0x7][0x1e][0xa8]4(s[0x5]GVy[0x80][0xa5][0x10][0xdc][0x9f][\r][0x9e][0xe7][0x8][0x1c][0x8a][0xde]z=P~yL[0xa2]2[0x86][0xc]dGt%[0xf1][0xbf]yHP[0xa0]VL}H[0xb]J[0x9c][0xc8]?e[0xd0].[0xf0]`}[0x8f][0x2][0xed][0xa4][0xfa]r`[0x8e]Y[0xd6]u[0xa7]F[0xca][0x1c][0x12][0xa9]h+[0x1d][0xa6][0xda]N}[0xfd][0xd6]v[0xdf][0x9f]f[0xb5][0xde][0x9d][0xe][0xd5]y[0xf7]q>[0x1e][0xda]M[0xd3][0x9c][0xab]K,[0x88][0xa4][0xb8][0xb0][0xe4][0xad]$B[0xf9]Zm[0x5][0xea]0{F[0xd9][0xae][0x9b][0xfb][0xfd][0x17][0x0][0x0][0xff][0xff][0x3][0x0]hW[0xe2][0x13]l[0x1][0x0][0x0]"
16:11:39.585 [main] DEBUG org.apache.http.wire -  << "[\r][\n]"
16:11:39.585 [main] DEBUG org.apache.http.wire -  << "0[\r][\n]"
16:11:39.585 [main] DEBUG org.apache.http.wire -  << "[\r][\n]"
16:11:39.585 [main] DEBUG io.restassured.internal.RestAssuredHttpBuilder - Parsed data to instance of: class org.apache.http.conn.EofSensorInputStream
16:11:39.591 [main] DEBUG org.apache.http.impl.conn.BasicClientConnectionManager - Releasing connection org.apache.http.impl.conn.ManagedClientConnectionImpl@1144a02b
16:11:39.592 [main] DEBUG org.apache.http.impl.conn.BasicClientConnectionManager - Connection can be kept alive indefinitely
16:11:39.594 [main] DEBUG net.thucydides.core.steps.StepInterceptor - STEP DONE: I send HTTP GET request
  &amp#27;[32mWhen &amp#27;[0m&amp#27;[32mI send HTTP GET request&amp#27;[0m                                       &amp#27;[90m# starter.stepdefinitions.Product.GetSingleProductSteps.iSendHTTPGETRequest()&amp#27;[0m
16:11:39.609 [main] DEBUG net.thucydides.core.steps.StepInterceptor - STARTING STEP: LoginSteps.iReceiveValidHTTPResponseCode200 - I receive a valid HTTP response code 200
16:11:39.612 [main] DEBUG net.thucydides.core.steps.StepInterceptor - STEP DONE: I receive a valid HTTP response code 200
  &amp#27;[32mThen &amp#27;[0m&amp#27;[32mI receive valid HTTP response code 200&amp#27;[0m                        &amp#27;[90m# starter.stepdefinitions.Login.LoginSteps.iReceiveValidHTTPResponseCode200()&amp#27;[0m
16:11:39.617 [main] DEBUG net.thucydides.core.steps.StepInterceptor - STARTING STEP: GetSingleProductSteps.iReceivedDataId - I received data id 1
16:11:39.618 [main] DEBUG net.thucydides.core.steps.StepInterceptor - STEP DONE: I received data id 1
  &amp#27;[32mAnd &amp#27;[0m&amp#27;[32mI received data id 1&amp#27;[0m                                           &amp#27;[90m# starter.stepdefinitions.Product.GetSingleProductSteps.iReceivedDataId()&amp#27;[0m
16:11:39.621 [main] INFO  - 
  _____   ___   ___   _____     ___     _     ___   ___   ___   ___  
 |_   _| | __| / __| |_   _|   | _ \   /_\   / __| / __| | __| |   \ 
   | |   | _|  \__ \   | |     |  _/  / _ \  \__ \ \__ \ | _|  | |) |
   |_|   |___| |___/   |_|     |_|   /_/ \_\ |___/ |___/ |___| |___/ 

Get a single product - As admin I can get one product data
----------------------------------------------------------------------
]]></system-out>
  </testcase>
  <testcase name="Limit results - As admin I can get product limit" classname="User #2" time="0.721">
    <system-out><![CDATA[
Scenario: Limit results - As admin I can get product limit &amp#27;[90m# src/test/resources/api/Product.feature:18&amp#27;[0m
16:11:39.634 [main] INFO io.cucumber.core.plugin.SerenityReporter - Running feature from file:///E:/SEMESTER%20VI/KAMPUS%20MERDEKA/qe_putri-maulida-sito-resmi/RESTfull-API/src/test/resources/api/Product.feature
16:11:39.634 [main] WARN io.cucumber.core.plugin.SerenityReporter - Feature from file:///E:/SEMESTER%20VI/KAMPUS%20MERDEKA/qe_putri-maulida-sito-resmi/RESTfull-API/src/test/resources/api/Product.feature is not under the 'features' directory. Requirements report will not be correctly generated!
16:11:39.637 [main] INFO  - 
  _____   ___   ___   _____     ___   _____     _     ___   _____   ___   ___  
 |_   _| | __| / __| |_   _|   / __| |_   _|   /_\   | _ \ |_   _| | __| |   \ 
   | |   | _|  \__ \   | |     \__ \   | |    / _ \  |   /   | |   | _|  | |) |
   |_|   |___| |___/   |_|     |___/   |_|   /_/ \_\ |_|_\   |_|   |___| |___/ 

Limit results - As admin I can get product limit(user;limit-results---as-admin-i-can-get-product-limit)
--------------------------------------------------------------------------------
16:11:39.649 [main] DEBUG net.thucydides.core.steps.StepInterceptor - STARTING STEP: GetSingleProductSteps.iSetTheGETApiEndpoint - I set the GET api endpoint
16:11:39.650 [main] DEBUG net.thucydides.core.steps.StepInterceptor - STEP DONE: I set the GET api endpoint
  &amp#27;[32mGiven &amp#27;[0m&amp#27;[32mI set the GET api endpoint&amp#27;[0m                         &amp#27;[90m# starter.stepdefinitions.Product.GetSingleProductSteps.iSetTheGETApiEndpoint()&amp#27;[0m
16:11:39.655 [main] DEBUG net.thucydides.core.steps.StepInterceptor - STARTING STEP: GetSingleProductSteps.iSendHTTPGETRequest - I send HTTP GET request
16:11:39.659 [main] DEBUG net.thucydides.core.steps.StepInterceptor - STARTING STEP: GetSingleProduct.iSendHTTPGETRequest - I set the GET api endpoint
16:11:39.659 [main] DEBUG net.thucydides.core.steps.StepInterceptor - STEP DONE: I set the GET api endpoint
16:11:39.690 [main] DEBUG org.apache.http.impl.conn.BasicClientConnectionManager - Get connection for route {s}->https://fakestoreapi.com:443
16:11:39.691 [main] DEBUG org.apache.http.impl.conn.DefaultClientConnectionOperator - Connecting to fakestoreapi.com:443
16:11:39.777 [main] DEBUG org.apache.http.client.protocol.RequestAddCookies - CookieSpec selected: ignoreCookies
16:11:39.778 [main] DEBUG org.apache.http.client.protocol.RequestAuthCache - Auth cache not set in the context
16:11:39.778 [main] DEBUG org.apache.http.client.protocol.RequestTargetAuthentication - Target auth state: UNCHALLENGED
16:11:39.778 [main] DEBUG org.apache.http.client.protocol.RequestProxyAuthentication - Proxy auth state: UNCHALLENGED
16:11:39.778 [main] DEBUG org.apache.http.impl.client.DefaultHttpClient - Attempt 1 to execute request
16:11:39.778 [main] DEBUG org.apache.http.impl.conn.DefaultClientConnection - Sending request: GET /products/1 HTTP/1.1
16:11:39.778 [main] DEBUG org.apache.http.wire -  >> "GET /products/1 HTTP/1.1[\r][\n]"
16:11:39.778 [main] DEBUG org.apache.http.wire -  >> "Accept: */*[\r][\n]"
16:11:39.779 [main] DEBUG org.apache.http.wire -  >> "Host: fakestoreapi.com[\r][\n]"
16:11:39.782 [main] DEBUG org.apache.http.wire -  >> "Connection: Keep-Alive[\r][\n]"
16:11:39.782 [main] DEBUG org.apache.http.wire -  >> "User-Agent: Apache-HttpClient/4.5.13 (Java/1.8.0_351)[\r][\n]"
16:11:39.783 [main] DEBUG org.apache.http.wire -  >> "Accept-Encoding: gzip,deflate[\r][\n]"
16:11:39.783 [main] DEBUG org.apache.http.wire -  >> "[\r][\n]"
16:11:39.783 [main] DEBUG org.apache.http.headers - >> GET /products/1 HTTP/1.1
16:11:39.783 [main] DEBUG org.apache.http.headers - >> Accept: */*
16:11:39.783 [main] DEBUG org.apache.http.headers - >> Host: fakestoreapi.com
16:11:39.783 [main] DEBUG org.apache.http.headers - >> Connection: Keep-Alive
16:11:39.783 [main] DEBUG org.apache.http.headers - >> User-Agent: Apache-HttpClient/4.5.13 (Java/1.8.0_351)
16:11:39.783 [main] DEBUG org.apache.http.headers - >> Accept-Encoding: gzip,deflate
16:11:40.305 [main] DEBUG org.apache.http.wire -  << "HTTP/1.1 200 OK[\r][\n]"
16:11:40.305 [main] DEBUG org.apache.http.wire -  << "Date: Sun, 04 Jun 2023 09:11:40 GMT[\r][\n]"
16:11:40.306 [main] DEBUG org.apache.http.wire -  << "Content-Type: application/json; charset=utf-8[\r][\n]"
16:11:40.306 [main] DEBUG org.apache.http.wire -  << "Transfer-Encoding: chunked[\r][\n]"
16:11:40.306 [main] DEBUG org.apache.http.wire -  << "Connection: keep-alive[\r][\n]"
16:11:40.306 [main] DEBUG org.apache.http.wire -  << "Access-Control-Allow-Origin: *[\r][\n]"
16:11:40.306 [main] DEBUG org.apache.http.wire -  << "Etag: W/"16c-MMdrqY6N0sTiefLdsgtBej9eunY"[\r][\n]"
16:11:40.306 [main] DEBUG org.apache.http.wire -  << "X-Powered-By: Express[\r][\n]"
16:11:40.306 [main] DEBUG org.apache.http.wire -  << "CF-Cache-Status: DYNAMIC[\r][\n]"
16:11:40.306 [main] DEBUG org.apache.http.wire -  << "Report-To: {"endpoints":[{"url":"https:\/\/a.nel.cloudflare.com\/report\/v3?s=UUUdYdWZg68Kd5l0pQ82K4C%2BmRWh4t3rDOYiN%2B9Tyuj9OWVkaMgj%2BD8DD4Nonj2y3fVnGGkd12kiknuiB9oRYVX23hlGhcD87cSaB%2BhKd9GH%2BnlTxhi1QPKV4aSO76%2BywDQt"}],"group":"cf-nel","max_age":604800}[\r][\n]"
16:11:40.306 [main] DEBUG org.apache.http.wire -  << "NEL: {"success_fraction":0,"report_to":"cf-nel","max_age":604800}[\r][\n]"
16:11:40.306 [main] DEBUG org.apache.http.wire -  << "Server: cloudflare[\r][\n]"
16:11:40.306 [main] DEBUG org.apache.http.wire -  << "CF-RAY: 7d1f0cbd18334487-SIN[\r][\n]"
16:11:40.306 [main] DEBUG org.apache.http.wire -  << "Content-Encoding: gzip[\r][\n]"
16:11:40.306 [main] DEBUG org.apache.http.wire -  << "alt-svc: h3=":443"; ma=86400[\r][\n]"
16:11:40.306 [main] DEBUG org.apache.http.wire -  << "[\r][\n]"
16:11:40.306 [main] DEBUG org.apache.http.impl.conn.DefaultClientConnection - Receiving response: HTTP/1.1 200 OK
16:11:40.306 [main] DEBUG org.apache.http.headers - << HTTP/1.1 200 OK
16:11:40.306 [main] DEBUG org.apache.http.headers - << Date: Sun, 04 Jun 2023 09:11:40 GMT
16:11:40.306 [main] DEBUG org.apache.http.headers - << Content-Type: application/json; charset=utf-8
16:11:40.306 [main] DEBUG org.apache.http.headers - << Transfer-Encoding: chunked
16:11:40.306 [main] DEBUG org.apache.http.headers - << Connection: keep-alive
16:11:40.306 [main] DEBUG org.apache.http.headers - << Access-Control-Allow-Origin: *
16:11:40.306 [main] DEBUG org.apache.http.headers - << Etag: W/"16c-MMdrqY6N0sTiefLdsgtBej9eunY"
16:11:40.306 [main] DEBUG org.apache.http.headers - << X-Powered-By: Express
16:11:40.306 [main] DEBUG org.apache.http.headers - << CF-Cache-Status: DYNAMIC
16:11:40.306 [main] DEBUG org.apache.http.headers - << Report-To: {"endpoints":[{"url":"https:\/\/a.nel.cloudflare.com\/report\/v3?s=UUUdYdWZg68Kd5l0pQ82K4C%2BmRWh4t3rDOYiN%2B9Tyuj9OWVkaMgj%2BD8DD4Nonj2y3fVnGGkd12kiknuiB9oRYVX23hlGhcD87cSaB%2BhKd9GH%2BnlTxhi1QPKV4aSO76%2BywDQt"}],"group":"cf-nel","max_age":604800}
16:11:40.306 [main] DEBUG org.apache.http.headers - << NEL: {"success_fraction":0,"report_to":"cf-nel","max_age":604800}
16:11:40.306 [main] DEBUG org.apache.http.headers - << Server: cloudflare
16:11:40.306 [main] DEBUG org.apache.http.headers - << CF-RAY: 7d1f0cbd18334487-SIN
16:11:40.306 [main] DEBUG org.apache.http.headers - << Content-Encoding: gzip
16:11:40.306 [main] DEBUG org.apache.http.headers - << alt-svc: h3=":443"; ma=86400
16:11:40.306 [main] DEBUG org.apache.http.impl.client.DefaultHttpClient - Connection can be kept alive indefinitely
16:11:40.306 [main] DEBUG io.restassured.internal.RestAssuredHttpBuilder - Parsing response as: application/json; charset=utf-8
16:11:40.306 [main] DEBUG org.apache.http.wire -  << "124[\r][\n]"
16:11:40.306 [main] DEBUG org.apache.http.wire -  << "[0x1f][0x8b][0x8][0x0][0x0][0x0][0x0][0x0][0x0][0x3]4[0x8f]Mk[0xc3]0[0x10]D[0xff][0xca][0xb2][0x97][0xb6][0xa0][0xf8]#%[0xd0][0xe8][0x96][0x16]ri([0x85][0x9c]r[\n]"
16:11:40.307 [main] DEBUG org.apache.http.wire -  << "BZ[0xdb][0x8a]eIH[0xeb][0x14][0x13][0xf2][0xdf][0x8b]Zr[0x9b][0xc3][0xcc]{[0xcc][\r][0xad]A[0xd9][\n]"
16:11:40.307 [main] DEBUG org.apache.http.wire -  << "d[0xcb][0x8e]P[0xe2][0xfe][0xa2][0x9c]K[0xea]J[0x1e]V[0xb0][0xf][0xce]d[0xa5]G[0xf8][\n]"
16:11:40.307 [main] DEBUG org.apache.http.wire -  << "[0x15][0xb4][0xf0][0xae][0xf4][0x18][0x95][0x1e][0x5][0xec]-gh7pP[0x91]C[0xcc](0&[0xab][0x9]e[0xdb]l[0xab][0xed]F[0xa0][0xa1][0xac][0x93][0x8d]l[0x83]G[0x89][0xa7]0'[0x88][0x94]:[0xd2][0xc][0x85][0x0]]H@WJ[0x8b]Q[0xb][0xcc][0x99]@y[0x3]?[0xca][0x8d][0x19][0xac][0x7][0x1e][0xa8]4(s[0x5]GVy[0x80][0xa5][0x10][0xdc][0x9f][\r][0x9e][0xe7][0x8][0x1c][0x8a][0xde]z=P~yL[0xa2]2[0x86][0xc]dGt%[0xf1][0xbf]yHP[0xa0]VL}H[0xb]J[0x9c][0xc8]?e[0xd0].[0xf0]`}[0x8f][0x2][0xed][0xa4][0xfa]r`[0x8e]Y[0xd6]u[0xa7]F[0xca][0x1c][0x12][0xa9]h+[0x1d][0xa6][0xda]N}[0xfd][0xd6]v[0xdf][0x9f]f[0xb5][0xde][0x9d][0xe][0xd5]y[0xf7]q>[0x1e][0xda]M[0xd3][0x9c][0xab]K,[0x88][0xa4][0xb8][0xb0][0xe4][0xad]$B[0xf9]Zm[0x5][0xea]0{F[0xd9][0xae][0x9b][0xfb][0xfd][0x17][0x0][0x0][0xff][0xff][0x3][0x0]hW[0xe2][0x13]l[0x1][0x0][0x0]"
16:11:40.307 [main] DEBUG org.apache.http.wire -  << "[\r][\n]"
16:11:40.307 [main] DEBUG org.apache.http.wire -  << "0[\r][\n]"
16:11:40.307 [main] DEBUG org.apache.http.wire -  << "[\r][\n]"
16:11:40.307 [main] DEBUG io.restassured.internal.RestAssuredHttpBuilder - Parsed data to instance of: class org.apache.http.conn.EofSensorInputStream
16:11:40.309 [main] DEBUG org.apache.http.impl.conn.BasicClientConnectionManager - Releasing connection org.apache.http.impl.conn.ManagedClientConnectionImpl@374c3975
16:11:40.309 [main] DEBUG org.apache.http.impl.conn.BasicClientConnectionManager - Connection can be kept alive indefinitely
16:11:40.311 [main] DEBUG net.thucydides.core.steps.StepInterceptor - STEP DONE: I send HTTP GET request
  &amp#27;[32mWhen &amp#27;[0m&amp#27;[32mI send HTTP GET request&amp#27;[0m                             &amp#27;[90m# starter.stepdefinitions.Product.GetSingleProductSteps.iSendHTTPGETRequest()&amp#27;[0m
16:11:40.323 [main] DEBUG net.thucydides.core.steps.StepInterceptor - STARTING STEP: LoginSteps.iReceiveValidHTTPResponseCode200 - I receive a valid HTTP response code 200
16:11:40.323 [main] DEBUG net.thucydides.core.steps.StepInterceptor - STEP DONE: I receive a valid HTTP response code 200
  &amp#27;[32mThen &amp#27;[0m&amp#27;[32mI receive valid HTTP response code 200&amp#27;[0m              &amp#27;[90m# starter.stepdefinitions.Login.LoginSteps.iReceiveValidHTTPResponseCode200()&amp#27;[0m
16:11:40.339 [main] DEBUG net.thucydides.core.steps.StepInterceptor - STARTING STEP: GetLimitSteps.iReceiveDataWithALimitOf - I receive data with a limit of 5
16:11:40.339 [main] DEBUG net.thucydides.core.steps.StepInterceptor - STEP DONE: I receive data with a limit of 5
  &amp#27;[32mAnd &amp#27;[0m&amp#27;[32mI receive data with a limit of 5&amp#27;[0m                     &amp#27;[90m# starter.stepdefinitions.Product.GetLimitSteps.iReceiveDataWithALimitOf()&amp#27;[0m
16:11:40.342 [main] INFO  - 
  _____   ___   ___   _____     ___     _     ___   ___   ___   ___  
 |_   _| | __| / __| |_   _|   | _ \   /_\   / __| / __| | __| |   \ 
   | |   | _|  \__ \   | |     |  _/  / _ \  \__ \ \__ \ | _|  | |) |
   |_|   |___| |___/   |_|     |_|   /_/ \_\ |___/ |___/ |___| |___/ 

Limit results - As admin I can get product limit
----------------------------------------------------------------------
]]></system-out>
  </testcase>
  <testcase name="Get all categories - As admin I can get data of all categories" classname="User #2" time="0.936">
[...]
	at sun.reflect.NativeMethodAccessorImpl.invoke0(Native Method)
	at sun.reflect.NativeMethodAccessorImpl.invoke(NativeMethodAccessorImpl.java:62)
	at sun.reflect.DelegatingMethodAccessorImpl.invoke(DelegatingMethodAccessorImpl.java:43)
	at java.lang.reflect.Method.invoke(Method.java:498)
	at org.codehaus.groovy.runtime.callsite.PlainObjectMetaMethodSite.doInvoke(PlainObjectMetaMethodSite.java:43)
	at org.codehaus.groovy.runtime.callsite.PogoMetaMethodSite$PogoCachedMethodSiteNoUnwrapNoCoerce.invoke(PogoMetaMethodSite.java:198)
	at org.codehaus.groovy.runtime.callsite.PogoMetaMethodSite.callCurrent(PogoMetaMethodSite.java:62)
	at org.codehaus.groovy.runtime.callsite.CallSiteArray.defaultCallCurrent(CallSiteArray.java:49)
	at org.codehaus.groovy.runtime.callsite.AbstractCallSite.callCurrent(AbstractCallSite.java:171)
	at org.codehaus.groovy.runtime.callsite.AbstractCallSite.callCurrent(AbstractCallSite.java:185)
	at io.restassured.internal.ResponseSpecificationImpl.body(ResponseSpecificationImpl.groovy:107)
	at io.restassured.internal.ValidatableResponseOptionsImpl.body(ValidatableResponseOptionsImpl.java:238)
	at starter.user.Product.GetAllCategories.lambda$iReceiveDataOfAllCategories$1(GetAllCategories.java:26)
	at net.serenitybdd.rest.SerenityRest.restAssuredThat(SerenityRest.java:626)
	at starter.user.Product.GetAllCategories.iReceiveDataOfAllCategories(GetAllCategories.java:26)
	at starter.user.Product.GetAllCategories$ByteBuddy$au3i9ubY.iReceiveDataOfAllCategories$accessor$8FMLMFXX(Unknown Source)
	at sun.reflect.NativeMethodAccessorImpl.invoke0(Native Method)
	at sun.reflect.NativeMethodAccessorImpl.invoke(NativeMethodAccessorImpl.java:62)
	at sun.reflect.DelegatingMethodAccessorImpl.invoke(DelegatingMethodAccessorImpl.java:43)
	at java.lang.reflect.Method.invoke(Method.java:498)
	at net.thucydides.core.steps.StepInterceptor.invokeMethod(StepInterceptor.java:518)
	at net.thucydides.core.steps.StepInterceptor.executeTestStepMethod(StepInterceptor.java:498)
	at net.thucydides.core.steps.StepInterceptor.runTestStep(StepInterceptor.java:472)
	at net.thucydides.core.steps.StepInterceptor.runOrSkipMethod(StepInterceptor.java:211)
	at net.thucydides.core.steps.StepInterceptor.testStepResult(StepInterceptor.java:198)
	at net.thucydides.core.steps.StepInterceptor.intercept(StepInterceptor.java:86)
	at net.thucydides.core.steps.ProxyConfiguration$InterceptorDispatcher.intercept(ProxyConfiguration.java:51)
	at starter.user.Product.GetAllCategories$ByteBuddy$au3i9ubY.iReceiveDataOfAllCategories(Unknown Source)
	at starter.stepdefinitions.Product.GetAllCategoriesSteps.iReceiveDataOfAllCategories(GetAllCategoriesSteps.java:12)
	at âœ½.I receive data of all categories(file:///E:/SEMESTER%20VI/KAMPUS%20MERDEKA/qe_putri-maulida-sito-resmi/RESTfull-API/src/test/resources/api/Product.feature:28)
&amp#27;[0m
16:11:41.195 [main] ERROR  - 
  _____   ___   ___   _____     ___     _     ___   _      ___   ___  
 |_   _| | __| / __| |_   _|   | __|   /_\   |_ _| | |    | __| |   \ 
   | |   | _|  \__ \   | |     | _|   / _ \   | |  | |__  | _|  | |) |
   |_|   |___| |___/   |_|     |_|   /_/ \_\ |___| |____| |___| |___/ 

Get all categories - As admin I can get data of all categories
-----------------------------------------------------------------------
16:11:41.198 [main] DEBUG  - RELATED ISSUES: 
16:11:41.270 [main] ERROR  -     Test failed at step: I receive data of all categories
16:11:41.270 [main] ERROR  -     1 expectation failed.Response body doesn't match expectation.Expected: "electronics"  Actual: {"id":1,"title":"Fjallraven - Foldsack No. 1 Backpack, Fits 15 Laptops","price":109.95,"description":"Your perfect pack for everyday use and walks in the forest. Stash your laptop (up to 15 inches) in the padded sleeve, your everyday","category":"men's clothing","image":"https://fakestoreapi.com/img/81fPKd-2AYL._AC_SL1500_.jpg","rating":{"rate":3.9,"count":120}}
]]></system-out>
  </testcase>
  <testcase name="Add new product - As admin I can add new data" classname="User #2" time="4.515">
    <failure type="java.lang.AssertionError"><![CDATA[java.lang.AssertionError: 
1 expectation failed.
JSON path title doesn't match.
Expected: test product
  Actual: null

]]></failure>
    <system-out><![CDATA[
Scenario: Add new product - As admin I can add new data &amp#27;[90m# src/test/resources/api/Product.feature:30&amp#27;[0m
16:11:41.294 [main] INFO io.cucumber.core.plugin.SerenityReporter - Running feature from file:///E:/SEMESTER%20VI/KAMPUS%20MERDEKA/qe_putri-maulida-sito-resmi/RESTfull-API/src/test/resources/api/Product.feature
16:11:41.294 [main] WARN io.cucumber.core.plugin.SerenityReporter - Feature from file:///E:/SEMESTER%20VI/KAMPUS%20MERDEKA/qe_putri-maulida-sito-resmi/RESTfull-API/src/test/resources/api/Product.feature is not under the 'features' directory. Requirements report will not be correctly generated!
16:11:41.301 [main] INFO  - 
  _____   ___   ___   _____     ___   _____     _     ___   _____   ___   ___  
 |_   _| | __| / __| |_   _|   / __| |_   _|   /_\   | _ \ |_   _| | __| |   \ 
   | |   | _|  \__ \   | |     \__ \   | |    / _ \  |   /   | |   | _|  | |) |
   |_|   |___| |___/   |_|     |___/   |_|   /_/ \_\ |_|_\   |_|   |___| |___/ 

Add new product - As admin I can add new data(user;add-new-product---as-admin-i-can-add-new-data)
--------------------------------------------------------------------------------
16:11:41.315 [main] DEBUG net.thucydides.core.steps.StepInterceptor - STARTING STEP: LoginSteps.iSetTheApiPOSTEndpoint - I set the api POST endpoint
16:11:41.315 [main] DEBUG net.thucydides.core.steps.StepInterceptor - STEP DONE: I set the api POST endpoint
  &amp#27;[32mGiven &amp#27;[0m&amp#27;[32mI set the api POST endpoint&amp#27;[0m                     &amp#27;[90m# starter.stepdefinitions.Login.LoginSteps.iSetTheApiPOSTEndpoint()&amp#27;[0m
16:11:41.321 [main] DEBUG net.thucydides.core.steps.StepInterceptor - STARTING STEP: LoginSteps.iSendHTTPPOSTRequest - I send HTTP POST request
16:11:41.324 [main] DEBUG net.thucydides.core.steps.StepInterceptor - STARTING STEP: LoginPage.iSendGETHTTPRequest - I set the api POST endpoint
16:11:41.324 [main] DEBUG net.thucydides.core.steps.StepInterceptor - STEP DONE: I set the api POST endpoint
16:11:41.355 [main] DEBUG org.apache.http.impl.conn.BasicClientConnectionManager - Get connection for route {s}->https://fakestoreapi.com:443
16:11:41.355 [main] DEBUG org.apache.http.impl.conn.DefaultClientConnectionOperator - Connecting to fakestoreapi.com:443
16:11:41.436 [main] DEBUG org.apache.http.client.protocol.RequestAddCookies - CookieSpec selected: ignoreCookies
16:11:41.436 [main] DEBUG org.apache.http.client.protocol.RequestAuthCache - Auth cache not set in the context
16:11:41.436 [main] DEBUG org.apache.http.client.protocol.RequestTargetAuthentication - Target auth state: UNCHALLENGED
16:11:41.436 [main] DEBUG org.apache.http.client.protocol.RequestProxyAuthentication - Proxy auth state: UNCHALLENGED
16:11:41.436 [main] DEBUG org.apache.http.impl.client.DefaultHttpClient - Attempt 1 to execute request
16:11:41.437 [main] DEBUG org.apache.http.impl.conn.DefaultClientConnection - Sending request: POST /auth/login HTTP/1.1
16:11:41.437 [main] DEBUG org.apache.http.wire -  >> "POST /auth/login HTTP/1.1[\r][\n]"
16:11:41.437 [main] DEBUG org.apache.http.wire -  >> "Accept: */*[\r][\n]"
16:11:41.437 [main] DEBUG org.apache.http.wire -  >> "Content-Type: application/json[\r][\n]"
16:11:41.437 [main] DEBUG org.apache.http.wire -  >> "Content-Length: 43[\r][\n]"
16:11:41.437 [main] DEBUG org.apache.http.wire -  >> "Host: fakestoreapi.com[\r][\n]"
16:11:41.437 [main] DEBUG org.apache.http.wire -  >> "Connection: Keep-Alive[\r][\n]"
16:11:41.437 [main] DEBUG org.apache.http.wire -  >> "User-Agent: Apache-HttpClient/4.5.13 (Java/1.8.0_351)[\r][\n]"
16:11:41.437 [main] DEBUG org.apache.http.wire -  >> "Accept-Encoding: gzip,deflate[\r][\n]"
16:11:41.437 [main] DEBUG org.apache.http.wire -  >> "[\r][\n]"
16:11:41.437 [main] DEBUG org.apache.http.headers - >> POST /auth/login HTTP/1.1
16:11:41.437 [main] DEBUG org.apache.http.headers - >> Accept: */*
16:11:41.437 [main] DEBUG org.apache.http.headers - >> Content-Type: application/json
16:11:41.437 [main] DEBUG org.apache.http.headers - >> Content-Length: 43
16:11:41.437 [main] DEBUG org.apache.http.headers - >> Host: fakestoreapi.com
16:11:41.437 [main] DEBUG org.apache.http.headers - >> Connection: Keep-Alive
16:11:41.437 [main] DEBUG org.apache.http.headers - >> User-Agent: Apache-HttpClient/4.5.13 (Java/1.8.0_351)
16:11:41.437 [main] DEBUG org.apache.http.headers - >> Accept-Encoding: gzip,deflate
16:11:41.437 [main] DEBUG org.apache.http.wire -  >> "{"password":"83r5^_","username":"mor_2314"}"
16:11:45.730 [main] DEBUG org.apache.http.wire -  << "HTTP/1.1 200 OK[\r][\n]"
16:11:45.730 [main] DEBUG org.apache.http.wire -  << "Date: Sun, 04 Jun 2023 09:11:46 GMT[\r][\n]"
16:11:45.730 [main] DEBUG org.apache.http.wire -  << "Content-Type: application/json; charset=utf-8[\r][\n]"
16:11:45.730 [main] DEBUG org.apache.http.wire -  << "Transfer-Encoding: chunked[\r][\n]"
16:11:45.730 [main] DEBUG org.apache.http.wire -  << "Connection: keep-alive[\r][\n]"
16:11:45.730 [main] DEBUG org.apache.http.wire -  << "Access-Control-Allow-Origin: *[\r][\n]"
16:11:45.731 [main] DEBUG org.apache.http.wire -  << "Etag: W/"98-FueS8YJKf9HcsmE4V1GOHtP4TxI"[\r][\n]"
16:11:45.731 [main] DEBUG org.apache.http.wire -  << "X-Powered-By: Express[\r][\n]"
16:11:45.731 [main] DEBUG org.apache.http.wire -  << "CF-Cache-Status: DYNAMIC[\r][\n]"
16:11:45.731 [main] DEBUG org.apache.http.wire -  << "Report-To: {"endpoints":[{"url":"https:\/\/a.nel.cloudflare.com\/report\/v3?s=FMKyftdpfGRE0%2B%2BRcZ3%2BHLoVIVshmtAbkorBTm91GHWNvj6lHKUhvTpXgepTXVVSQyFyxXwVuzpzASOLSXbpHjW3tyGJo9lFCapPF%2FuanQNTr7drmMLbVLXqCw%2FjcpvKyyW%2B"}],"group":"cf-nel","max_age":604800}[\r][\n]"
16:11:45.731 [main] DEBUG org.apache.http.wire -  << "NEL: {"success_fraction":0,"report_to":"cf-nel","max_age":604800}[\r][\n]"
16:11:45.731 [main] DEBUG org.apache.http.wire -  << "Server: cloudflare[\r][\n]"
16:11:45.731 [main] DEBUG org.apache.http.wire -  << "CF-RAY: 7d1f0cc77fed6be1-SIN[\r][\n]"
16:11:45.731 [main] DEBUG org.apache.http.wire -  << "Content-Encoding: gzip[\r][\n]"
16:11:45.731 [main] DEBUG org.apache.http.wire -  << "alt-svc: h3=":443"; ma=86400[\r][\n]"
16:11:45.731 [main] DEBUG org.apache.http.wire -  << "[\r][\n]"
16:11:45.731 [main] DEBUG org.apache.http.impl.conn.DefaultClientConnection - Receiving response: HTTP/1.1 200 OK
16:11:45.731 [main] DEBUG org.apache.http.headers - << HTTP/1.1 200 OK
16:11:45.731 [main] DEBUG org.apache.http.headers - << Date: Sun, 04 Jun 2023 09:11:46 GMT
16:11:45.731 [main] DEBUG org.apache.http.headers - << Content-Type: application/json; charset=utf-8
16:11:45.731 [main] DEBUG org.apache.http.headers - << Transfer-Encoding: chunked
16:11:45.731 [main] DEBUG org.apache.http.headers - << Connection: keep-alive
16:11:45.731 [main] DEBUG org.apache.http.headers - << Access-Control-Allow-Origin: *
16:11:45.731 [main] DEBUG org.apache.http.headers - << Etag: W/"98-FueS8YJKf9HcsmE4V1GOHtP4TxI"
16:11:45.731 [main] DEBUG org.apache.http.headers - << X-Powered-By: Express
16:11:45.731 [main] DEBUG org.apache.http.headers - << CF-Cache-Status: DYNAMIC
16:11:45.731 [main] DEBUG org.apache.http.headers - << Report-To: {"endpoints":[{"url":"https:\/\/a.nel.cloudflare.com\/report\/v3?s=FMKyftdpfGRE0%2B%2BRcZ3%2BHLoVIVshmtAbkorBTm91GHWNvj6lHKUhvTpXgepTXVVSQyFyxXwVuzpzASOLSXbpHjW3tyGJo9lFCapPF%2FuanQNTr7drmMLbVLXqCw%2FjcpvKyyW%2B"}],"group":"cf-nel","max_age":604800}
16:11:45.731 [main] DEBUG org.apache.http.headers - << NEL: {"success_fraction":0,"report_to":"cf-nel","max_age":604800}
16:11:45.731 [main] DEBUG org.apache.http.headers - << Server: cloudflare
16:11:45.731 [main] DEBUG org.apache.http.headers - << CF-RAY: 7d1f0cc77fed6be1-SIN
16:11:45.731 [main] DEBUG org.apache.http.headers - << Content-Encoding: gzip
16:11:45.731 [main] DEBUG org.apache.http.headers - << alt-svc: h3=":443"; ma=86400
16:11:45.731 [main] DEBUG org.apache.http.impl.client.DefaultHttpClient - Connection can be kept alive indefinitely
16:11:45.731 [main] DEBUG io.restassured.internal.RestAssuredHttpBuilder - Parsing response as: application/json; charset=utf-8
16:11:45.731 [main] DEBUG org.apache.http.wire -  << "a7[\r][\n]"
16:11:45.731 [main] DEBUG org.apache.http.wire -  << "[0x1f][0x8b][0x8][0x0][0x0][0x0][0x0][0x0][0x0][0x3][0x14][0xcb][0xdb][\n]"
16:11:45.731 [main] DEBUG org.apache.http.wire -  << "[0x82]0[0x18][0x0][0xe0]w[0xd9][0x3]H[0x1e][0xc1][0xee]d[0x81][0xfc][0x13]'[0xc9]<[0xd4]][0xce][0xd3]\[0xe9]HI][0xf4][0xee][0xe1][0xf5][0xc7][0xf7]E[0xcb]$[0x9b][0x11][0x9d]Q[0xb3][0x93][0xbe][\n]"
16:11:45.731 [main] DEBUG org.apache.http.wire -  << "[0xb9]H[0x4][0x81]L[0x83]I[0x5][0xcc]0[0xa6].[0xc7][0xe0][0x81]Te[0x8e][0x89]o4;[0xd1]u[0x1]"[0x19][0xe][0xcc][0xf5][0xbd][0x84]#,[0x95]M[0xda]x[0x88]7[0x8a]a[0x86][0xd7][0xb3][0xaf]1x1[0xbb]9[0x94]uV[0xc2][0xe4]J[0xc7][0x93][0xb1]1[0xbd][0xf1][0xcc][0xaa][0x84]=[0xa9][0xce],[0xdc][0xf4][0x12]F[0xd3][0xc7]a-[0xe7]2\[0xe7]P[0xa9][0xf5][0x1d][0xf8][0x8c][0xd3][0x0][0xfd][0xfe][0x0][0x0][0x0][0xff][0xff][0x3][0x0]EC[0xfc]s[0x98][0x0][0x0][0x0]"
16:11:45.731 [main] DEBUG org.apache.http.wire -  << "[\r][\n]"
16:11:45.732 [main] DEBUG org.apache.http.wire -  << "0[\r][\n]"
16:11:45.732 [main] DEBUG org.apache.http.wire -  << "[\r][\n]"
16:11:45.732 [main] DEBUG io.restassured.internal.RestAssuredHttpBuilder - Parsed data to instance of: class org.apache.http.conn.EofSensorInputStream
16:11:45.735 [main] DEBUG org.apache.http.impl.conn.BasicClientConnectionManager - Releasing connection org.apache.http.impl.conn.ManagedClientConnectionImpl@2fb082ff
16:11:45.735 [main] DEBUG org.apache.http.impl.conn.BasicClientConnectionManager - Connection can be kept alive indefinitely
16:11:45.736 [main] DEBUG net.thucydides.core.steps.StepInterceptor - STEP DONE: I send HTTP POST request
  &amp#27;[32mWhen &amp#27;[0m&amp#27;[32mI send HTTP POST request&amp#27;[0m                         &amp#27;[90m# starter.stepdefinitions.Login.LoginSteps.iSendHTTPPOSTRequest()&amp#27;[0m
16:11:45.740 [main] DEBUG net.thucydides.core.steps.StepInterceptor - STARTING STEP: LoginSteps.iReceiveValidHTTPResponseCode200 - I receive a valid HTTP response code 200
16:11:45.741 [main] DEBUG net.thucydides.core.steps.StepInterceptor - STEP DONE: I receive a valid HTTP response code 200
  &amp#27;[32mThen &amp#27;[0m&amp#27;[32mI receive valid HTTP response code 200&amp#27;[0m           &amp#27;[90m# starter.stepdefinitions.Login.LoginSteps.iReceiveValidHTTPResponseCode200()&amp#27;[0m
16:11:45.760 [main] DEBUG net.thucydides.core.steps.StepInterceptor - STARTING STEP: PostNewProductSteps.iReceivedNewData - I received new data
  &amp#27;[31mAnd &amp#27;[0m&amp#27;[31mI received new data&amp#27;[0m                               &amp#27;[90m# starter.stepdefinitions.Product.PostNewProductSteps.iReceivedNewData()&amp#27;[0m
      &amp#27;[31mjava.lang.AssertionError: 1 expectation failed.
JSON path title doesn't match.
Expected: test product
  Actual: null

	at sun.reflect.NativeConstructorAccessorImpl.newInstance0(Native Method)
	at sun.reflect.NativeConstructorAccessorImpl.newInstance(NativeConstructorAccessorImpl.java:62)
	at sun.reflect.DelegatingConstructorAccessorImpl.newInstance(DelegatingConstructorAccessorImpl.java:45)
	at java.lang.reflect.Constructor.newInstance(Constructor.java:423)
	at org.codehaus.groovy.reflection.CachedConstructor.invoke(CachedConstructor.java:73)
	at org.codehaus.groovy.reflection.CachedConstructor.doConstructorInvoke(CachedConstructor.java:60)
	at org.codehaus.groovy.runtime.callsite.ConstructorSite$ConstructorSiteNoUnwrap.callConstructor(ConstructorSite.java:86)
	at org.codehaus.groovy.runtime.callsite.AbstractCallSite.callConstructor(AbstractCallSite.java:277)
	at io.restassured.internal.ResponseSpecificationImpl$HamcrestAssertionClosure.validate(ResponseSpecificationImpl.groovy:512)
	at io.restassured.internal.ResponseSpecificationImpl$HamcrestAssertionClosure$validate$1.call(Unknown Source)
	at io.restassured.internal.ResponseSpecificationImpl.validateResponseIfRequired(ResponseSpecificationImpl.groovy:696)
	at io.restassured.internal.ResponseSpecificationImpl.this$2$validateResponseIfRequired(ResponseSpecificationImpl.groovy)
	at sun.reflect.NativeMethodAccessorImpl.invoke0(Native Method)
	at sun.reflect.NativeMethodAccessorImpl.invoke(NativeMethodAccessorImpl.java:62)
	at sun.reflect.DelegatingMethodAccessorImpl.invoke(DelegatingMethodAccessorImpl.java:43)
	at java.lang.reflect.Method.invoke(Method.java:498)
	at org.codehaus.groovy.runtime.callsite.PlainObjectMetaMethodSite.doInvoke(PlainObjectMetaMethodSite.java:43)
	at org.codehaus.groovy.runtime.callsite.PogoMetaMethodSite$PogoCachedMethodSiteNoUnwrapNoCoerce.invoke(PogoMetaMethodSite.java:198)
	at org.codehaus.groovy.runtime.callsite.PogoMetaMethodSite.callCurrent(PogoMetaMethodSite.java:62)
	at org.codehaus.groovy.runtime.callsite.AbstractCallSite.callCurrent(AbstractCallSite.java:185)
	at io.restassured.internal.ResponseSpecificationImpl.body(ResponseSpecificationImpl.groovy:270)
	at io.restassured.specification.ResponseSpecification$body$1.callCurrent(Unknown Source)
	at io.restassured.internal.ResponseSpecificationImpl.body(ResponseSpecificationImpl.groovy:117)
	at io.restassured.internal.ValidatableResponseOptionsImpl.body(ValidatableResponseOptionsImpl.java:244)
	at starter.user.Product.PostNewProduct.lambda$iReceivedNewData$1(PostNewProduct.java:36)
	at net.serenitybdd.rest.SerenityRest.restAssuredThat(SerenityRest.java:626)
	at starter.user.Product.PostNewProduct.iReceivedNewData(PostNewProduct.java:36)
	at starter.user.Product.PostNewProduct$ByteBuddy$A2zwLhli.iReceivedNewData$accessor$kZqSmFJC(Unknown Source)
	at sun.reflect.NativeMethodAccessorImpl.invoke0(Native Method)
	at sun.reflect.NativeMethodAccessorImpl.invoke(NativeMethodAccessorImpl.java:62)
	at sun.reflect.DelegatingMethodAccessorImpl.invoke(DelegatingMethodAccessorImpl.java:43)
	at java.lang.reflect.Method.invoke(Method.java:498)
	at net.thucydides.core.steps.StepInterceptor.invokeMethod(StepInterceptor.java:518)
	at net.thucydides.core.steps.StepInterceptor.executeTestStepMethod(StepInterceptor.java:498)
	at net.thucydides.core.steps.StepInterceptor.runTestStep(StepInterceptor.java:472)
	at net.thucydides.core.steps.StepInterceptor.runOrSkipMethod(StepInterceptor.java:211)
	at net.thucydides.core.steps.StepInterceptor.testStepResult(StepInterceptor.java:198)
	at net.thucydides.core.steps.StepInterceptor.intercept(StepInterceptor.java:86)
	at net.thucydides.core.steps.ProxyConfiguration$InterceptorDispatcher.intercept(ProxyConfiguration.java:51)
	at starter.user.Product.PostNewProduct$ByteBuddy$A2zwLhli.iReceivedNewData(Unknown Source)
	at starter.stepdefinitions.Product.PostNewProductSteps.iReceivedNewData(PostNewProductSteps.java:12)
	at âœ½.I received new data(file:///E:/SEMESTER%20VI/KAMPUS%20MERDEKA/qe_putri-maulida-sito-resmi/RESTfull-API/src/test/resources/api/Product.feature:34)
&amp#27;[0m
16:11:45.799 [main] ERROR  - 
  _____   ___   ___   _____     ___     _     ___   _      ___   ___  
 |_   _| | __| / __| |_   _|   | __|   /_\   |_ _| | |    | __| |   \ 
   | |   | _|  \__ \   | |     | _|   / _ \   | |  | |__  | _|  | |) |
   |_|   |___| |___/   |_|     |_|   /_/ \_\ |___| |____| |___| |___/ 

Add new product - As admin I can add new data
-----------------------------------------------------------------------
16:11:45.799 [main] DEBUG  - RELATED ISSUES: 
16:11:45.800 [main] ERROR  -     Test failed at step: I received new data
16:11:45.800 [main] ERROR  -     1 expectation failed.JSON path title doesn't match.Expected: test product  Actual: null
]]></system-out>
  </testcase>
</testsuite>