<?xml version="1.0" encoding="UTF-8"?>
<testsuite xmlns:xsi="http://www.w3.org/2001/XMLSchema-instance" xsi:noNamespaceSchemaLocation="https://maven.apache.org/surefire/maven-failsafe-plugin/xsd/failsafe-test-report-3.0.xsd" version="3.0" name="starter.CucumberTestSuite" time="7.472" tests="5" errors="0" skipped="0" failures="0">
  <properties>
[...]
</properties>
  <testcase name="As user I have be able to settings my account" classname="Account" time="1.328">
    <system-out><![CDATA[09:12:18.792 [main] DEBUG net.thucydides.core.guice.Injectors - Created injector for module net.thucydides.core.guice.ThucydidesModule
09:12:19.202 [main] INFO io.cucumber.core.plugin.SerenityReporter - Running feature from file:///E:/SEMESTER%20VI/KAMPUS%20MERDEKA/qe_putri-maulida-sito-resmi/19_Behaviour%20Driven%20Development/praktikum/BDD-putri/src/test/resources/features/Account.feature
09:12:19.414 [main] DEBUG net.thucydides.core.guice.Injectors - Created injector for module net.thucydides.core.guice.webdriver.WebDriverModule
09:12:19.432 [main] INFO  - 

-------------------------------------------------------------------------------------
     _______. _______ .______       _______ .__   __.  __  .___________.____    ____ 
    /       ||   ____||   _  \     |   ____||  \ |  | |  | |           |\   \  /   / 
   |   (----`|  |__   |  |_)  |    |  |__   |   \|  | |  | `---|  |----` \   \/   /  
    \   \    |   __|  |      /     |   __|  |  . `  | |  |     |  |       \_    _/   
.----)   |   |  |____ |  |\  \----.|  |____ |  |\   | |  |     |  |         |  |     
|_______/    |_______|| _| `._____||_______||__| \__| |__|     |__|         |__|    
                                                                                     
 News and tutorials at http://www.serenity-bdd.info                                  
 Documentation at https://wakaleo.gitbooks.io/the-serenity-book/content/             
 Join the Serenity Community on Gitter: https://gitter.im/serenity-bdd/serenity-core 
 Serenity BDD Support and Training at http://serenity-bdd.info/#/trainingandsupport  
-------------------------------------------------------------------------------------

09:12:19.436 [main] DEBUG net.thucydides.core.steps.StepEventBus - Test suite started for story net.thucydides.core.model.Story@dffa0b88
09:12:19.448 [main] INFO  - Test Suite Started: Account
09:12:19.508 [main] INFO io.cucumber.core.plugin.SerenityReporter - Running feature from file:///E:/SEMESTER%20VI/KAMPUS%20MERDEKA/qe_putri-maulida-sito-resmi/19_Behaviour%20Driven%20Development/praktikum/BDD-putri/src/test/resources/features/Login.feature
09:12:19.516 [main] DEBUG net.thucydides.core.steps.StepEventBus - Test suite started for story net.thucydides.core.model.Story@23282f08
09:12:19.517 [main] INFO  - Test Suite Started: Login
09:12:19.518 [main] INFO io.cucumber.core.plugin.SerenityReporter - Running feature from file:///E:/SEMESTER%20VI/KAMPUS%20MERDEKA/qe_putri-maulida-sito-resmi/19_Behaviour%20Driven%20Development/praktikum/BDD-putri/src/test/resources/features/Messaging.feature
09:12:19.523 [main] DEBUG net.thucydides.core.steps.StepEventBus - Test suite started for story net.thucydides.core.model.Story@4a2e6768
09:12:19.524 [main] INFO  - Test Suite Started: Messaging
09:12:19.524 [main] INFO io.cucumber.core.plugin.SerenityReporter - Running feature from file:///E:/SEMESTER%20VI/KAMPUS%20MERDEKA/qe_putri-maulida-sito-resmi/19_Behaviour%20Driven%20Development/praktikum/BDD-putri/src/test/resources/features/Network.feature
09:12:19.530 [main] DEBUG net.thucydides.core.steps.StepEventBus - Test suite started for story net.thucydides.core.model.Story@33287aa8
09:12:19.531 [main] INFO  - Test Suite Started: Network
09:12:19.531 [main] INFO io.cucumber.core.plugin.SerenityReporter - Running feature from file:///E:/SEMESTER%20VI/KAMPUS%20MERDEKA/qe_putri-maulida-sito-resmi/19_Behaviour%20Driven%20Development/praktikum/BDD-putri/src/test/resources/features/UpdateProfile.feature
09:12:19.536 [main] DEBUG net.thucydides.core.steps.StepEventBus - Test suite started for story net.thucydides.core.model.Story@c056ac8
09:12:19.540 [main] INFO  - Test Suite Started: Update profile
09:12:19.541 [main] INFO io.cucumber.core.plugin.SerenityReporter - Running feature from file:///E:/SEMESTER%20VI/KAMPUS%20MERDEKA/qe_putri-maulida-sito-resmi/19_Behaviour%20Driven%20Development/praktikum/BDD-putri/src/test/resources/features/Account.feature
09:12:19.545 [main] DEBUG net.thucydides.core.steps.StepEventBus - Test suite started for story net.thucydides.core.model.Story@dffa0b88
09:12:19.546 [main] INFO  - Test Suite Started: Account

Scenario: As user I have be able to settings my account &amp#27;[90m# src/test/resources/features/Account.feature:6&amp#27;[0m
09:12:19.721 [main] INFO io.cucumber.core.plugin.SerenityReporter - Running feature from file:///E:/SEMESTER%20VI/KAMPUS%20MERDEKA/qe_putri-maulida-sito-resmi/19_Behaviour%20Driven%20Development/praktikum/BDD-putri/src/test/resources/features/Account.feature
09:12:20.033 [main] INFO  - 
  _____   ___   ___   _____     ___   _____     _     ___   _____   ___   ___  
 |_   _| | __| / __| |_   _|   / __| |_   _|   /_\   | _ \ |_   _| | __| |   \ 
   | |   | _|  \__ \   | |     \__ \   | |    / _ \  |   /   | |   | _|  | |) |
   |_|   |___| |___/   |_|     |___/   |_|   /_/ \_\ |_|_\   |_|   |___| |___/ 

As user I have be able to settings my account(account;as-user-i-have-be-able-to-settings-my-account)
--------------------------------------------------------------------------------
09:12:20.808 [main] DEBUG net.thucydides.core.steps.StepInterceptor - STARTING STEP: LoginSteps.onTheHomePage - I am on the home page
I am on the home page
09:12:20.812 [main] DEBUG net.thucydides.core.steps.StepInterceptor - STEP DONE: I am on the home page
  &amp#27;[32mGiven &amp#27;[0m&amp#27;[32mI am on the home page&amp#27;[0m                           &amp#27;[90m# starter.stepdefinitions.LoginSteps.onTheHomePage()&amp#27;[0m
09:12:20.853 [main] DEBUG net.thucydides.core.steps.StepInterceptor - STARTING STEP: AccountSteps.iClickMyAccountCorrectly - I click my account correctly
I click my account correctly
09:12:20.853 [main] DEBUG net.thucydides.core.steps.StepInterceptor - STEP DONE: I click my account correctly
  &amp#27;[32mWhen &amp#27;[0m&amp#27;[32mI click my account correctly&amp#27;[0m                     &amp#27;[90m# starter.stepdefinitions.AccountSteps.iClickMyAccountCorrectly()&amp#27;[0m
09:12:20.859 [main] DEBUG net.thucydides.core.steps.StepInterceptor - STARTING STEP: AccountSteps.iClickSettingsPrivacyOptions - I click settings & privacy options
I click settings & privacy options
09:12:20.859 [main] DEBUG net.thucydides.core.steps.StepInterceptor - STEP DONE: I click settings & privacy options
  &amp#27;[32mAnd &amp#27;[0m&amp#27;[32mI click settings & privacy options&amp#27;[0m                &amp#27;[90m# starter.stepdefinitions.AccountSteps.iClickSettingsPrivacyOptions()&amp#27;[0m
09:12:20.865 [main] DEBUG net.thucydides.core.steps.StepInterceptor - STARTING STEP: AccountSteps.iAmOnTheSettingsPage - I am on the settings page
I am on the settings page
09:12:20.865 [main] DEBUG net.thucydides.core.steps.StepInterceptor - STEP DONE: I am on the settings page
  &amp#27;[32mThen &amp#27;[0m&amp#27;[32mI am on the settings page&amp#27;[0m                        &amp#27;[90m# starter.stepdefinitions.AccountSteps.iAmOnTheSettingsPage()&amp#27;[0m
09:12:20.872 [main] INFO  - 
  _____   ___   ___   _____     ___     _     ___   ___   ___   ___  
 |_   _| | __| / __| |_   _|   | _ \   /_\   / __| / __| | __| |   \ 
   | |   | _|  \__ \   | |     |  _/  / _ \  \__ \ \__ \ | _|  | |) |
   |_|   |___| |___/   |_|     |_|   /_/ \_\ |___/ |___/ |___| |___/ 

As user I have be able to settings my account
----------------------------------------------------------------------
]]></system-out>
  </testcase>
  <testcase name="As user I have be able to success login" classname="Login" time="0.074">
    <system-out><![CDATA[09:12:20.882 [main] INFO io.cucumber.core.plugin.SerenityReporter - Running feature from file:///E:/SEMESTER%20VI/KAMPUS%20MERDEKA/qe_putri-maulida-sito-resmi/19_Behaviour%20Driven%20Development/praktikum/BDD-putri/src/test/resources/features/Login.feature
09:12:20.896 [main] DEBUG net.thucydides.core.steps.StepEventBus - Test suite started for story net.thucydides.core.model.Story@23282f08
09:12:20.896 [main] INFO  - Test Suite Started: Login

Scenario: As user I have be able to success login &amp#27;[90m# src/test/resources/features/Login.feature:6&amp#27;[0m
09:12:20.906 [main] INFO io.cucumber.core.plugin.SerenityReporter - Running feature from file:///E:/SEMESTER%20VI/KAMPUS%20MERDEKA/qe_putri-maulida-sito-resmi/19_Behaviour%20Driven%20Development/praktikum/BDD-putri/src/test/resources/features/Login.feature
09:12:20.911 [main] INFO  - 
  _____   ___   ___   _____     ___   _____     _     ___   _____   ___   ___  
 |_   _| | __| / __| |_   _|   / __| |_   _|   /_\   | _ \ |_   _| | __| |   \ 
   | |   | _|  \__ \   | |     \__ \   | |    / _ \  |   /   | |   | _|  | |) |
   |_|   |___| |___/   |_|     |___/   |_|   /_/ \_\ |_|_\   |_|   |___| |___/ 

As user I have be able to success login(login;as-user-i-have-be-able-to-success-login)
--------------------------------------------------------------------------------
09:12:20.934 [main] DEBUG net.thucydides.core.steps.StepInterceptor - STARTING STEP: LoginSteps.onTheLoginPage - I am on the login page
I am on the login page
09:12:20.938 [main] DEBUG net.thucydides.core.steps.StepInterceptor - STEP DONE: I am on the login page
  &amp#27;[32mGiven &amp#27;[0m&amp#27;[32mI am on the login page&amp#27;[0m                    &amp#27;[90m# starter.stepdefinitions.LoginSteps.onTheLoginPage()&amp#27;[0m
09:12:20.944 [main] DEBUG net.thucydides.core.steps.StepInterceptor - STARTING STEP: LoginSteps.enterUsernameAndPassword - I enter my username and password correctly
I enter my username and password correctly
09:12:20.944 [main] DEBUG net.thucydides.core.steps.StepInterceptor - STEP DONE: I enter my username and password correctly
  &amp#27;[32mWhen &amp#27;[0m&amp#27;[32mI enter my username and password correctly&amp#27;[0m &amp#27;[90m# starter.stepdefinitions.LoginSteps.enterUsernameAndPassword()&amp#27;[0m
09:12:20.952 [main] DEBUG net.thucydides.core.steps.StepInterceptor - STARTING STEP: LoginSteps.clickLoginButton - I click login button
I click login button
09:12:20.954 [main] DEBUG net.thucydides.core.steps.StepInterceptor - STEP DONE: I click login button
  &amp#27;[32mAnd &amp#27;[0m&amp#27;[32mI click login button&amp#27;[0m                        &amp#27;[90m# starter.stepdefinitions.LoginSteps.clickLoginButton()&amp#27;[0m
09:12:20.964 [main] DEBUG net.thucydides.core.steps.StepInterceptor - STARTING STEP: LoginSteps.onTheHomePage - I am on the home page
I am on the home page
09:12:20.964 [main] DEBUG net.thucydides.core.steps.StepInterceptor - STEP DONE: I am on the home page
  &amp#27;[32mThen &amp#27;[0m&amp#27;[32mI am on the home page&amp#27;[0m                      &amp#27;[90m# starter.stepdefinitions.LoginSteps.onTheHomePage()&amp#27;[0m
09:12:20.968 [main] INFO  - 
  _____   ___   ___   _____     ___     _     ___   ___   ___   ___  
 |_   _| | __| / __| |_   _|   | _ \   /_\   / __| / __| | __| |   \ 
   | |   | _|  \__ \   | |     |  _/  / _ \  \__ \ \__ \ | _|  | |) |
   |_|   |___| |___/   |_|     |_|   /_/ \_\ |___/ |___/ |___| |___/ 

As user I have be able to success login
----------------------------------------------------------------------
]]></system-out>
  </testcase>
  <testcase name="As user I have be able to create new message" classname="Messaging" time="0.105">
    <system-out><![CDATA[09:12:20.974 [main] INFO io.cucumber.core.plugin.SerenityReporter - Running feature from file:///E:/SEMESTER%20VI/KAMPUS%20MERDEKA/qe_putri-maulida-sito-resmi/19_Behaviour%20Driven%20Development/praktikum/BDD-putri/src/test/resources/features/Messaging.feature
09:12:20.979 [main] DEBUG net.thucydides.core.steps.StepEventBus - Test suite started for story net.thucydides.core.model.Story@4a2e6768
09:12:20.979 [main] INFO  - Test Suite Started: Messaging

Scenario: As user I have be able to create new message &amp#27;[90m# src/test/resources/features/Messaging.feature:6&amp#27;[0m
09:12:20.995 [main] INFO io.cucumber.core.plugin.SerenityReporter - Running feature from file:///E:/SEMESTER%20VI/KAMPUS%20MERDEKA/qe_putri-maulida-sito-resmi/19_Behaviour%20Driven%20Development/praktikum/BDD-putri/src/test/resources/features/Messaging.feature
09:12:20.997 [main] INFO  - 
  _____   ___   ___   _____     ___   _____     _     ___   _____   ___   ___  
 |_   _| | __| / __| |_   _|   / __| |_   _|   /_\   | _ \ |_   _| | __| |   \ 
   | |   | _|  \__ \   | |     \__ \   | |    / _ \  |   /   | |   | _|  | |) |
   |_|   |___| |___/   |_|     |___/   |_|   /_/ \_\ |_|_\   |_|   |___| |___/ 

As user I have be able to create new message(messaging;as-user-i-have-be-able-to-create-new-message)
--------------------------------------------------------------------------------
09:12:21.023 [main] DEBUG net.thucydides.core.steps.StepInterceptor - STARTING STEP: LoginSteps.onTheHomePage - I am on the home page
I am on the home page
09:12:21.024 [main] DEBUG net.thucydides.core.steps.StepInterceptor - STEP DONE: I am on the home page
  &amp#27;[32mGiven &amp#27;[0m&amp#27;[32mI am on the home page&amp#27;[0m                          &amp#27;[90m# starter.stepdefinitions.LoginSteps.onTheHomePage()&amp#27;[0m
09:12:21.054 [main] DEBUG net.thucydides.core.steps.StepInterceptor - STARTING STEP: MessagingSteps.iClickPenButton - I click pen button
I click pen button
09:12:21.054 [main] DEBUG net.thucydides.core.steps.StepInterceptor - STEP DONE: I click pen button
  &amp#27;[32mWhen &amp#27;[0m&amp#27;[32mI click pen button&amp#27;[0m                              &amp#27;[90m# starter.stepdefinitions.MessagingSteps.iClickPenButton()&amp#27;[0m
09:12:21.059 [main] DEBUG net.thucydides.core.steps.StepInterceptor - STARTING STEP: MessagingSteps.iEnterNameOrMultipleNames - I enter name or multiple names
I enter name or multiple names
09:12:21.060 [main] DEBUG net.thucydides.core.steps.StepInterceptor - STEP DONE: I enter name or multiple names
  &amp#27;[32mAnd &amp#27;[0m&amp#27;[32mI enter name or multiple names&amp#27;[0m                   &amp#27;[90m# starter.stepdefinitions.MessagingSteps.iEnterNameOrMultipleNames()&amp#27;[0m
09:12:21.065 [main] DEBUG net.thucydides.core.steps.StepInterceptor - STARTING STEP: MessagingSteps.iWriteAMessage - I write a message
I write a message
09:12:21.065 [main] DEBUG net.thucydides.core.steps.StepInterceptor - STEP DONE: I write a message
  &amp#27;[32mAnd &amp#27;[0m&amp#27;[32mI write a message&amp#27;[0m                                &amp#27;[90m# starter.stepdefinitions.MessagingSteps.iWriteAMessage()&amp#27;[0m
09:12:21.073 [main] DEBUG net.thucydides.core.steps.StepInterceptor - STARTING STEP: MessagingSteps.iClickSendButton - I click send button
I click send button
09:12:21.073 [main] DEBUG net.thucydides.core.steps.StepInterceptor - STEP DONE: I click send button
  &amp#27;[32mAnd &amp#27;[0m&amp#27;[32mI click send button&amp#27;[0m                              &amp#27;[90m# starter.stepdefinitions.MessagingSteps.iClickSendButton()&amp#27;[0m
09:12:21.079 [main] DEBUG net.thucydides.core.steps.StepInterceptor - STARTING STEP: MessagingSteps.iHaveSuccessfullySendTheMessage - I have successfully send the message
I have successfully send the message
09:12:21.080 [main] DEBUG net.thucydides.core.steps.StepInterceptor - STEP DONE: I have successfully send the message
  &amp#27;[32mThen &amp#27;[0m&amp#27;[32mI have successfully send the message&amp#27;[0m            &amp#27;[90m# starter.stepdefinitions.MessagingSteps.iHaveSuccessfullySendTheMessage()&amp#27;[0m
09:12:21.084 [main] INFO  - 
  _____   ___   ___   _____     ___     _     ___   ___   ___   ___  
 |_   _| | __| / __| |_   _|   | _ \   /_\   / __| / __| | __| |   \ 
   | |   | _|  \__ \   | |     |  _/  / _ \  \__ \ \__ \ | _|  | |) |
   |_|   |___| |___/   |_|     |_|   /_/ \_\ |___/ |___/ |___| |___/ 

As user I have be able to create new message
----------------------------------------------------------------------
]]></system-out>
  </testcase>
  <testcase name="As user I have be able to find my connection" classname="Network" time="0.17">
    <system-out><![CDATA[09:12:21.085 [main] INFO io.cucumber.core.plugin.SerenityReporter - Running feature from file:///E:/SEMESTER%20VI/KAMPUS%20MERDEKA/qe_putri-maulida-sito-resmi/19_Behaviour%20Driven%20Development/praktikum/BDD-putri/src/test/resources/features/Network.feature
09:12:21.094 [main] DEBUG net.thucydides.core.steps.StepEventBus - Test suite started for story net.thucydides.core.model.Story@33287aa8
09:12:21.095 [main] INFO  - Test Suite Started: Network

Scenario: As user I have be able to find my connection &amp#27;[90m# src/test/resources/features/Network.feature:6&amp#27;[0m
09:12:21.105 [main] INFO io.cucumber.core.plugin.SerenityReporter - Running feature from file:///E:/SEMESTER%20VI/KAMPUS%20MERDEKA/qe_putri-maulida-sito-resmi/19_Behaviour%20Driven%20Development/praktikum/BDD-putri/src/test/resources/features/Network.feature
09:12:21.118 [main] INFO  - 
  _____   ___   ___   _____     ___   _____     _     ___   _____   ___   ___  
 |_   _| | __| / __| |_   _|   / __| |_   _|   /_\   | _ \ |_   _| | __| |   \ 
   | |   | _|  \__ \   | |     \__ \   | |    / _ \  |   /   | |   | _|  | |) |
   |_|   |___| |___/   |_|     |___/   |_|   /_/ \_\ |_|_\   |_|   |___| |___/ 

As user I have be able to find my connection(network;as-user-i-have-be-able-to-find-my-connection)
--------------------------------------------------------------------------------
09:12:21.180 [main] DEBUG net.thucydides.core.steps.StepInterceptor - STARTING STEP: LoginSteps.onTheHomePage - I am on the home page
I am on the home page
09:12:21.181 [main] DEBUG net.thucydides.core.steps.StepInterceptor - STEP DONE: I am on the home page
  &amp#27;[32mGiven &amp#27;[0m&amp#27;[32mI am on the home page&amp#27;[0m                          &amp#27;[90m# starter.stepdefinitions.LoginSteps.onTheHomePage()&amp#27;[0m
09:12:21.236 [main] DEBUG net.thucydides.core.steps.StepInterceptor - STARTING STEP: NetworkSteps.iClickMyNetworkButton - I click my network button
I click my network button
09:12:21.237 [main] DEBUG net.thucydides.core.steps.StepInterceptor - STEP DONE: I click my network button
  &amp#27;[32mWhen &amp#27;[0m&amp#27;[32mI click my network button&amp#27;[0m                       &amp#27;[90m# starter.stepdefinitions.NetworkSteps.iClickMyNetworkButton()&amp#27;[0m
09:12:21.248 [main] DEBUG net.thucydides.core.steps.StepInterceptor - STARTING STEP: NetworkSteps.iClickConnections - I click connections
I click connections
09:12:21.249 [main] DEBUG net.thucydides.core.steps.StepInterceptor - STEP DONE: I click connections
  &amp#27;[32mAnd &amp#27;[0m&amp#27;[32mI click connections&amp#27;[0m                              &amp#27;[90m# starter.stepdefinitions.NetworkSteps.iClickConnections()&amp#27;[0m
09:12:21.254 [main] DEBUG net.thucydides.core.steps.StepInterceptor - STARTING STEP: NetworkSteps.iAmOnTheConnectionsPage - I am on the connections page
I am on the connections page
09:12:21.262 [main] DEBUG net.thucydides.core.steps.StepInterceptor - STEP DONE: I am on the connections page
  &amp#27;[32mThen &amp#27;[0m&amp#27;[32mI am on the connections page&amp#27;[0m                    &amp#27;[90m# starter.stepdefinitions.NetworkSteps.iAmOnTheConnectionsPage()&amp#27;[0m
09:12:21.264 [main] INFO  - 
  _____   ___   ___   _____     ___     _     ___   ___   ___   ___  
 |_   _| | __| / __| |_   _|   | _ \   /_\   / __| / __| | __| |   \ 
   | |   | _|  \__ \   | |     |  _/  / _ \  \__ \ \__ \ | _|  | |) |
   |_|   |___| |___/   |_|     |_|   /_/ \_\ |___/ |___/ |___| |___/ 

As user I have be able to find my connection
----------------------------------------------------------------------
]]></system-out>
  </testcase>
  <testcase name="As user I have be able to update my profile" classname="UpdateProfile" time="0.134">
    <system-out><![CDATA[09:12:21.268 [main] INFO io.cucumber.core.plugin.SerenityReporter - Running feature from file:///E:/SEMESTER%20VI/KAMPUS%20MERDEKA/qe_putri-maulida-sito-resmi/19_Behaviour%20Driven%20Development/praktikum/BDD-putri/src/test/resources/features/UpdateProfile.feature
09:12:21.274 [main] DEBUG net.thucydides.core.steps.StepEventBus - Test suite started for story net.thucydides.core.model.Story@c056ac8
09:12:21.274 [main] INFO  - Test Suite Started: Update profile

Scenario: As user I have be able to update my profile &amp#27;[90m# src/test/resources/features/UpdateProfile.feature:6&amp#27;[0m
09:12:21.294 [main] INFO io.cucumber.core.plugin.SerenityReporter - Running feature from file:///E:/SEMESTER%20VI/KAMPUS%20MERDEKA/qe_putri-maulida-sito-resmi/19_Behaviour%20Driven%20Development/praktikum/BDD-putri/src/test/resources/features/UpdateProfile.feature
09:12:21.307 [main] INFO  - 
  _____   ___   ___   _____     ___   _____     _     ___   _____   ___   ___  
 |_   _| | __| / __| |_   _|   / __| |_   _|   /_\   | _ \ |_   _| | __| |   \ 
   | |   | _|  \__ \   | |     \__ \   | |    / _ \  |   /   | |   | _|  | |) |
   |_|   |___| |___/   |_|     |___/   |_|   /_/ \_\ |_|_\   |_|   |___| |___/ 

As user I have be able to update my profile(updateprofile;as-user-i-have-be-able-to-update-my-profile)
--------------------------------------------------------------------------------
09:12:21.324 [main] DEBUG net.thucydides.core.steps.StepInterceptor - STARTING STEP: LoginSteps.onTheHomePage - I am on the home page
I am on the home page
09:12:21.324 [main] DEBUG net.thucydides.core.steps.StepInterceptor - STEP DONE: I am on the home page
  &amp#27;[32mGiven &amp#27;[0m&amp#27;[32mI am on the home page&amp#27;[0m                         &amp#27;[90m# starter.stepdefinitions.LoginSteps.onTheHomePage()&amp#27;[0m
09:12:21.357 [main] DEBUG net.thucydides.core.steps.StepInterceptor - STARTING STEP: UpdateProfileSteps.iClickMyProfileCorrectly - I click my profile correctly
I click my profile correctly
09:12:21.358 [main] DEBUG net.thucydides.core.steps.StepInterceptor - STEP DONE: I click my profile correctly
  &amp#27;[32mWhen &amp#27;[0m&amp#27;[32mI click my profile correctly&amp#27;[0m                   &amp#27;[90m# starter.stepdefinitions.UpdateProfileSteps.iClickMyProfileCorrectly()&amp#27;[0m
09:12:21.391 [main] DEBUG net.thucydides.core.steps.StepInterceptor - STARTING STEP: UpdateProfileSteps.iClickPenIconOptions - I click pen icon options
I click pen icon options
09:12:21.391 [main] DEBUG net.thucydides.core.steps.StepInterceptor - STEP DONE: I click pen icon options
  &amp#27;[32mAnd &amp#27;[0m&amp#27;[32mI click pen icon options&amp#27;[0m                        &amp#27;[90m# starter.stepdefinitions.UpdateProfileSteps.iClickPenIconOptions()&amp#27;[0m
09:12:21.396 [main] DEBUG net.thucydides.core.steps.StepInterceptor - STARTING STEP: UpdateProfileSteps.iAmOnTheUpdateProfilePage - I am on the update profile page
I am on the update profile page
09:12:21.397 [main] DEBUG net.thucydides.core.steps.StepInterceptor - STEP DONE: I am on the update profile page
  &amp#27;[32mAnd &amp#27;[0m&amp#27;[32mI am on the update profile page&amp#27;[0m                 &amp#27;[90m# starter.stepdefinitions.UpdateProfileSteps.iAmOnTheUpdateProfilePage()&amp#27;[0m
09:12:21.402 [main] DEBUG net.thucydides.core.steps.StepInterceptor - STARTING STEP: UpdateProfileSteps.iClickSaveButton - I click save button
I click save button
09:12:21.402 [main] DEBUG net.thucydides.core.steps.StepInterceptor - STEP DONE: I click save button
  &amp#27;[32mThen &amp#27;[0m&amp#27;[32mI click save button&amp#27;[0m                            &amp#27;[90m# starter.stepdefinitions.UpdateProfileSteps.iClickSaveButton()&amp#27;[0m
09:12:21.407 [main] INFO  - 
  _____   ___   ___   _____     ___     _     ___   ___   ___   ___  
 |_   _| | __| / __| |_   _|   | _ \   /_\   / __| / __| | __| |   \ 
   | |   | _|  \__ \   | |     |  _/  / _ \  \__ \ \__ \ | _|  | |) |
   |_|   |___| |___/   |_|     |_|   /_/ \_\ |___/ |___/ |___| |___/ 

As user I have be able to update my profile
----------------------------------------------------------------------
]]></system-out>
  </testcase>
</testsuite>